<Event xmlns='http://schemas.microsoft.com/win/2004/08/events/event'><System><Provider Name='Microsoft-Windows-Security-SPP' Guid='{E23B33B0-C8C9-472C-A5F9-F2BDFEA0F156}' EventSourceName='Software Protection Platform Service'/><EventID Qualifiers='49152'>16394</EventID><Version>0</Version><Level>4</Level><Task>0</Task><Opcode>0</Opcode><Keywords>0x80000000000000</Keywords><TimeCreated SystemTime='2025-11-05T16:34:03.4339867Z'/><EventRecordID>77731</EventRecordID><Correlation/><Execution ProcessID='9612' ThreadID='0'/><Channel>Application</Channel><Computer>Redzep</Computer><Security/></System><EventData></EventData></Event><Event xmlns='http://schemas.microsoft.com/win/2004/08/events/event'><System><Provider Name='Microsoft-Windows-Security-SPP' Guid='{E23B33B0-C8C9-472C-A5F9-F2BDFEA0F156}' EventSourceName='Software Protection Platform Service'/><EventID Qualifiers='16384'>16384</EventID><Version>0</Version><Level>4</Level><Task>0</Task><Opcode>0</Opcode><Keywords>0x80000000000000</Keywords><TimeCreated SystemTime='2025-11-05T16:34:33.8209421Z'/><EventRecordID>77732</EventRecordID><Correlation/><Execution ProcessID='9612' ThreadID='0'/><Channel>Application</Channel><Computer>Redzep</Computer><Security/></System><EventData><Data>2025-11-11T08:16:33Z</Data><Data>RulesEngine</Data></EventData></Event><Event xmlns='http://schemas.microsoft.com/win/2004/08/events/event'><System><Provider Name='Microsoft-Windows-Security-SPP' Guid='{E23B33B0-C8C9-472C-A5F9-F2BDFEA0F156}' EventSourceName='Software Protection Platform Service'/><EventID Qualifiers='49152'>16394</EventID><Version>0</Version><Level>4</Level><Task>0</Task><Opcode>0</Opcode><Keywords>0x80000000000000</Keywords><TimeCreated SystemTime='2025-11-05T17:04:16.8991555Z'/><EventRecordID>77733</EventRecordID><Correlation/><Execution ProcessID='8344' ThreadID='0'/><Channel>Application</Channel><Computer>Redzep</Computer><Security/></System><EventData></EventData></Event><Event xmlns='http://schemas.microsoft.com/win/2004/08/events/event'><System><Provider Name='Microsoft-Windows-Security-SPP' Guid='{E23B33B0-C8C9-472C-A5F9-F2BDFEA0F156}' EventSourceName='Software Protection Platform Service'/><EventID Qualifiers='16384'>16384</EventID><Version>0</Version><Level>4</Level><Task>0</Task><Opcode>0</Opcode><Keywords>0x80000000000000</Keywords><TimeCreated SystemTime='2025-11-05T17:04:47.1275805Z'/><EventRecordID>77734</EventRecordID><Correlation/><Execution ProcessID='8344' ThreadID='0'/><Channel>Application</Channel><Computer>Redzep</Computer><Security/></System><EventData><Data>2025-11-11T08:16:47Z</Data><Data>RulesEngine</Data></EventData></Event><Event xmlns='http://schemas.microsoft.com/win/2004/08/events/event'><System><Provider Name='Microsoft-Windows-Security-SPP' Guid='{E23B33B0-C8C9-472C-A5F9-F2BDFEA0F156}' EventSourceName='Software Protection Platform Service'/><EventID Qualifiers='49152'>16394</EventID><Version>0</Version><Level>4</Level><Task>0</Task><Opcode>0</Opcode><Keywords>0x80000000000000</Keywords><TimeCreated SystemTime='2025-11-05T17:09:57.8439621Z'/><EventRecordID>77735</EventRecordID><Correlation/><Execution ProcessID='19016' ThreadID='0'/><Channel>Application</Channel><Computer>Redzep</Computer><Security/></System><EventData></EventData></Event><Event xmlns='http://schemas.microsoft.com/win/2004/08/events/event'><System><Provider Name='Microsoft-Windows-RestartManager' Guid='{0888e5ef-9b98-4695-979d-e92ce4247224}'/><EventID>10000</EventID><Version>0</Version><Level>4</Level><Task>0</Task><Opcode>0</Opcode><Keywords>0x8000000000000000</Keywords><TimeCreated SystemTime='2025-11-05T17:10:08.4045625Z'/><EventRecordID>77736</EventRecordID><Correlation/><Execution ProcessID='5540' ThreadID='11912'/><Channel>Application</Channel><Computer>Redzep</Computer><Security UserID='S-1-5-21-2249670643-648898893-1642193712-1002'/></System><UserData><RmSessionEvent xmlns='http://www.microsoft.com/2005/08/Windows/Reliability/RestartManager/'><RmSessionId>1</RmSessionId><UTCStartTime>2025-11-05T17:10:08.4036919Z</UTCStartTime></RmSessionEvent></UserData></Event><Event xmlns='http://schemas.microsoft.com/win/2004/08/events/event'><System><Provider Name='Microsoft-Windows-Security-SPP' Guid='{E23B33B0-C8C9-472C-A5F9-F2BDFEA0F156}' EventSourceName='Software Protection Platform Service'/><EventID Qualifiers='16384'>16384</EventID><Version>0</Version><Level>4</Level><Task>0</Task><Opcode>0</Opcode><Keywords>0x80000000000000</Keywords><TimeCreated SystemTime='2025-11-05T17:10:28.0687536Z'/><EventRecordID>77737</EventRecordID><Correlation/><Execution ProcessID='19016' ThreadID='0'/><Channel>Application</Channel><Computer>Redzep</Computer><Security/></System><EventData><Data>2025-11-11T08:16:28Z</Data><Data>RulesEngine</Data></EventData></Event><Event xmlns='http://schemas.microsoft.com/win/2004/08/events/event'><System><Provider Name='Microsoft-Windows-RestartManager' Guid='{0888e5ef-9b98-4695-979d-e92ce4247224}'/><EventID>10001</EventID><Version>0</Version><Level>4</Level><Task>0</Task><Opcode>0</Opcode><Keywords>0x8000000000000000</Keywords><TimeCreated SystemTime='2025-11-05T17:10:37.2764574Z'/><EventRecordID>77738</EventRecordID><Correlation/><Execution ProcessID='5540' ThreadID='11912'/><Channel>Application</Channel><Computer>Redzep</Computer><Security UserID='S-1-5-21-2249670643-648898893-1642193712-1002'/></System><UserData><RmSessionEvent xmlns='http://www.microsoft.com/2005/08/Windows/Reliability/RestartManager/'><RmSessionId>1</RmSessionId><UTCStartTime>2025-11-05T17:10:08.4036919Z</UTCStartTime></RmSessionEvent></UserData></Event><Event xmlns='http://schemas.microsoft.com/win/2004/08/events/event'><System><Provider Name='Microsoft-Windows-Defrag'/><EventID Qualifiers='32768'>264</EventID><Version>0</Version><Level>4</Level><Task>0</Task><Opcode>0</Opcode><Keywords>0x80000000000000</Keywords><TimeCreated SystemTime='2025-11-05T17:12:28.3225664Z'/><EventRecordID>77739</EventRecordID><Correlation/><Execution ProcessID='9204' ThreadID='0'/><Channel>Application</Channel><Computer>Redzep</Computer><Security/></System><EventData><Data>birle■tirme</Data><Data>(C:)</Data><Data>Kullan²c² i■lemi iptal etti. (0x89000006)</Data><Binary>06000089ED0100003C0100003F01000022B651A2296BEDD85E9C8D030000000000000000</Binary></EventData></Event><Event xmlns='http://schemas.microsoft.com/win/2004/08/events/event'><System><Provider Name='Microsoft-Windows-Security-SPP' Guid='{E23B33B0-C8C9-472C-A5F9-F2BDFEA0F156}' EventSourceName='Software Protection Platform Service'/><EventID Qualifiers='49152'>16394</EventID><Version>0</Version><Level>4</Level><Task>0</Task><Opcode>0</Opcode><Keywords>0x80000000000000</Keywords><TimeCreated SystemTime='2025-11-05T17:54:28.0571532Z'/><EventRecordID>77740</EventRecordID><Correlation/><Execution ProcessID='2468' ThreadID='0'/><Channel>Application</Channel><Computer>Redzep</Computer><Security/></System><EventData></EventData></Event><Event xmlns='http://schemas.microsoft.com/win/2004/08/events/event'><System><Provider Name='Microsoft-Windows-Security-SPP' Guid='{E23B33B0-C8C9-472C-A5F9-F2BDFEA0F156}' EventSourceName='Software Protection Platform Service'/><EventID Qualifiers='16384'>16384</EventID><Version>0</Version><Level>4</Level><Task>0</Task><Opcode>0</Opcode><Keywords>0x80000000000000</Keywords><TimeCreated SystemTime='2025-11-05T17:55:00.4870873Z'/><EventRecordID>77741</EventRecordID><Correlation/><Execution ProcessID='2468' ThreadID='0'/><Channel>Application</Channel><Computer>Redzep</Computer><Security/></System><EventData><Data>2025-11-11T08:17:00Z</Data><Data>RulesEngine</Data></EventData></Event><Event xmlns='http://schemas.microsoft.com/win/2004/08/events/event'><System><Provider Name='Microsoft-Windows-Security-SPP' Guid='{E23B33B0-C8C9-472C-A5F9-F2BDFEA0F156}' EventSourceName='Software Protection Platform Service'/><EventID Qualifiers='49152'>16394</EventID><Version>0</Version><Level>4</Level><Task>0</Task><Opcode>0</Opcode><Keywords>0x80000000000000</Keywords><TimeCreated SystemTime='2025-11-05T18:02:28.0253294Z'/><EventRecordID>77742</EventRecordID><Correlation/><Execution ProcessID='7408' ThreadID='0'/><Channel>Application</Channel><Computer>Redzep</Computer><Security/></System><EventData></EventData></Event><Event xmlns='http://schemas.microsoft.com/win/2004/08/events/event'><System><Provider Name='Microsoft-Windows-Security-SPP' Guid='{E23B33B0-C8C9-472C-A5F9-F2BDFEA0F156}' EventSourceName='Software Protection Platform Service'/><EventID Qualifiers='16384'>16384</EventID><Version>0</Version><Level>4</Level><Task>0</Task><Opcode>0</Opcode><Keywords>0x80000000000000</Keywords><TimeCreated SystemTime='2025-11-05T18:02:58.2445530Z'/><EventRecordID>77743</EventRecordID><Correlation/><Execution ProcessID='7408' ThreadID='0'/><Channel>Application</Channel><Computer>Redzep</Computer><Security/></System><EventData><Data>2025-11-11T08:16:58Z</Data><Data>RulesEngine</Data></EventData></Event><Event xmlns='http://schemas.microsoft.com/win/2004/08/events/event'><System><Provider Name='Microsoft-Windows-Security-SPP' Guid='{E23B33B0-C8C9-472C-A5F9-F2BDFEA0F156}' EventSourceName='Software Protection Platform Service'/><EventID Qualifiers='49152'>16394</EventID><Version>0</Version><Level>4</Level><Task>0</Task><Opcode>0</Opcode><Keywords>0x80000000000000</Keywords><TimeCreated SystemTime='2025-11-05T18:33:55.5378016Z'/><EventRecordID>77744</EventRecordID><Correlation/><Execution ProcessID='14788' ThreadID='0'/><Channel>Application</Channel><Computer>Redzep</Computer><Security/></System><EventData></EventData></Event><Event xmlns='http://schemas.microsoft.com/win/2004/08/events/event'><System><Provider Name='ESENT'/><EventID Qualifiers='0'>102</EventID><Version>0</Version><Level>4</Level><Task>1</Task><Opcode>0</Opcode><Keywords>0x80000000000000</Keywords><TimeCreated SystemTime='2025-11-05T18:33:55.9698545Z'/><EventRecordID>77745</EventRecordID><Correlation/><Execution ProcessID='19684' ThreadID='0'/><Channel>Application</Channel><Computer>Redzep</Computer><Security/></System><EventData><Data>svchost</Data><Data>19684,P,98,0</Data><Data>DS_Token_DB: </Data><Data>0</Data><Data>10</Data><Data>00</Data><Data>26200</Data><Data>0000</Data></EventData></Event><Event xmlns='http://schemas.microsoft.com/win/2004/08/events/event'><System><Provider Name='ESENT'/><EventID Qualifiers='0'>300</EventID><Version>0</Version><Level>4</Level><Task>3</Task><Opcode>0</Opcode><Keywords>0x80000000000000</Keywords><TimeCreated SystemTime='2025-11-05T18:33:56.0680508Z'/><EventRecordID>77746</EventRecordID><Correlation/><Execution ProcessID='19684' ThreadID='0'/><Channel>Application</Channel><Computer>Redzep</Computer><Security/></System><EventData><Data>svchost</Data><Data>19684,R,98,0</Data><Data>DS_Token_DB: </Data></EventData></Event><Event xmlns='http://schemas.microsoft.com/win/2004/08/events/event'><System><Provider Name='ESENT'/><EventID Qualifiers='0'>301</EventID><Version>0</Version><Level>4</Level><Task>3</Task><Opcode>0</Opcode><Keywords>0x80000000000000</Keywords><TimeCreated SystemTime='2025-11-05T18:33:56.0952122Z'/><EventRecordID>77747</EventRecordID><Correlation/><Execution ProcessID='19684' ThreadID='0'/><Channel>Application</Channel><Computer>Redzep</Computer><Security/></System><EventData><Data>svchost</Data><Data>19684,R,98,0</Data><Data>DS_Token_DB: </Data><Data>C:\WINDOWS\system32\config\systemprofile\AppData\Local\DataSharing\Storage\DSS.log</Data><Data>
[1] 0.017130 -0.002482 (7) WT +J(CM:0, PgRf:0, Rd:0/0, Dy:0/0, Lg:12168/8) +M(C:0K, Fs:83, WS:252K # 196K, PF:140K # 76K, P:140K).</Data><Data>AttachDB </Data><Data>1</Data></EventData></Event><Event xmlns='http://schemas.microsoft.com/win/2004/08/events/event'><System><Provider Name='ESENT'/><EventID Qualifiers='0'>302</EventID><Version>0</Version><Level>4</Level><Task>3</Task><Opcode>0</Opcode><Keywords>0x80000000000000</Keywords><TimeCreated SystemTime='2025-11-05T18:33:56.1343731Z'/><EventRecordID>77748</EventRecordID><Correlation/><Execution ProcessID='19684' ThreadID='0'/><Channel>Application</Channel><Computer>Redzep</Computer><Security/></System><EventData><Data>svchost</Data><Data>19684,U,98,0</Data><Data>DS_Token_DB: </Data></EventData></Event><Event xmlns='http://schemas.microsoft.com/win/2004/08/events/event'><System><Provider Name='ESENT'/><EventID Qualifiers='0'>105</EventID><Version>0</Version><Level>4</Level><Task>1</Task><Opcode>0</Opcode><Keywords>0x80000000000000</Keywords><TimeCreated SystemTime='2025-11-05T18:33:56.1393570Z'/><EventRecordID>77749</EventRecordID><Correlation/><Execution ProcessID='19684' ThreadID='0'/><Channel>Application</Channel><Computer>Redzep</Computer><Security/></System><EventData><Data>svchost</Data><Data>19684,D,0,0</Data><Data>DS_Token_DB: </Data><Data>0</Data><Data>0.178</Data><Data>
[1] 0.000849 +J(0) +M(C:0K, Fs:166, WS:640K # 640K, PF:3024K # 3024K, P:3024K)
[2] 0.000303 +J(0) +M(C:8K, Fs:147, WS:580K # 580K, PF:1276K # 1276K, P:1276K)
[3] 0.000013 +J(0) +M(C:0K, Fs:11, WS:40K # 40K, PF:68K # 68K, P:68K)
[4] 0.000141 +J(0) +M(C:0K, Fs:109, WS:436K # 436K, PF:200K # 200K, P:200K)
[5] 0.007079 +J(0) +M(C:0K, Fs:117, WS:468K # 468K, PF:28K # 28K, P:28K)
[6] 0.007862 +J(0) +M(C:0K, Fs:43, WS:172K # 172K, PF:12K # 12K, P:12K)
[7] 0.086056 -0.042293 (2) WT +J(0) +M(C:0K, Fs:39, WS:156K # 156K, PF:64K # 64K, P:64K)
[8] 0.031513 -0.009068 (11) WT +J(CM:0, PgRf:0, Rd:0/0, Dy:0/0, Lg:12168/8) +M(C:0K, Fs:136, WS:388K # 392K, PF:220K # 224K, P:220K)
[9] 0.000857 +J(0) +M(C:0K, Fs:13, WS:52K # 48K, PF:4K # 0K, P:4K)
[10] 0.001279 -0.000599 (1) WT +J(0) +M(C:0K, Fs:2, WS:-52K # 8K, PF:-60K # 0K, P:-60K)
[11] 0.000035 +J(CM:0, PgRf:0, Rd:0/0, Dy:0/0, Lg:49/1) +M(C:0K, Fs:5, WS:20K # 0K, PF:0K # 0K, P:0K)
[12] 0.000049 +J(0)
[13] 0.041539 -0.000604 (2) CM -0.002838 (18) WT +J(CM:2, PgRf:2, Rd:0/2, Dy:0/0, Lg:8759/5) +M(C:0K, Fs:72, WS:176K # 200K, PF:180K # 188K, P:180K)
[14] 0.000017 +J(0)
[15] 0.000010 +J(0)
[16] 0.000646 -0.000083 (1) WT +J(0) +M(C:0K, Fs:2, WS:0K # 0K, PF:0K # 0K, P:0K).</Data><Data>lgposV2[] = 00000058:0001:0000 - 00000058:0003:0039 - 00000058:0004:0000 - 00000058:0004:0000 (00000000:0000:0000)
cReInits = 1
RBSOn = 0
</Data></EventData></Event><Event xmlns='http://schemas.microsoft.com/win/2004/08/events/event'><System><Provider Name='ESENT'/><EventID Qualifiers='0'>326</EventID><Version>0</Version><Level>4</Level><Task>1</Task><Opcode>0</Opcode><Keywords>0x80000000000000</Keywords><TimeCreated SystemTime='2025-11-05T18:33:56.1566506Z'/><EventRecordID>77750</EventRecordID><Correlation/><Execution ProcessID='19684' ThreadID='0'/><Channel>Application</Channel><Computer>Redzep</Computer><Security/></System><EventData><Data>svchost</Data><Data>19684,D,50,0</Data><Data>DS_Token_DB: </Data><Data>1</Data><Data>C:\WINDOWS\system32\config\systemprofile\AppData\Local\DataSharing\Storage\DSTokenDB2.dat</Data><Data>0</Data><Data>
[1] 0.000007 +J(0) +M(C:0K, Fs:1, WS:4K # 0K, PF:0K # 0K, P:0K)
[2] 0.001628 -0.000812 (1) WT +J(0) +M(C:0K, Fs:17, WS:4K # 4K, PF:4K # 0K, P:4K)
[3] 0.008407 -0.000954 (6) WT +J(CM:0, PgRf:0, Rd:0/0, Dy:0/0, Lg:3480/2) +M(C:0K, Fs:6, WS:20K # 0K, PF:20K # 0K, P:20K)
[4] 0.002407 +J(0)
[5] -
[6] 0.000801 -0.000714 (2) CM -0.000598 (2) WT +J(CM:2, PgRf:2, Rd:0/2, Dy:0/0, Lg:0/0) +M(C:0K, Fs:2, WS:8K # 0K, PF:0K # 0K, P:0K)
[7] 0.000002 +J(0)
[8] 0.000569 -0.000384 (1) CM -0.000344 (1) WT +J(CM:1, PgRf:1, Rd:4/1, Dy:0/0, Lg:0/0) +M(C:16K, Fs:25, WS:100K # 64K, PF:212K # 172K, P:212K)
[9] -
[10] -
[11] -
[12] 0.000010 +J(CM:0, PgRf:0, Rd:0/0, Dy:0/0, Lg:54/1) +M(C:0K, Fs:1, WS:4K # 4K, PF:20K # 16K, P:20K)
[13] 0.000531 -0.000383 (2) CM -0.000305 (2) WT +J(CM:2, PgRf:23, Rd:0/2, Dy:0/0, Lg:0/0) +M(C:-8K, Fs:18, WS:64K # 72K, PF:-4K # 4K, P:-4K)
[14] 0.000483 -0.000365 (2) CM -0.000303 (2) WT +J(CM:2, PgRf:40, Rd:0/2, Dy:0/0, Lg:0/0) +M(C:0K, Fs:5, WS:20K # 12K, PF:64K # 56K, P:64K)
[15] 0.000005 +J(CM:0, PgRf:1, Rd:0/0, Dy:0/0, Lg:0/0)
[16] 0.000005 +J(CM:0, PgRf:1, Rd:0/0, Dy:0/0, Lg:0/0) +M(C:0K, Fs:1, WS:4K # 4K, PF:0K # 0K, P:0K)
[17] 0.000030 +J(CM:0, PgRf:42, Rd:0/0, Dy:0/0, Lg:0/0) +M(C:0K, Fs:6, WS:24K # 24K, PF:0K # 0K, P:0K)
[18] 0.0 +J(0)
[19] 0.0 +J(0)
[20] 0.000012 +J(CM:0, PgRf:3, Rd:0/0, Dy:0/0, Lg:0/0) +M(C:0K, Fs:2, WS:8K # 8K, PF:0K # 0K, P:0K).</Data><Data>1 0</Data><Data>lgposAttach = 00000058:0006:0268,
dbv = 1568.300.620 (9620)</Data></EventData></Event><Event xmlns='http://schemas.microsoft.com/win/2004/08/events/event'><System><Provider Name='Microsoft-Windows-Security-SPP' Guid='{E23B33B0-C8C9-472C-A5F9-F2BDFEA0F156}' EventSourceName='Software Protection Platform Service'/><EventID Qualifiers='16384'>16384</EventID><Version>0</Version><Level>4</Level><Task>0</Task><Opcode>0</Opcode><Keywords>0x80000000000000</Keywords><TimeCreated SystemTime='2025-11-05T18:34:25.8172183Z'/><EventRecordID>77751</EventRecordID><Correlation/><Execution ProcessID='14788' ThreadID='0'/><Channel>Application</Channel><Computer>Redzep</Computer><Security/></System><EventData><Data>2025-11-11T08:16:25Z</Data><Data>RulesEngine</Data></EventData></Event><Event xmlns='http://schemas.microsoft.com/win/2004/08/events/event'><System><Provider Name='Microsoft-Windows-Defrag'/><EventID Qualifiers='32768'>264</EventID><Version>0</Version><Level>4</Level><Task>0</Task><Opcode>0</Opcode><Keywords>0x80000000000000</Keywords><TimeCreated SystemTime='2025-11-05T18:35:09.8515587Z'/><EventRecordID>77752</EventRecordID><Correlation/><Execution ProcessID='9988' ThreadID='0'/><Channel>Application</Channel><Computer>Redzep</Computer><Security/></System><EventData><Data>birle■tirme</Data><Data>(C:)</Data><Data>Kullan²c² i■lemi iptal etti. (0x89000006)</Data><Binary>06000089ED0100003C0100003F01000022B651A2296BEDD85E9C8D030000000000000000</Binary></EventData></Event><Event xmlns='http://schemas.microsoft.com/win/2004/08/events/event'><System><Provider Name='VSS'/><EventID Qualifiers='0'>8224</EventID><Version>0</Version><Level>4</Level><Task>0</Task><Opcode>0</Opcode><Keywords>0x80000000000000</Keywords><TimeCreated SystemTime='2025-11-05T18:36:56.0673827Z'/><EventRecordID>77753</EventRecordID><Correlation/><Execution ProcessID='4868' ThreadID='0'/><Channel>Application</Channel><Computer>Redzep</Computer><Security/></System><EventData><Data></Data><Binary>2D20436F64653A2020434F525356434330303030303737322D2043616C6C3A2020434F525356434330303030303735342D205049443A202030303030343836382D205449443A202030303030343439322D20434D443A2020433A5C57494E444F57535C73797374656D33325C76737376632E6578652020202D20557365723A204E616D653A204E5420415554484F524954595C53595354454D2C205349443A532D312D352D313820</Binary></EventData></Event><Event xmlns='http://schemas.microsoft.com/win/2004/08/events/event'><System><Provider Name='Microsoft-Windows-RestartManager' Guid='{0888e5ef-9b98-4695-979d-e92ce4247224}'/><EventID>10000</EventID><Version>0</Version><Level>4</Level><Task>0</Task><Opcode>0</Opcode><Keywords>0x8000000000000000</Keywords><TimeCreated SystemTime='2025-11-05T18:38:33.6158970Z'/><EventRecordID>77754</EventRecordID><Correlation/><Execution ProcessID='10320' ThreadID='11376'/><Channel>Application</Channel><Computer>Redzep</Computer><Security UserID='S-1-5-21-2249670643-648898893-1642193712-1002'/></System><UserData><RmSessionEvent xmlns='http://www.microsoft.com/2005/08/Windows/Reliability/RestartManager/'><RmSessionId>1</RmSessionId><UTCStartTime>2025-11-05T18:38:33.6138632Z</UTCStartTime></RmSessionEvent></UserData></Event><Event xmlns='http://schemas.microsoft.com/win/2004/08/events/event'><System><Provider Name='Microsoft-Windows-RestartManager' Guid='{0888e5ef-9b98-4695-979d-e92ce4247224}'/><EventID>10001</EventID><Version>0</Version><Level>4</Level><Task>0</Task><Opcode>0</Opcode><Keywords>0x8000000000000000</Keywords><TimeCreated SystemTime='2025-11-05T18:38:33.6184230Z'/><EventRecordID>77755</EventRecordID><Correlation/><Execution ProcessID='10320' ThreadID='11376'/><Channel>Application</Channel><Computer>Redzep</Computer><Security UserID='S-1-5-21-2249670643-648898893-1642193712-1002'/></System><UserData><RmSessionEvent xmlns='http://www.microsoft.com/2005/08/Windows/Reliability/RestartManager/'><RmSessionId>1</RmSessionId><UTCStartTime>2025-11-05T18:38:33.6138632Z</UTCStartTime></RmSessionEvent></UserData></Event><Event xmlns='http://schemas.microsoft.com/win/2004/08/events/event'><System><Provider Name='Microsoft-Windows-RestartManager' Guid='{0888e5ef-9b98-4695-979d-e92ce4247224}'/><EventID>10000</EventID><Version>0</Version><Level>4</Level><Task>0</Task><Opcode>0</Opcode><Keywords>0x8000000000000000</Keywords><TimeCreated SystemTime='2025-11-05T18:38:33.6230460Z'/><EventRecordID>77756</EventRecordID><Correlation/><Execution ProcessID='10320' ThreadID='11376'/><Channel>Application</Channel><Computer>Redzep</Computer><Security UserID='S-1-5-21-2249670643-648898893-1642193712-1002'/></System><UserData><RmSessionEvent xmlns='http://www.microsoft.com/2005/08/Windows/Reliability/RestartManager/'><RmSessionId>1</RmSessionId><UTCStartTime>2025-11-05T18:38:33.6138632Z</UTCStartTime></RmSessionEvent></UserData></Event><Event xmlns='http://schemas.microsoft.com/win/2004/08/events/event'><System><Provider Name='Microsoft-Windows-RestartManager' Guid='{0888e5ef-9b98-4695-979d-e92ce4247224}'/><EventID>10001</EventID><Version>0</Version><Level>4</Level><Task>0</Task><Opcode>0</Opcode><Keywords>0x8000000000000000</Keywords><TimeCreated SystemTime='2025-11-05T18:38:33.6242507Z'/><EventRecordID>77757</EventRecordID><Correlation/><Execution ProcessID='10320' ThreadID='11376'/><Channel>Application</Channel><Computer>Redzep</Computer><Security UserID='S-1-5-21-2249670643-648898893-1642193712-1002'/></System><UserData><RmSessionEvent xmlns='http://www.microsoft.com/2005/08/Windows/Reliability/RestartManager/'><RmSessionId>1</RmSessionId><UTCStartTime>2025-11-05T18:38:33.6138632Z</UTCStartTime></RmSessionEvent></UserData></Event><Event xmlns='http://schemas.microsoft.com/win/2004/08/events/event'><System><Provider Name='Microsoft-Windows-RestartManager' Guid='{0888e5ef-9b98-4695-979d-e92ce4247224}'/><EventID>10000</EventID><Version>0</Version><Level>4</Level><Task>0</Task><Opcode>0</Opcode><Keywords>0x8000000000000000</Keywords><TimeCreated SystemTime='2025-11-05T18:38:33.6296858Z'/><EventRecordID>77758</EventRecordID><Correlation/><Execution ProcessID='10320' ThreadID='9576'/><Channel>Application</Channel><Computer>Redzep</Computer><Security UserID='S-1-5-21-2249670643-648898893-1642193712-1002'/></System><UserData><RmSessionEvent xmlns='http://www.microsoft.com/2005/08/Windows/Reliability/RestartManager/'><RmSessionId>1</RmSessionId><UTCStartTime>2025-11-05T18:38:33.6256244Z</UTCStartTime></RmSessionEvent></UserData></Event><Event xmlns='http://schemas.microsoft.com/win/2004/08/events/event'><System><Provider Name='Microsoft-Windows-RestartManager' Guid='{0888e5ef-9b98-4695-979d-e92ce4247224}'/><EventID>10001</EventID><Version>0</Version><Level>4</Level><Task>0</Task><Opcode>0</Opcode><Keywords>0x8000000000000000</Keywords><TimeCreated SystemTime='2025-11-05T18:38:33.6309607Z'/><EventRecordID>77759</EventRecordID><Correlation/><Execution ProcessID='10320' ThreadID='9576'/><Channel>Application</Channel><Computer>Redzep</Computer><Security UserID='S-1-5-21-2249670643-648898893-1642193712-1002'/></System><UserData><RmSessionEvent xmlns='http://www.microsoft.com/2005/08/Windows/Reliability/RestartManager/'><RmSessionId>1</RmSessionId><UTCStartTime>2025-11-05T18:38:33.6256244Z</UTCStartTime></RmSessionEvent></UserData></Event><Event xmlns='http://schemas.microsoft.com/win/2004/08/events/event'><System><Provider Name='Microsoft-Windows-RestartManager' Guid='{0888e5ef-9b98-4695-979d-e92ce4247224}'/><EventID>10000</EventID><Version>0</Version><Level>4</Level><Task>0</Task><Opcode>0</Opcode><Keywords>0x8000000000000000</Keywords><TimeCreated SystemTime='2025-11-05T18:38:33.6353892Z'/><EventRecordID>77760</EventRecordID><Correlation/><Execution ProcessID='10320' ThreadID='9576'/><Channel>Application</Channel><Computer>Redzep</Computer><Security UserID='S-1-5-21-2249670643-648898893-1642193712-1002'/></System><UserData><RmSessionEvent xmlns='http://www.microsoft.com/2005/08/Windows/Reliability/RestartManager/'><RmSessionId>1</RmSessionId><UTCStartTime>2025-11-05T18:38:33.6256244Z</UTCStartTime></RmSessionEvent></UserData></Event><Event xmlns='http://schemas.microsoft.com/win/2004/08/events/event'><System><Provider Name='Microsoft-Windows-RestartManager' Guid='{0888e5ef-9b98-4695-979d-e92ce4247224}'/><EventID>10001</EventID><Version>0</Version><Level>4</Level><Task>0</Task><Opcode>0</Opcode><Keywords>0x8000000000000000</Keywords><TimeCreated SystemTime='2025-11-05T18:38:33.6371659Z'/><EventRecordID>77761</EventRecordID><Correlation/><Execution ProcessID='10320' ThreadID='9576'/><Channel>Application</Channel><Computer>Redzep</Computer><Security UserID='S-1-5-21-2249670643-648898893-1642193712-1002'/></System><UserData><RmSessionEvent xmlns='http://www.microsoft.com/2005/08/Windows/Reliability/RestartManager/'><RmSessionId>1</RmSessionId><UTCStartTime>2025-11-05T18:38:33.6256244Z</UTCStartTime></RmSessionEvent></UserData></Event><Event xmlns='http://schemas.microsoft.com/win/2004/08/events/event'><System><Provider Name='Microsoft-Windows-RestartManager' Guid='{0888e5ef-9b98-4695-979d-e92ce4247224}'/><EventID>10000</EventID><Version>0</Version><Level>4</Level><Task>0</Task><Opcode>0</Opcode><Keywords>0x8000000000000000</Keywords><TimeCreated SystemTime='2025-11-05T18:38:33.6446970Z'/><EventRecordID>77762</EventRecordID><Correlation/><Execution ProcessID='10320' ThreadID='8904'/><Channel>Application</Channel><Computer>Redzep</Computer><Security UserID='S-1-5-21-2249670643-648898893-1642193712-1002'/></System><UserData><RmSessionEvent xmlns='http://www.microsoft.com/2005/08/Windows/Reliability/RestartManager/'><RmSessionId>1</RmSessionId><UTCStartTime>2025-11-05T18:38:33.6413095Z</UTCStartTime></RmSessionEvent></UserData></Event><Event xmlns='http://schemas.microsoft.com/win/2004/08/events/event'><System><Provider Name='Microsoft-Windows-RestartManager' Guid='{0888e5ef-9b98-4695-979d-e92ce4247224}'/><EventID>10001</EventID><Version>0</Version><Level>4</Level><Task>0</Task><Opcode>0</Opcode><Keywords>0x8000000000000000</Keywords><TimeCreated SystemTime='2025-11-05T18:38:33.6464830Z'/><EventRecordID>77763</EventRecordID><Correlation/><Execution ProcessID='10320' ThreadID='8904'/><Channel>Application</Channel><Computer>Redzep</Computer><Security UserID='S-1-5-21-2249670643-648898893-1642193712-1002'/></System><UserData><RmSessionEvent xmlns='http://www.microsoft.com/2005/08/Windows/Reliability/RestartManager/'><RmSessionId>1</RmSessionId><UTCStartTime>2025-11-05T18:38:33.6413095Z</UTCStartTime></RmSessionEvent></UserData></Event><Event xmlns='http://schemas.microsoft.com/win/2004/08/events/event'><System><Provider Name='Microsoft-Windows-RestartManager' Guid='{0888e5ef-9b98-4695-979d-e92ce4247224}'/><EventID>10000</EventID><Version>0</Version><Level>4</Level><Task>0</Task><Opcode>0</Opcode><Keywords>0x8000000000000000</Keywords><TimeCreated SystemTime='2025-11-05T18:38:33.6531285Z'/><EventRecordID>77764</EventRecordID><Correlation/><Execution ProcessID='10320' ThreadID='8904'/><Channel>Application</Channel><Computer>Redzep</Computer><Security UserID='S-1-5-21-2249670643-648898893-1642193712-1002'/></System><UserData><RmSessionEvent xmlns='http://www.microsoft.com/2005/08/Windows/Reliability/RestartManager/'><RmSessionId>1</RmSessionId><UTCStartTime>2025-11-05T18:38:33.6413095Z</UTCStartTime></RmSessionEvent></UserData></Event><Event xmlns='http://schemas.microsoft.com/win/2004/08/events/event'><System><Provider Name='Microsoft-Windows-RestartManager' Guid='{0888e5ef-9b98-4695-979d-e92ce4247224}'/><EventID>10001</EventID><Version>0</Version><Level>4</Level><Task>0</Task><Opcode>0</Opcode><Keywords>0x8000000000000000</Keywords><TimeCreated SystemTime='2025-11-05T18:38:33.6545645Z'/><EventRecordID>77765</EventRecordID><Correlation/><Execution ProcessID='10320' ThreadID='8904'/><Channel>Application</Channel><Computer>Redzep</Computer><Security UserID='S-1-5-21-2249670643-648898893-1642193712-1002'/></System><UserData><RmSessionEvent xmlns='http://www.microsoft.com/2005/08/Windows/Reliability/RestartManager/'><RmSessionId>1</RmSessionId><UTCStartTime>2025-11-05T18:38:33.6413095Z</UTCStartTime></RmSessionEvent></UserData></Event><Event xmlns='http://schemas.microsoft.com/win/2004/08/events/event'><System><Provider Name='Chrome'/><EventID Qualifiers='32768'>256</EventID><Version>0</Version><Level>4</Level><Task>1</Task><Opcode>0</Opcode><Keywords>0x80000000000000</Keywords><TimeCreated SystemTime='2025-11-05T18:39:19.0289615Z'/><EventRecordID>77766</EventRecordID><Correlation/><Execution ProcessID='7364' ThreadID='0'/><Channel>Application</Channel><Computer>Redzep</Computer><Security UserID='S-1-5-21-2249670643-648898893-1642193712-1002'/></System><EventData><Data>[7364:13360:1105/213919.018:INFO:chrome\browser\extensions\extension_garbage_collector.cc:188] Garbage collection for extensions on file thread is complete.</Data></EventData></Event><Event xmlns='http://schemas.microsoft.com/win/2004/08/events/event'><System><Provider Name='Microsoft-Windows-Security-SPP' Guid='{E23B33B0-C8C9-472C-A5F9-F2BDFEA0F156}' EventSourceName='Software Protection Platform Service'/><EventID Qualifiers='49152'>16394</EventID><Version>0</Version><Level>4</Level><Task>0</Task><Opcode>0</Opcode><Keywords>0x80000000000000</Keywords><TimeCreated SystemTime='2025-11-05T19:01:41.3335100Z'/><EventRecordID>77767</EventRecordID><Correlation/><Execution ProcessID='19980' ThreadID='0'/><Channel>Application</Channel><Computer>Redzep</Computer><Security/></System><EventData></EventData></Event><Event xmlns='http://schemas.microsoft.com/win/2004/08/events/event'><System><Provider Name='Microsoft-Windows-Security-SPP' Guid='{E23B33B0-C8C9-472C-A5F9-F2BDFEA0F156}' EventSourceName='Software Protection Platform Service'/><EventID Qualifiers='16384'>16384</EventID><Version>0</Version><Level>4</Level><Task>0</Task><Opcode>0</Opcode><Keywords>0x80000000000000</Keywords><TimeCreated SystemTime='2025-11-05T19:02:11.5896448Z'/><EventRecordID>77768</EventRecordID><Correlation/><Execution ProcessID='19980' ThreadID='0'/><Channel>Application</Channel><Computer>Redzep</Computer><Security/></System><EventData><Data>2025-11-11T08:17:11Z</Data><Data>RulesEngine</Data></EventData></Event><Event xmlns='http://schemas.microsoft.com/win/2004/08/events/event'><System><Provider Name='Microsoft-Windows-Security-SPP' Guid='{E23B33B0-C8C9-472C-A5F9-F2BDFEA0F156}' EventSourceName='Software Protection Platform Service'/><EventID Qualifiers='49152'>16394</EventID><Version>0</Version><Level>4</Level><Task>0</Task><Opcode>0</Opcode><Keywords>0x80000000000000</Keywords><TimeCreated SystemTime='2025-11-05T19:35:05.9157327Z'/><EventRecordID>77769</EventRecordID><Correlation/><Execution ProcessID='9428' ThreadID='0'/><Channel>Application</Channel><Computer>Redzep</Computer><Security/></System><EventData></EventData></Event><Event xmlns='http://schemas.microsoft.com/win/2004/08/events/event'><System><Provider Name='Microsoft-Windows-Security-SPP' Guid='{E23B33B0-C8C9-472C-A5F9-F2BDFEA0F156}' EventSourceName='Software Protection Platform Service'/><EventID Qualifiers='16384'>16384</EventID><Version>0</Version><Level>4</Level><Task>0</Task><Opcode>0</Opcode><Keywords>0x80000000000000</Keywords><TimeCreated SystemTime='2025-11-05T19:35:36.1186392Z'/><EventRecordID>77770</EventRecordID><Correlation/><Execution ProcessID='9428' ThreadID='0'/><Channel>Application</Channel><Computer>Redzep</Computer><Security/></System><EventData><Data>2025-11-11T08:16:36Z</Data><Data>RulesEngine</Data></EventData></Event><Event xmlns='http://schemas.microsoft.com/win/2004/08/events/event'><System><Provider Name='Microsoft-Windows-Defrag'/><EventID Qualifiers='32768'>264</EventID><Version>0</Version><Level>4</Level><Task>0</Task><Opcode>0</Opcode><Keywords>0x80000000000000</Keywords><TimeCreated SystemTime='2025-11-05T19:53:57.1669255Z'/><EventRecordID>77771</EventRecordID><Correlation/><Execution ProcessID='9048' ThreadID='0'/><Channel>Application</Channel><Computer>Redzep</Computer><Security/></System><EventData><Data>birle■tirme</Data><Data>(C:)</Data><Data>Kullan²c² i■lemi iptal etti. (0x89000006)</Data><Binary>06000089ED010000510100005401000022B651A2296BEDD85E9C8D030000000000000000</Binary></EventData></Event><Event xmlns='http://schemas.microsoft.com/win/2004/08/events/event'><System><Provider Name='edgeupdate'/><EventID Qualifiers='0'>0</EventID><Version>0</Version><Level>4</Level><Task>0</Task><Opcode>0</Opcode><Keywords>0x80000000000000</Keywords><TimeCreated SystemTime='2025-11-05T20:30:57.5480507Z'/><EventRecordID>77772</EventRecordID><Correlation/><Execution ProcessID='2812' ThreadID='0'/><Channel>Application</Channel><Computer>Redzep</Computer><Security/></System><EventData><Data>Service stopped</Data></EventData></Event><Event xmlns='http://schemas.microsoft.com/win/2004/08/events/event'><System><Provider Name='Microsoft-Windows-Winlogon' Guid='{DBE9B383-7CF3-4331-91CC-A3CB16A3B538}' EventSourceName='Wlclntfy'/><EventID Qualifiers='32768'>6000</EventID><Version>0</Version><Level>4</Level><Task>0</Task><Opcode>0</Opcode><Keywords>0x80000000000000</Keywords><TimeCreated SystemTime='2025-11-05T20:44:17.7041981Z'/><EventRecordID>77773</EventRecordID><Correlation/><Execution ProcessID='1332' ThreadID='0'/><Channel>Application</Channel><Computer>Redzep</Computer><Security/></System><EventData><Data>WSearch</Data><Binary>D9060000</Binary></EventData></Event><Event xmlns='http://schemas.microsoft.com/win/2004/08/events/event'><System><Provider Name='Microsoft-Windows-Winlogon' Guid='{DBE9B383-7CF3-4331-91CC-A3CB16A3B538}' EventSourceName='Wlclntfy'/><EventID Qualifiers='32768'>6000</EventID><Version>0</Version><Level>4</Level><Task>0</Task><Opcode>0</Opcode><Keywords>0x80000000000000</Keywords><TimeCreated SystemTime='2025-11-05T20:44:17.7079207Z'/><EventRecordID>77774</EventRecordID><Correlation/><Execution ProcessID='1332' ThreadID='0'/><Channel>Application</Channel><Computer>Redzep</Computer><Security/></System><EventData><Data>SessionEnv</Data><Binary>D9060000</Binary></EventData></Event><Event xmlns='http://schemas.microsoft.com/win/2004/08/events/event'><System><Provider Name='Microsoft-Windows-Winlogon' Guid='{DBE9B383-7CF3-4331-91CC-A3CB16A3B538}' EventSourceName='Wlclntfy'/><EventID Qualifiers='32768'>6000</EventID><Version>0</Version><Level>4</Level><Task>0</Task><Opcode>0</Opcode><Keywords>0x80000000000000</Keywords><TimeCreated SystemTime='2025-11-05T20:44:17.7085963Z'/><EventRecordID>77775</EventRecordID><Correlation/><Execution ProcessID='1332' ThreadID='0'/><Channel>Application</Channel><Computer>Redzep</Computer><Security/></System><EventData><Data>Wlansvc</Data><Binary>D9060000</Binary></EventData></Event><Event xmlns='http://schemas.microsoft.com/win/2004/08/events/event'><System><Provider Name='Microsoft-Windows-User Profiles Service' Guid='{89b1e9f0-5aff-44a6-9b44-0a07a7ce5845}'/><EventID>1532</EventID><Version>0</Version><Level>4</Level><Task>0</Task><Opcode>0</Opcode><Keywords>0x8000000000000000</Keywords><TimeCreated SystemTime='2025-11-05T20:44:33.8976860Z'/><EventRecordID>77776</EventRecordID><Correlation/><Execution ProcessID='2052' ThreadID='2132'/><Channel>Application</Channel><Computer>Redzep</Computer><Security UserID='S-1-5-18'/></System><EventData></EventData></Event><Event xmlns='http://schemas.microsoft.com/win/2004/08/events/event'><System><Provider Name='Microsoft-Windows-User Profiles Service' Guid='{89b1e9f0-5aff-44a6-9b44-0a07a7ce5845}'/><EventID>1531</EventID><Version>0</Version><Level>4</Level><Task>0</Task><Opcode>0</Opcode><Keywords>0x8000000000000000</Keywords><TimeCreated SystemTime='2025-11-05T23:47:46.9850327Z'/><EventRecordID>77777</EventRecordID><Correlation/><Execution ProcessID='2080' ThreadID='2124'/><Channel>Application</Channel><Computer>Redzep</Computer><Security UserID='S-1-5-18'/></System><EventData></EventData></Event><Event xmlns='http://schemas.microsoft.com/win/2004/08/events/event'><System><Provider Name='AsusUpdateCheck'/><EventID Qualifiers='0'>0</EventID><Version>0</Version><Level>4</Level><Task>0</Task><Opcode>0</Opcode><Keywords>0x80000000000000</Keywords><TimeCreated SystemTime='2025-11-05T23:47:48.1202379Z'/><EventRecordID>77778</EventRecordID><Correlation/><Execution ProcessID='3648' ThreadID='0'/><Channel>Application</Channel><Computer>Redzep</Computer><Security/></System><EventData><Data>AsusUpdateCheck</Data><Data>CServiceControl in OnStart</Data></EventData></Event><Event xmlns='http://schemas.microsoft.com/win/2004/08/events/event'><System><Provider Name='IntelDalJhi'/><EventID Qualifiers='16384'>0</EventID><Version>0</Version><Level>4</Level><Task>0</Task><Opcode>0</Opcode><Keywords>0x80000000000000</Keywords><TimeCreated SystemTime='2025-11-05T23:47:48.2075650Z'/><EventRecordID>77779</EventRecordID><Correlation/><Execution ProcessID='4068' ThreadID='0'/><Channel>Application</Channel><Computer>Redzep</Computer><Security/></System><EventData></EventData></Event><Event xmlns='http://schemas.microsoft.com/win/2004/08/events/event'><System><Provider Name='Microsoft-Windows-WMI' Guid='{1edeee53-0afe-4609-b846-d8c0b2075b1f}'/><EventID>5615</EventID><Version>2</Version><Level>4</Level><Task>0</Task><Opcode>0</Opcode><Keywords>0x8000000000000000</Keywords><TimeCreated SystemTime='2025-11-05T23:47:48.2684291Z'/><EventRecordID>77780</EventRecordID><Correlation/><Execution ProcessID='3972' ThreadID='4672'/><Channel>Application</Channel><Computer>Redzep</Computer><Security UserID='S-1-5-18'/></System><EventData></EventData></Event><Event xmlns='http://schemas.microsoft.com/win/2004/08/events/event'><System><Provider Name='WMIRegistrationService'/><EventID Qualifiers='16384'>0</EventID><Version>0</Version><Level>4</Level><Task>0</Task><Opcode>0</Opcode><Keywords>0x80000000000000</Keywords><TimeCreated SystemTime='2025-11-05T23:47:48.7773659Z'/><EventRecordID>77781</EventRecordID><Correlation/><Execution ProcessID='4088' ThreadID='0'/><Channel>Application</Channel><Computer>Redzep</Computer><Security/></System><EventData></EventData></Event><Event xmlns='http://schemas.microsoft.com/win/2004/08/events/event'><System><Provider Name='Microsoft-Windows-Search' Guid='{CA4E628D-8567-4896-AB6B-835B221F373F}' EventSourceName='Windows Search Service'/><EventID Qualifiers='16384'>1003</EventID><Version>0</Version><Level>4</Level><Task>1</Task><Opcode>0</Opcode><Keywords>0x80000000000000</Keywords><TimeCreated SystemTime='2025-11-05T23:47:49.7318566Z'/><EventRecordID>77782</EventRecordID><Correlation/><Execution ProcessID='4100' ThreadID='0'/><Channel>Application</Channel><Computer>Redzep</Computer><Security/></System><EventData><Data Name='ExtraInfo'>
</Data></EventData></Event><Event xmlns='http://schemas.microsoft.com/win/2004/08/events/event'><System><Provider Name='Microsoft-Windows-WMI' Guid='{1edeee53-0afe-4609-b846-d8c0b2075b1f}'/><EventID>5617</EventID><Version>2</Version><Level>4</Level><Task>0</Task><Opcode>0</Opcode><Keywords>0x8000000000000000</Keywords><TimeCreated SystemTime='2025-11-05T23:47:49.4842180Z'/><EventRecordID>77783</EventRecordID><Correlation/><Execution ProcessID='3972' ThreadID='5692'/><Channel>Application</Channel><Computer>Redzep</Computer><Security UserID='S-1-5-18'/></System><EventData></EventData></Event><Event xmlns='http://schemas.microsoft.com/win/2004/08/events/event'><System><Provider Name='Microsoft-Windows-Winlogon' Guid='{DBE9B383-7CF3-4331-91CC-A3CB16A3B538}' EventSourceName='Wlclntfy'/><EventID Qualifiers='32768'>6003</EventID><Version>0</Version><Level>4</Level><Task>0</Task><Opcode>0</Opcode><Keywords>0x80000000000000</Keywords><TimeCreated SystemTime='2025-11-05T23:47:53.3865114Z'/><EventRecordID>77784</EventRecordID><Correlation/><Execution ProcessID='1332' ThreadID='0'/><Channel>Application</Channel><Computer>Redzep</Computer><Security/></System><EventData><Data>SessionEnv</Data><Binary>D9060000</Binary></EventData></Event><Event xmlns='http://schemas.microsoft.com/win/2004/08/events/event'><System><Provider Name='Microsoft-Windows-Winlogon' Guid='{DBE9B383-7CF3-4331-91CC-A3CB16A3B538}' EventSourceName='Wlclntfy'/><EventID Qualifiers='32768'>6000</EventID><Version>0</Version><Level>4</Level><Task>0</Task><Opcode>0</Opcode><Keywords>0x80000000000000</Keywords><TimeCreated SystemTime='2025-11-05T23:47:55.8312052Z'/><EventRecordID>77785</EventRecordID><Correlation/><Execution ProcessID='1332' ThreadID='0'/><Channel>Application</Channel><Computer>Redzep</Computer><Security/></System><EventData><Data>SessionEnv</Data><Binary>D9060000</Binary></EventData></Event><Event xmlns='http://schemas.microsoft.com/win/2004/08/events/event'><System><Provider Name='WMIRegistrationService'/><EventID Qualifiers='16384'>2</EventID><Version>0</Version><Level>4</Level><Task>0</Task><Opcode>0</Opcode><Keywords>0x80000000000000</Keywords><TimeCreated SystemTime='2025-11-05T23:47:55.8548092Z'/><EventRecordID>77786</EventRecordID><Correlation/><Execution ProcessID='4088' ThreadID='0'/><Channel>Application</Channel><Computer>Redzep</Computer><Security/></System><EventData></EventData></Event><Event xmlns='http://schemas.microsoft.com/win/2004/08/events/event'><System><Provider Name='MsiInstaller'/><EventID Qualifiers='0'>1035</EventID><Version>0</Version><Level>4</Level><Task>0</Task><Opcode>0</Opcode><Keywords>0x80000000000000</Keywords><TimeCreated SystemTime='2025-11-05T23:47:56.4397557Z'/><EventRecordID>77787</EventRecordID><Correlation/><Execution ProcessID='8984' ThreadID='0'/><Channel>Application</Channel><Computer>Redzep</Computer><Security UserID='S-1-5-18'/></System><EventData><Data>Microsoft GameInput</Data><Data>10.1.26100.6879</Data><Data>1033</Data><Data>0</Data><Data>Microsoft Corporation</Data><Data>(NULL)</Data><Binary>7B45434234424444312D393834432D394632352D323939432D4139454637354331343139377D3030303036373639333636656630316461633061646631613039303835666663623239323030303030393034</Binary></EventData></Event><Event xmlns='http://schemas.microsoft.com/win/2004/08/events/event'><System><Provider Name='Microsoft-Windows-WMI' Guid='{1edeee53-0afe-4609-b846-d8c0b2075b1f}'/><EventID>63</EventID><Version>2</Version><Level>3</Level><Task>0</Task><Opcode>0</Opcode><Keywords>0x8000000000000000</Keywords><TimeCreated SystemTime='2025-11-05T23:47:55.8274758Z'/><EventRecordID>77788</EventRecordID><Correlation/><Execution ProcessID='3972' ThreadID='6740'/><Channel>Application</Channel><Computer>Redzep</Computer><Security UserID='S-1-5-18'/></System><UserData><data_0x8000003F xmlns='http://manifests.microsoft.com/win/2006/windows/WMI'><Provider>IntelMEProv</Provider><Namespace>root\Intel_ME</Namespace></data_0x8000003F></UserData></Event><Event xmlns='http://schemas.microsoft.com/win/2004/08/events/event'><System><Provider Name='Microsoft-Windows-WMI' Guid='{1edeee53-0afe-4609-b846-d8c0b2075b1f}'/><EventID>63</EventID><Version>2</Version><Level>3</Level><Task>0</Task><Opcode>0</Opcode><Keywords>0x8000000000000000</Keywords><TimeCreated SystemTime='2025-11-05T23:47:55.8322429Z'/><EventRecordID>77789</EventRecordID><Correlation/><Execution ProcessID='3972' ThreadID='6560'/><Channel>Application</Channel><Computer>Redzep</Computer><Security UserID='S-1-5-18'/></System><UserData><data_0x8000003F xmlns='http://manifests.microsoft.com/win/2006/windows/WMI'><Provider>IntelMEProv</Provider><Namespace>root\Intel_ME</Namespace></data_0x8000003F></UserData></Event><Event xmlns='http://schemas.microsoft.com/win/2004/08/events/event'><System><Provider Name='Microsoft-Windows-WMI' Guid='{1edeee53-0afe-4609-b846-d8c0b2075b1f}'/><EventID>63</EventID><Version>2</Version><Level>3</Level><Task>0</Task><Opcode>0</Opcode><Keywords>0x8000000000000000</Keywords><TimeCreated SystemTime='2025-11-05T23:47:55.8363233Z'/><EventRecordID>77790</EventRecordID><Correlation/><Execution ProcessID='3972' ThreadID='6560'/><Channel>Application</Channel><Computer>Redzep</Computer><Security UserID='S-1-5-18'/></System><UserData><data_0x8000003F xmlns='http://manifests.microsoft.com/win/2006/windows/WMI'><Provider>IntelMEProv</Provider><Namespace>root\Intel_ME</Namespace></data_0x8000003F></UserData></Event><Event xmlns='http://schemas.microsoft.com/win/2004/08/events/event'><System><Provider Name='AsusUpdateCheck'/><EventID Qualifiers='0'>0</EventID><Version>0</Version><Level>4</Level><Task>0</Task><Opcode>0</Opcode><Keywords>0x80000000000000</Keywords><TimeCreated SystemTime='2025-11-05T23:47:58.1388886Z'/><EventRecordID>77791</EventRecordID><Correlation/><Execution ProcessID='3648' ThreadID='0'/><Channel>Application</Channel><Computer>Redzep</Computer><Security/></System><EventData><Data>AsusUpdateCheck</Data><Data>CServiceControl in OnStop</Data></EventData></Event><Event xmlns='http://schemas.microsoft.com/win/2004/08/events/event'><System><Provider Name='Microsoft-Windows-Security-SPP' Guid='{E23B33B0-C8C9-472C-A5F9-F2BDFEA0F156}' EventSourceName='Software Protection Platform Service'/><EventID Qualifiers='16384'>900</EventID><Version>0</Version><Level>4</Level><Task>0</Task><Opcode>0</Opcode><Keywords>0x80000000000000</Keywords><TimeCreated SystemTime='2025-11-05T23:48:17.8372811Z'/><EventRecordID>77792</EventRecordID><Correlation/><Execution ProcessID='2488' ThreadID='0'/><Channel>Application</Channel><Computer>Redzep</Computer><Security/></System><EventData><Data>TriggerStarted:6</Data></EventData></Event><Event xmlns='http://schemas.microsoft.com/win/2004/08/events/event'><System><Provider Name='Microsoft-Windows-Security-SPP' Guid='{E23B33B0-C8C9-472C-A5F9-F2BDFEA0F156}' EventSourceName='Software Protection Platform Service'/><EventID Qualifiers='49152'>16394</EventID><Version>0</Version><Level>4</Level><Task>0</Task><Opcode>0</Opcode><Keywords>0x80000000000000</Keywords><TimeCreated SystemTime='2025-11-05T23:48:18.0436561Z'/><EventRecordID>77793</EventRecordID><Correlation/><Execution ProcessID='2488' ThreadID='0'/><Channel>Application</Channel><Computer>Redzep</Computer><Security/></System><EventData></EventData></Event><Event xmlns='http://schemas.microsoft.com/win/2004/08/events/event'><System><Provider Name='Microsoft-Windows-Security-SPP' Guid='{E23B33B0-C8C9-472C-A5F9-F2BDFEA0F156}' EventSourceName='Software Protection Platform Service'/><EventID Qualifiers='16384'>1066</EventID><Version>0</Version><Level>4</Level><Task>0</Task><Opcode>0</Opcode><Keywords>0x80000000000000</Keywords><TimeCreated SystemTime='2025-11-05T23:48:18.2708594Z'/><EventRecordID>77794</EventRecordID><Correlation/><Execution ProcessID='2488' ThreadID='0'/><Channel>Application</Channel><Computer>Redzep</Computer><Security/></System><EventData><Data>C:\WINDOWS\system32\sppwinob.dll, msft:spp/windowsfunctionality/agent/7.0, 0x00000000, 0x00000000
C:\WINDOWS\system32\sppobjs.dll, msft:rm/algorithm/inherited/1.0, 0x00000000, 0x00000000
C:\WINDOWS\system32\sppobjs.dll, msft:rm/algorithm/phone/1.0, 0x00000000, 0x00000000
C:\WINDOWS\system32\sppobjs.dll, msft:rm/algorithm/pkey/detect, 0x00000000, 0x00000000
C:\WINDOWS\system32\sppobjs.dll, msft:spp/ActionScheduler/1.0, 0x00000000, 0x00000000
C:\WINDOWS\system32\sppobjs.dll, msft:spp/TaskScheduler/1.0, 0x00000000, 0x00000000
C:\WINDOWS\system32\sppobjs.dll, msft:spp/statecollector/pkey, 0x00000000, 0x00000000
C:\WINDOWS\system32\sppobjs.dll, msft:spp/volume/services/kms/1.0, 0x00000000, 0x00000000
C:\WINDOWS\system32\sppobjs.dll, msft:spp/volume/services/kms/activationinfo/1.0, 0x00000000, 0x00000000
</Data></EventData></Event>