<Event xmlns='http://schemas.microsoft.com/win/2004/08/events/event'><System><Provider Name='Microsoft-Windows-Security-SPP' Guid='{E23B33B0-C8C9-472C-A5F9-F2BDFEA0F156}' EventSourceName='Software Protection Platform Service'/><EventID Qualifiers='49152'>16394</EventID><Version>0</Version><Level>4</Level><Task>0</Task><Opcode>0</Opcode><Keywords>0x80000000000000</Keywords><TimeCreated SystemTime='2025-11-03T07:42:29.7633865Z'/><EventRecordID>77064</EventRecordID><Correlation/><Execution ProcessID='6172' ThreadID='0'/><Channel>Application</Channel><Computer>Redzep</Computer><Security/></System><EventData></EventData></Event><Event xmlns='http://schemas.microsoft.com/win/2004/08/events/event'><System><Provider Name='Microsoft-Windows-Security-SPP' Guid='{E23B33B0-C8C9-472C-A5F9-F2BDFEA0F156}' EventSourceName='Software Protection Platform Service'/><EventID Qualifiers='16384'>16384</EventID><Version>0</Version><Level>4</Level><Task>0</Task><Opcode>0</Opcode><Keywords>0x80000000000000</Keywords><TimeCreated SystemTime='2025-11-03T07:43:00.0029372Z'/><EventRecordID>77065</EventRecordID><Correlation/><Execution ProcessID='6172' ThreadID='0'/><Channel>Application</Channel><Computer>Redzep</Computer><Security/></System><EventData><Data>2025-11-03T23:49:59Z</Data><Data>RulesEngine</Data></EventData></Event><Event xmlns='http://schemas.microsoft.com/win/2004/08/events/event'><System><Provider Name='Microsoft-Windows-Security-SPP' Guid='{E23B33B0-C8C9-472C-A5F9-F2BDFEA0F156}' EventSourceName='Software Protection Platform Service'/><EventID Qualifiers='49152'>16394</EventID><Version>0</Version><Level>4</Level><Task>0</Task><Opcode>0</Opcode><Keywords>0x80000000000000</Keywords><TimeCreated SystemTime='2025-11-03T07:46:13.2270891Z'/><EventRecordID>77066</EventRecordID><Correlation/><Execution ProcessID='20732' ThreadID='0'/><Channel>Application</Channel><Computer>Redzep</Computer><Security/></System><EventData></EventData></Event><Event xmlns='http://schemas.microsoft.com/win/2004/08/events/event'><System><Provider Name='Microsoft-Windows-Security-SPP' Guid='{E23B33B0-C8C9-472C-A5F9-F2BDFEA0F156}' EventSourceName='Software Protection Platform Service'/><EventID Qualifiers='16384'>16384</EventID><Version>0</Version><Level>4</Level><Task>0</Task><Opcode>0</Opcode><Keywords>0x80000000000000</Keywords><TimeCreated SystemTime='2025-11-03T07:46:43.4917829Z'/><EventRecordID>77067</EventRecordID><Correlation/><Execution ProcessID='20732' ThreadID='0'/><Channel>Application</Channel><Computer>Redzep</Computer><Security/></System><EventData><Data>2025-11-03T23:49:43Z</Data><Data>RulesEngine</Data></EventData></Event><Event xmlns='http://schemas.microsoft.com/win/2004/08/events/event'><System><Provider Name='Microsoft-Windows-Security-SPP' Guid='{E23B33B0-C8C9-472C-A5F9-F2BDFEA0F156}' EventSourceName='Software Protection Platform Service'/><EventID Qualifiers='49152'>16394</EventID><Version>0</Version><Level>4</Level><Task>0</Task><Opcode>0</Opcode><Keywords>0x80000000000000</Keywords><TimeCreated SystemTime='2025-11-03T08:15:31.5349565Z'/><EventRecordID>77068</EventRecordID><Correlation/><Execution ProcessID='19168' ThreadID='0'/><Channel>Application</Channel><Computer>Redzep</Computer><Security/></System><EventData></EventData></Event><Event xmlns='http://schemas.microsoft.com/win/2004/08/events/event'><System><Provider Name='Microsoft-Windows-Security-SPP' Guid='{E23B33B0-C8C9-472C-A5F9-F2BDFEA0F156}' EventSourceName='Software Protection Platform Service'/><EventID Qualifiers='16384'>16384</EventID><Version>0</Version><Level>4</Level><Task>0</Task><Opcode>0</Opcode><Keywords>0x80000000000000</Keywords><TimeCreated SystemTime='2025-11-03T08:16:01.8479182Z'/><EventRecordID>77069</EventRecordID><Correlation/><Execution ProcessID='19168' ThreadID='0'/><Channel>Application</Channel><Computer>Redzep</Computer><Security/></System><EventData><Data>2025-11-03T23:50:01Z</Data><Data>RulesEngine</Data></EventData></Event><Event xmlns='http://schemas.microsoft.com/win/2004/08/events/event'><System><Provider Name='Microsoft-Windows-Security-SPP' Guid='{E23B33B0-C8C9-472C-A5F9-F2BDFEA0F156}' EventSourceName='Software Protection Platform Service'/><EventID Qualifiers='49152'>16394</EventID><Version>0</Version><Level>4</Level><Task>0</Task><Opcode>0</Opcode><Keywords>0x80000000000000</Keywords><TimeCreated SystemTime='2025-11-03T08:20:30.6458961Z'/><EventRecordID>77070</EventRecordID><Correlation/><Execution ProcessID='5684' ThreadID='0'/><Channel>Application</Channel><Computer>Redzep</Computer><Security/></System><EventData></EventData></Event><Event xmlns='http://schemas.microsoft.com/win/2004/08/events/event'><System><Provider Name='Microsoft-Windows-Security-SPP' Guid='{E23B33B0-C8C9-472C-A5F9-F2BDFEA0F156}' EventSourceName='Software Protection Platform Service'/><EventID Qualifiers='16384'>16384</EventID><Version>0</Version><Level>4</Level><Task>0</Task><Opcode>0</Opcode><Keywords>0x80000000000000</Keywords><TimeCreated SystemTime='2025-11-03T08:21:00.8815709Z'/><EventRecordID>77071</EventRecordID><Correlation/><Execution ProcessID='5684' ThreadID='0'/><Channel>Application</Channel><Computer>Redzep</Computer><Security/></System><EventData><Data>2025-11-03T23:50:00Z</Data><Data>RulesEngine</Data></EventData></Event><Event xmlns='http://schemas.microsoft.com/win/2004/08/events/event'><System><Provider Name='Microsoft-Windows-Security-SPP' Guid='{E23B33B0-C8C9-472C-A5F9-F2BDFEA0F156}' EventSourceName='Software Protection Platform Service'/><EventID Qualifiers='49152'>16394</EventID><Version>0</Version><Level>4</Level><Task>0</Task><Opcode>0</Opcode><Keywords>0x80000000000000</Keywords><TimeCreated SystemTime='2025-11-03T08:48:12.3848394Z'/><EventRecordID>77072</EventRecordID><Correlation/><Execution ProcessID='19064' ThreadID='0'/><Channel>Application</Channel><Computer>Redzep</Computer><Security/></System><EventData></EventData></Event><Event xmlns='http://schemas.microsoft.com/win/2004/08/events/event'><System><Provider Name='Microsoft-Windows-Security-SPP' Guid='{E23B33B0-C8C9-472C-A5F9-F2BDFEA0F156}' EventSourceName='Software Protection Platform Service'/><EventID Qualifiers='16384'>16384</EventID><Version>0</Version><Level>4</Level><Task>0</Task><Opcode>0</Opcode><Keywords>0x80000000000000</Keywords><TimeCreated SystemTime='2025-11-03T08:48:47.9277202Z'/><EventRecordID>77073</EventRecordID><Correlation/><Execution ProcessID='19064' ThreadID='0'/><Channel>Application</Channel><Computer>Redzep</Computer><Security/></System><EventData><Data>2025-11-03T23:49:47Z</Data><Data>RulesEngine</Data></EventData></Event><Event xmlns='http://schemas.microsoft.com/win/2004/08/events/event'><System><Provider Name='Microsoft-Windows-Security-SPP' Guid='{E23B33B0-C8C9-472C-A5F9-F2BDFEA0F156}' EventSourceName='Software Protection Platform Service'/><EventID Qualifiers='49152'>16394</EventID><Version>0</Version><Level>4</Level><Task>0</Task><Opcode>0</Opcode><Keywords>0x80000000000000</Keywords><TimeCreated SystemTime='2025-11-03T09:19:11.6433959Z'/><EventRecordID>77074</EventRecordID><Correlation/><Execution ProcessID='22832' ThreadID='0'/><Channel>Application</Channel><Computer>Redzep</Computer><Security/></System><EventData></EventData></Event><Event xmlns='http://schemas.microsoft.com/win/2004/08/events/event'><System><Provider Name='Microsoft-Windows-Security-SPP' Guid='{E23B33B0-C8C9-472C-A5F9-F2BDFEA0F156}' EventSourceName='Software Protection Platform Service'/><EventID Qualifiers='16384'>16384</EventID><Version>0</Version><Level>4</Level><Task>0</Task><Opcode>0</Opcode><Keywords>0x80000000000000</Keywords><TimeCreated SystemTime='2025-11-03T09:19:41.8983793Z'/><EventRecordID>77075</EventRecordID><Correlation/><Execution ProcessID='22832' ThreadID='0'/><Channel>Application</Channel><Computer>Redzep</Computer><Security/></System><EventData><Data>2025-11-03T23:49:41Z</Data><Data>RulesEngine</Data></EventData></Event><Event xmlns='http://schemas.microsoft.com/win/2004/08/events/event'><System><Provider Name='Microsoft-Windows-Security-SPP' Guid='{E23B33B0-C8C9-472C-A5F9-F2BDFEA0F156}' EventSourceName='Software Protection Platform Service'/><EventID Qualifiers='49152'>16394</EventID><Version>0</Version><Level>4</Level><Task>0</Task><Opcode>0</Opcode><Keywords>0x80000000000000</Keywords><TimeCreated SystemTime='2025-11-03T09:41:14.1445694Z'/><EventRecordID>77076</EventRecordID><Correlation/><Execution ProcessID='22224' ThreadID='0'/><Channel>Application</Channel><Computer>Redzep</Computer><Security/></System><EventData></EventData></Event><Event xmlns='http://schemas.microsoft.com/win/2004/08/events/event'><System><Provider Name='Microsoft-Windows-Security-SPP' Guid='{E23B33B0-C8C9-472C-A5F9-F2BDFEA0F156}' EventSourceName='Software Protection Platform Service'/><EventID Qualifiers='16384'>16384</EventID><Version>0</Version><Level>4</Level><Task>0</Task><Opcode>0</Opcode><Keywords>0x80000000000000</Keywords><TimeCreated SystemTime='2025-11-03T09:41:44.3810438Z'/><EventRecordID>77077</EventRecordID><Correlation/><Execution ProcessID='22224' ThreadID='0'/><Channel>Application</Channel><Computer>Redzep</Computer><Security/></System><EventData><Data>2025-11-03T23:49:44Z</Data><Data>RulesEngine</Data></EventData></Event><Event xmlns='http://schemas.microsoft.com/win/2004/08/events/event'><System><Provider Name='Microsoft-Windows-Security-SPP' Guid='{E23B33B0-C8C9-472C-A5F9-F2BDFEA0F156}' EventSourceName='Software Protection Platform Service'/><EventID Qualifiers='49152'>16394</EventID><Version>0</Version><Level>4</Level><Task>0</Task><Opcode>0</Opcode><Keywords>0x80000000000000</Keywords><TimeCreated SystemTime='2025-11-03T09:53:37.6662814Z'/><EventRecordID>77078</EventRecordID><Correlation/><Execution ProcessID='5432' ThreadID='0'/><Channel>Application</Channel><Computer>Redzep</Computer><Security/></System><EventData></EventData></Event><Event xmlns='http://schemas.microsoft.com/win/2004/08/events/event'><System><Provider Name='Microsoft-Windows-Security-SPP' Guid='{E23B33B0-C8C9-472C-A5F9-F2BDFEA0F156}' EventSourceName='Software Protection Platform Service'/><EventID Qualifiers='16384'>16384</EventID><Version>0</Version><Level>4</Level><Task>0</Task><Opcode>0</Opcode><Keywords>0x80000000000000</Keywords><TimeCreated SystemTime='2025-11-03T09:54:07.9262202Z'/><EventRecordID>77079</EventRecordID><Correlation/><Execution ProcessID='5432' ThreadID='0'/><Channel>Application</Channel><Computer>Redzep</Computer><Security/></System><EventData><Data>2025-11-03T23:50:07Z</Data><Data>RulesEngine</Data></EventData></Event><Event xmlns='http://schemas.microsoft.com/win/2004/08/events/event'><System><Provider Name='Microsoft-Windows-Security-SPP' Guid='{E23B33B0-C8C9-472C-A5F9-F2BDFEA0F156}' EventSourceName='Software Protection Platform Service'/><EventID Qualifiers='49152'>16394</EventID><Version>0</Version><Level>4</Level><Task>0</Task><Opcode>0</Opcode><Keywords>0x80000000000000</Keywords><TimeCreated SystemTime='2025-11-03T09:57:25.1956470Z'/><EventRecordID>77080</EventRecordID><Correlation/><Execution ProcessID='19636' ThreadID='0'/><Channel>Application</Channel><Computer>Redzep</Computer><Security/></System><EventData></EventData></Event><Event xmlns='http://schemas.microsoft.com/win/2004/08/events/event'><System><Provider Name='Microsoft-Windows-Security-SPP' Guid='{E23B33B0-C8C9-472C-A5F9-F2BDFEA0F156}' EventSourceName='Software Protection Platform Service'/><EventID Qualifiers='16384'>16384</EventID><Version>0</Version><Level>4</Level><Task>0</Task><Opcode>0</Opcode><Keywords>0x80000000000000</Keywords><TimeCreated SystemTime='2025-11-03T09:57:55.4225812Z'/><EventRecordID>77081</EventRecordID><Correlation/><Execution ProcessID='19636' ThreadID='0'/><Channel>Application</Channel><Computer>Redzep</Computer><Security/></System><EventData><Data>2025-11-03T23:49:55Z</Data><Data>RulesEngine</Data></EventData></Event><Event xmlns='http://schemas.microsoft.com/win/2004/08/events/event'><System><Provider Name='Microsoft-Windows-Security-SPP' Guid='{E23B33B0-C8C9-472C-A5F9-F2BDFEA0F156}' EventSourceName='Software Protection Platform Service'/><EventID Qualifiers='49152'>16394</EventID><Version>0</Version><Level>4</Level><Task>0</Task><Opcode>0</Opcode><Keywords>0x80000000000000</Keywords><TimeCreated SystemTime='2025-11-03T10:01:28.8930307Z'/><EventRecordID>77082</EventRecordID><Correlation/><Execution ProcessID='22600' ThreadID='0'/><Channel>Application</Channel><Computer>Redzep</Computer><Security/></System><EventData></EventData></Event><Event xmlns='http://schemas.microsoft.com/win/2004/08/events/event'><System><Provider Name='Microsoft-Windows-Security-SPP' Guid='{E23B33B0-C8C9-472C-A5F9-F2BDFEA0F156}' EventSourceName='Software Protection Platform Service'/><EventID Qualifiers='16384'>1040</EventID><Version>0</Version><Level>4</Level><Task>0</Task><Opcode>0</Opcode><Keywords>0x80000000000000</Keywords><TimeCreated SystemTime='2025-11-03T10:01:29.1308482Z'/><EventRecordID>77083</EventRecordID><Correlation/><Execution ProcessID='22600' ThreadID='0'/><Channel>Application</Channel><Computer>Redzep</Computer><Security/></System><EventData><Data>0ff1ce15-a989-479d-af46-f275c6370663</Data><Data>76881159-155c-43e0-9db7-2d70a9a3a4ca</Data><Binary>580000000A002A0000000000010001000100000002000000010001000000C0CE34E626CE4AE12CA68E80B4C70AD33EE10D0001000101000201000301000401000500000601000700000801000901000A01000B00000C01002C0000000000010001000100000003000000010001000000C0CE34E626CE4AE12CA68E80B4C7C5F70AD33EE1</Binary></EventData></Event><Event xmlns='http://schemas.microsoft.com/win/2004/08/events/event'><System><Provider Name='Microsoft-Windows-Security-SPP' Guid='{E23B33B0-C8C9-472C-A5F9-F2BDFEA0F156}' EventSourceName='Software Protection Platform Service'/><EventID Qualifiers='16384'>1040</EventID><Version>0</Version><Level>4</Level><Task>0</Task><Opcode>0</Opcode><Keywords>0x80000000000000</Keywords><TimeCreated SystemTime='2025-11-03T10:01:29.2220298Z'/><EventRecordID>77084</EventRecordID><Correlation/><Execution ProcessID='22600' ThreadID='0'/><Channel>Application</Channel><Computer>Redzep</Computer><Security/></System><EventData><Data>0ff1ce15-a989-479d-af46-f275c6370663</Data><Data>fb61ac9a-1688-45d2-8f6b-0674dbffa33c</Data><Binary>580000000A002A0000000000010001000100000002000000010001000000C0CE34E626CE4AE12CA68E80B4C70AD33EE10D0001000101000201000301000401000500000601000700000801000901000A01000B00000C01002C0000000000010001000100000003000000010001000000C0CE34E626CE4AE12CA68E80B4C7C5F70AD33EE1</Binary></EventData></Event><Event xmlns='http://schemas.microsoft.com/win/2004/08/events/event'><System><Provider Name='Microsoft-Windows-Security-SPP' Guid='{E23B33B0-C8C9-472C-A5F9-F2BDFEA0F156}' EventSourceName='Software Protection Platform Service'/><EventID Qualifiers='16384'>1040</EventID><Version>0</Version><Level>4</Level><Task>0</Task><Opcode>0</Opcode><Keywords>0x80000000000000</Keywords><TimeCreated SystemTime='2025-11-03T10:01:29.2606384Z'/><EventRecordID>77085</EventRecordID><Correlation/><Execution ProcessID='22600' ThreadID='0'/><Channel>Application</Channel><Computer>Redzep</Computer><Security/></System><EventData><Data>0ff1ce15-a989-479d-af46-f275c6370663</Data><Data>fbdb3e18-a8ef-4fb3-9183-dffd60bd0984</Data><Binary>580000000A002A0000000000010001000100000002000000010001000000C0CE34E626CE4AE12CA68E80B4C70AD33EE10D0001000101000201000301000401000500000601000700000801000901000A01000B00000C01002C0000000000010001000100000003000000010001000000C0CE34E626CE4AE12CA68E80B4C7C5F70AD33EE1</Binary></EventData></Event><Event xmlns='http://schemas.microsoft.com/win/2004/08/events/event'><System><Provider Name='Microsoft-Windows-Security-SPP' Guid='{E23B33B0-C8C9-472C-A5F9-F2BDFEA0F156}' EventSourceName='Software Protection Platform Service'/><EventID Qualifiers='16384'>1003</EventID><Version>0</Version><Level>4</Level><Task>0</Task><Opcode>0</Opcode><Keywords>0x80000000000000</Keywords><TimeCreated SystemTime='2025-11-03T10:01:29.2957294Z'/><EventRecordID>77086</EventRecordID><Correlation/><Execution ProcessID='22600' ThreadID='0'/><Channel>Application</Channel><Computer>Redzep</Computer><Security/></System><EventData><Data>0ff1ce15-a989-479d-af46-f275c6370663</Data><Data>
1: 080a45c5-9f9f-49eb-b4b0-c3c610a5ebd3, 1, 0 [(0 [0xC004F014, 0, 0], [(?)(?)(?)(?)(?)(?)(?)(?)])(1 )(2 )(3 )]
2: 17739068-86c4-4924-8633-1e529abc7efc, 1, 0 [(0 [0xC004F014, 0, 0], [(?)(?)(?)(?)(?)(?)(?)(?)])(1 )(2 )(3 )]
3: 1d826e94-0c6f-438c-8361-334005965828, 1, 0 [(0 [0xC004F014, 0, 0], [(?)(?)(?)(?)(?)(?)(?)(?)])(1 )(2 )(3 )]
4: 223a60d8-9002-4a55-abac-593f5b66ca45, 1, 0 [(0 [0xC004F014, 0, 0], [(?)(?)(?)(?)(?)(?)(?)(?)])(1 )(2 )(3 )]
5: 3d8c541c-cc3f-4269-8bc0-03dc901f172d, 1, 0 [(0 [0xC004F014, 0, 0], [(?)(?)(?)(?)(?)(?)(?)(?)])(1 )(2 )(3 )]
6: 3f180b30-9b05-4fe2-aa8d-0c1c4790f811, 1, 0 [(0 [0xC004F014, 0, 0], [(?)(?)(?)(?)(?)(?)(?)(?)])(1 )(2 )(3 )]
7: 528571ab-5978-4ecf-8f7f-d0e9835ab1d7, 1, 0 [(0 [0xC004F014, 0, 0], [(?)(?)(?)(?)(?)(?)(?)(?)])(1 )(2 )(3 )]
8: 76093b1b-7057-49d7-b970-638ebcbfd873, 1, 0 [(0 [0xC004F014, 0, 0], [(?)(?)(?)(?)(?)(?)(?)(?)])(1 )(2 )(3 )]
9: 76881159-155c-43e0-9db7-2d70a9a3a4ca, 1, 1 [(0 [0x00000000, 1, 0], [(?)( 1 0x00000000)(?)( 2 0x00000000 0 0 msft:rm/algorithm/volume/1.0 0x00000000 249949)(?)(?)(?)(?)])(1 )(2 )(3 )]
10: 8fa633b7-e02e-4c83-8564-042eadc6ff83, 1, 0 [(0 [0xC004F014, 0, 0], [(?)(?)(?)(?)(?)(?)(?)(?)])(1 )(2 )(3 )]
11: a3b44174-2451-4cd6-b25f-66638bfb9046, 1, 0 [(0 [0xC004F014, 0, 0], [(?)(?)(?)(?)(?)(?)(?)(?)])(1 )(2 )(3 )]
12: c590605a-a08a-4cc7-8dc2-f1ffb3d06949, 1, 0 [(0 [0xC004F014, 0, 0], [(?)(?)(?)(?)(?)(?)(?)(?)])(1 )(2 )(3 )]
13: d37c765f-12f2-4acd-83b9-957f10c29a05, 1, 0 [(0 [0xC004F014, 0, 0], [(?)(?)(?)(?)(?)(?)(?)(?)])(1 )(2 )(3 )]
14: f3fb2d68-83dd-4c8b-8f09-08e0d950ac3b, 1, 0 [(0 [0xC004F014, 0, 0], [(?)(?)(?)(?)(?)(?)(?)(?)])(1 )(2 )(3 )]
15: fb61ac9a-1688-45d2-8f6b-0674dbffa33c, 1, 1 [(0 [0x00000000, 1, 0], [(?)( 1 0x00000000)(?)( 2 0x00000000 0 0 msft:rm/algorithm/volume/1.0 0x00000000 249949)(?)(?)(?)(?)])(1 )(2 )(3 )]
16: fbdb3e18-a8ef-4fb3-9183-dffd60bd0984, 1, 1 [(0 [0x00000000, 1, 0], [(?)( 1 0x00000000)(?)( 2 0x00000000 0 0 msft:rm/algorithm/volume/1.0 0x00000000 249949)(?)(?)(?)(?)])(1 )(2 )(3 )]

</Data></EventData></Event><Event xmlns='http://schemas.microsoft.com/win/2004/08/events/event'><System><Provider Name='Microsoft-Windows-Security-SPP' Guid='{E23B33B0-C8C9-472C-A5F9-F2BDFEA0F156}' EventSourceName='Software Protection Platform Service'/><EventID Qualifiers='16384'>1003</EventID><Version>0</Version><Level>4</Level><Task>0</Task><Opcode>0</Opcode><Keywords>0x80000000000000</Keywords><TimeCreated SystemTime='2025-11-03T10:01:29.3413565Z'/><EventRecordID>77087</EventRecordID><Correlation/><Execution ProcessID='22600' ThreadID='0'/><Channel>Application</Channel><Computer>Redzep</Computer><Security/></System><EventData><Data>0ff1ce15-a989-479d-af46-f275c6370663</Data><Data>
1: 76881159-155c-43e0-9db7-2d70a9a3a4ca, 1, 1 [(0 [0x00000000, 1, 0], [(?)( 1 0x00000000)(?)( 2 0x00000000 0 0 msft:rm/algorithm/volume/1.0 0x00000000 249949)(?)(?)(?)(?)])(1 )(2 )(3 )]

</Data></EventData></Event><Event xmlns='http://schemas.microsoft.com/win/2004/08/events/event'><System><Provider Name='Microsoft-Windows-Security-SPP' Guid='{E23B33B0-C8C9-472C-A5F9-F2BDFEA0F156}' EventSourceName='Software Protection Platform Service'/><EventID Qualifiers='16384'>1003</EventID><Version>0</Version><Level>4</Level><Task>0</Task><Opcode>0</Opcode><Keywords>0x80000000000000</Keywords><TimeCreated SystemTime='2025-11-03T10:01:29.3725062Z'/><EventRecordID>77088</EventRecordID><Correlation/><Execution ProcessID='22600' ThreadID='0'/><Channel>Application</Channel><Computer>Redzep</Computer><Security/></System><EventData><Data>0ff1ce15-a989-479d-af46-f275c6370663</Data><Data>
1: fb61ac9a-1688-45d2-8f6b-0674dbffa33c, 1, 1 [(0 [0x00000000, 1, 0], [(?)( 1 0x00000000)(?)( 2 0x00000000 0 0 msft:rm/algorithm/volume/1.0 0x00000000 249949)(?)(?)(?)(?)])(1 )(2 )(3 )]

</Data></EventData></Event><Event xmlns='http://schemas.microsoft.com/win/2004/08/events/event'><System><Provider Name='Microsoft-Windows-Security-SPP' Guid='{E23B33B0-C8C9-472C-A5F9-F2BDFEA0F156}' EventSourceName='Software Protection Platform Service'/><EventID Qualifiers='16384'>1003</EventID><Version>0</Version><Level>4</Level><Task>0</Task><Opcode>0</Opcode><Keywords>0x80000000000000</Keywords><TimeCreated SystemTime='2025-11-03T10:01:29.4037121Z'/><EventRecordID>77089</EventRecordID><Correlation/><Execution ProcessID='22600' ThreadID='0'/><Channel>Application</Channel><Computer>Redzep</Computer><Security/></System><EventData><Data>0ff1ce15-a989-479d-af46-f275c6370663</Data><Data>
1: fbdb3e18-a8ef-4fb3-9183-dffd60bd0984, 1, 1 [(0 [0x00000000, 1, 0], [(?)( 1 0x00000000)(?)( 2 0x00000000 0 0 msft:rm/algorithm/volume/1.0 0x00000000 249949)(?)(?)(?)(?)])(1 )(2 )(3 )]

</Data></EventData></Event><Event xmlns='http://schemas.microsoft.com/win/2004/08/events/event'><System><Provider Name='Microsoft-Windows-Security-SPP' Guid='{E23B33B0-C8C9-472C-A5F9-F2BDFEA0F156}' EventSourceName='Software Protection Platform Service'/><EventID Qualifiers='16384'>1003</EventID><Version>0</Version><Level>4</Level><Task>0</Task><Opcode>0</Opcode><Keywords>0x80000000000000</Keywords><TimeCreated SystemTime='2025-11-03T10:01:29.4640556Z'/><EventRecordID>77090</EventRecordID><Correlation/><Execution ProcessID='22600' ThreadID='0'/><Channel>Application</Channel><Computer>Redzep</Computer><Security/></System><EventData><Data>0ff1ce15-a989-479d-af46-f275c6370663</Data><Data>
1: fbdb3e18-a8ef-4fb3-9183-dffd60bd0984, 1, 1 [(0 [0x00000000, 1, 0], [(?)( 1 0x00000000)(?)( 2 0x00000000 0 0 msft:rm/algorithm/volume/1.0 0x00000000 249949)(?)(?)(?)(?)])(1 )(2 )(3 )]

</Data></EventData></Event><Event xmlns='http://schemas.microsoft.com/win/2004/08/events/event'><System><Provider Name='Microsoft-Windows-Security-SPP' Guid='{E23B33B0-C8C9-472C-A5F9-F2BDFEA0F156}' EventSourceName='Software Protection Platform Service'/><EventID Qualifiers='16384'>16384</EventID><Version>0</Version><Level>4</Level><Task>0</Task><Opcode>0</Opcode><Keywords>0x80000000000000</Keywords><TimeCreated SystemTime='2025-11-03T10:02:00.1895340Z'/><EventRecordID>77091</EventRecordID><Correlation/><Execution ProcessID='22600' ThreadID='0'/><Channel>Application</Channel><Computer>Redzep</Computer><Security/></System><EventData><Data>2025-11-03T23:50:00Z</Data><Data>RulesEngine</Data></EventData></Event><Event xmlns='http://schemas.microsoft.com/win/2004/08/events/event'><System><Provider Name='Microsoft-Windows-Security-SPP' Guid='{E23B33B0-C8C9-472C-A5F9-F2BDFEA0F156}' EventSourceName='Software Protection Platform Service'/><EventID Qualifiers='49152'>16394</EventID><Version>0</Version><Level>4</Level><Task>0</Task><Opcode>0</Opcode><Keywords>0x80000000000000</Keywords><TimeCreated SystemTime='2025-11-03T10:05:59.8056874Z'/><EventRecordID>77092</EventRecordID><Correlation/><Execution ProcessID='18648' ThreadID='0'/><Channel>Application</Channel><Computer>Redzep</Computer><Security/></System><EventData></EventData></Event><Event xmlns='http://schemas.microsoft.com/win/2004/08/events/event'><System><Provider Name='Microsoft-Windows-Security-SPP' Guid='{E23B33B0-C8C9-472C-A5F9-F2BDFEA0F156}' EventSourceName='Software Protection Platform Service'/><EventID Qualifiers='16384'>1003</EventID><Version>0</Version><Level>4</Level><Task>0</Task><Opcode>0</Opcode><Keywords>0x80000000000000</Keywords><TimeCreated SystemTime='2025-11-03T10:06:00.0907457Z'/><EventRecordID>77093</EventRecordID><Correlation/><Execution ProcessID='18648' ThreadID='0'/><Channel>Application</Channel><Computer>Redzep</Computer><Security/></System><EventData><Data>0ff1ce15-a989-479d-af46-f275c6370663</Data><Data>
1: 080a45c5-9f9f-49eb-b4b0-c3c610a5ebd3, 1, 0 [(0 [0xC004F014, 0, 0], [(?)(?)(?)(?)(?)(?)(?)(?)])(1 )(2 )(3 )]
2: 17739068-86c4-4924-8633-1e529abc7efc, 1, 0 [(0 [0xC004F014, 0, 0], [(?)(?)(?)(?)(?)(?)(?)(?)])(1 )(2 )(3 )]
3: 1d826e94-0c6f-438c-8361-334005965828, 1, 0 [(0 [0xC004F014, 0, 0], [(?)(?)(?)(?)(?)(?)(?)(?)])(1 )(2 )(3 )]
4: 223a60d8-9002-4a55-abac-593f5b66ca45, 1, 0 [(0 [0xC004F014, 0, 0], [(?)(?)(?)(?)(?)(?)(?)(?)])(1 )(2 )(3 )]
5: 3d8c541c-cc3f-4269-8bc0-03dc901f172d, 1, 0 [(0 [0xC004F014, 0, 0], [(?)(?)(?)(?)(?)(?)(?)(?)])(1 )(2 )(3 )]
6: 3f180b30-9b05-4fe2-aa8d-0c1c4790f811, 1, 0 [(0 [0xC004F014, 0, 0], [(?)(?)(?)(?)(?)(?)(?)(?)])(1 )(2 )(3 )]
7: 528571ab-5978-4ecf-8f7f-d0e9835ab1d7, 1, 0 [(0 [0xC004F014, 0, 0], [(?)(?)(?)(?)(?)(?)(?)(?)])(1 )(2 )(3 )]
8: 76093b1b-7057-49d7-b970-638ebcbfd873, 1, 0 [(0 [0xC004F014, 0, 0], [(?)(?)(?)(?)(?)(?)(?)(?)])(1 )(2 )(3 )]
9: 76881159-155c-43e0-9db7-2d70a9a3a4ca, 1, 1 [(0 [0x00000000, 1, 0], [(?)( 1 0x00000000)(?)( 2 0x00000000 0 0 msft:rm/algorithm/volume/1.0 0x00000000 249945)(?)(?)(?)(?)])(1 )(2 )(3 )]
10: 8fa633b7-e02e-4c83-8564-042eadc6ff83, 1, 0 [(0 [0xC004F014, 0, 0], [(?)(?)(?)(?)(?)(?)(?)(?)])(1 )(2 )(3 )]
11: a3b44174-2451-4cd6-b25f-66638bfb9046, 1, 0 [(0 [0xC004F014, 0, 0], [(?)(?)(?)(?)(?)(?)(?)(?)])(1 )(2 )(3 )]
12: c590605a-a08a-4cc7-8dc2-f1ffb3d06949, 1, 0 [(0 [0xC004F014, 0, 0], [(?)(?)(?)(?)(?)(?)(?)(?)])(1 )(2 )(3 )]
13: d37c765f-12f2-4acd-83b9-957f10c29a05, 1, 0 [(0 [0xC004F014, 0, 0], [(?)(?)(?)(?)(?)(?)(?)(?)])(1 )(2 )(3 )]
14: f3fb2d68-83dd-4c8b-8f09-08e0d950ac3b, 1, 0 [(0 [0xC004F014, 0, 0], [(?)(?)(?)(?)(?)(?)(?)(?)])(1 )(2 )(3 )]
15: fb61ac9a-1688-45d2-8f6b-0674dbffa33c, 1, 1 [(0 [0x00000000, 1, 0], [(?)( 1 0x00000000)(?)( 2 0x00000000 0 0 msft:rm/algorithm/volume/1.0 0x00000000 249945)(?)(?)(?)(?)])(1 )(2 )(3 )]
16: fbdb3e18-a8ef-4fb3-9183-dffd60bd0984, 1, 1 [(0 [0x00000000, 1, 0], [(?)( 1 0x00000000)(?)( 2 0x00000000 0 0 msft:rm/algorithm/volume/1.0 0x00000000 249945)(?)(?)(?)(?)])(1 )(2 )(3 )]

</Data></EventData></Event><Event xmlns='http://schemas.microsoft.com/win/2004/08/events/event'><System><Provider Name='Microsoft-Windows-Security-SPP' Guid='{E23B33B0-C8C9-472C-A5F9-F2BDFEA0F156}' EventSourceName='Software Protection Platform Service'/><EventID Qualifiers='16384'>1003</EventID><Version>0</Version><Level>4</Level><Task>0</Task><Opcode>0</Opcode><Keywords>0x80000000000000</Keywords><TimeCreated SystemTime='2025-11-03T10:06:00.1332254Z'/><EventRecordID>77094</EventRecordID><Correlation/><Execution ProcessID='18648' ThreadID='0'/><Channel>Application</Channel><Computer>Redzep</Computer><Security/></System><EventData><Data>0ff1ce15-a989-479d-af46-f275c6370663</Data><Data>
1: 76881159-155c-43e0-9db7-2d70a9a3a4ca, 1, 1 [(0 [0x00000000, 1, 0], [(?)( 1 0x00000000)(?)( 2 0x00000000 0 0 msft:rm/algorithm/volume/1.0 0x00000000 249945)(?)(?)(?)(?)])(1 )(2 )(3 )]

</Data></EventData></Event><Event xmlns='http://schemas.microsoft.com/win/2004/08/events/event'><System><Provider Name='Microsoft-Windows-Security-SPP' Guid='{E23B33B0-C8C9-472C-A5F9-F2BDFEA0F156}' EventSourceName='Software Protection Platform Service'/><EventID Qualifiers='16384'>1003</EventID><Version>0</Version><Level>4</Level><Task>0</Task><Opcode>0</Opcode><Keywords>0x80000000000000</Keywords><TimeCreated SystemTime='2025-11-03T10:06:00.1667420Z'/><EventRecordID>77095</EventRecordID><Correlation/><Execution ProcessID='18648' ThreadID='0'/><Channel>Application</Channel><Computer>Redzep</Computer><Security/></System><EventData><Data>0ff1ce15-a989-479d-af46-f275c6370663</Data><Data>
1: fb61ac9a-1688-45d2-8f6b-0674dbffa33c, 1, 1 [(0 [0x00000000, 1, 0], [(?)( 1 0x00000000)(?)( 2 0x00000000 0 0 msft:rm/algorithm/volume/1.0 0x00000000 249945)(?)(?)(?)(?)])(1 )(2 )(3 )]

</Data></EventData></Event><Event xmlns='http://schemas.microsoft.com/win/2004/08/events/event'><System><Provider Name='Microsoft-Windows-Security-SPP' Guid='{E23B33B0-C8C9-472C-A5F9-F2BDFEA0F156}' EventSourceName='Software Protection Platform Service'/><EventID Qualifiers='16384'>1003</EventID><Version>0</Version><Level>4</Level><Task>0</Task><Opcode>0</Opcode><Keywords>0x80000000000000</Keywords><TimeCreated SystemTime='2025-11-03T10:06:00.2009853Z'/><EventRecordID>77096</EventRecordID><Correlation/><Execution ProcessID='18648' ThreadID='0'/><Channel>Application</Channel><Computer>Redzep</Computer><Security/></System><EventData><Data>0ff1ce15-a989-479d-af46-f275c6370663</Data><Data>
1: fbdb3e18-a8ef-4fb3-9183-dffd60bd0984, 1, 1 [(0 [0x00000000, 1, 0], [(?)( 1 0x00000000)(?)( 2 0x00000000 0 0 msft:rm/algorithm/volume/1.0 0x00000000 249945)(?)(?)(?)(?)])(1 )(2 )(3 )]

</Data></EventData></Event><Event xmlns='http://schemas.microsoft.com/win/2004/08/events/event'><System><Provider Name='Microsoft-Windows-Security-SPP' Guid='{E23B33B0-C8C9-472C-A5F9-F2BDFEA0F156}' EventSourceName='Software Protection Platform Service'/><EventID Qualifiers='16384'>1003</EventID><Version>0</Version><Level>4</Level><Task>0</Task><Opcode>0</Opcode><Keywords>0x80000000000000</Keywords><TimeCreated SystemTime='2025-11-03T10:06:00.2624814Z'/><EventRecordID>77097</EventRecordID><Correlation/><Execution ProcessID='18648' ThreadID='0'/><Channel>Application</Channel><Computer>Redzep</Computer><Security/></System><EventData><Data>0ff1ce15-a989-479d-af46-f275c6370663</Data><Data>
1: fbdb3e18-a8ef-4fb3-9183-dffd60bd0984, 1, 1 [(0 [0x00000000, 1, 0], [(?)( 1 0x00000000)(?)( 2 0x00000000 0 0 msft:rm/algorithm/volume/1.0 0x00000000 249945)(?)(?)(?)(?)])(1 )(2 )(3 )]

</Data></EventData></Event><Event xmlns='http://schemas.microsoft.com/win/2004/08/events/event'><System><Provider Name='Microsoft-Windows-Security-SPP' Guid='{E23B33B0-C8C9-472C-A5F9-F2BDFEA0F156}' EventSourceName='Software Protection Platform Service'/><EventID Qualifiers='16384'>16384</EventID><Version>0</Version><Level>4</Level><Task>0</Task><Opcode>0</Opcode><Keywords>0x80000000000000</Keywords><TimeCreated SystemTime='2025-11-03T10:06:30.7826289Z'/><EventRecordID>77098</EventRecordID><Correlation/><Execution ProcessID='18648' ThreadID='0'/><Channel>Application</Channel><Computer>Redzep</Computer><Security/></System><EventData><Data>2025-11-03T23:49:30Z</Data><Data>RulesEngine</Data></EventData></Event><Event xmlns='http://schemas.microsoft.com/win/2004/08/events/event'><System><Provider Name='Edge'/><EventID Qualifiers='32768'>256</EventID><Version>0</Version><Level>4</Level><Task>1</Task><Opcode>0</Opcode><Keywords>0x80000000000000</Keywords><TimeCreated SystemTime='2025-11-03T10:07:55.5423216Z'/><EventRecordID>77099</EventRecordID><Correlation/><Execution ProcessID='23032' ThreadID='0'/><Channel>Application</Channel><Computer>Redzep</Computer><Security UserID='S-1-5-21-2249670643-648898893-1642193712-1002'/></System><EventData><Data>[23032:1004:1103/130755.541:INFO:chrome\browser\extensions\extension_garbage_collector.cc:188] Garbage collection for extensions on file thread is complete.</Data></EventData></Event><Event xmlns='http://schemas.microsoft.com/win/2004/08/events/event'><System><Provider Name='Microsoft-Windows-Security-SPP' Guid='{E23B33B0-C8C9-472C-A5F9-F2BDFEA0F156}' EventSourceName='Software Protection Platform Service'/><EventID Qualifiers='49152'>16394</EventID><Version>0</Version><Level>4</Level><Task>0</Task><Opcode>0</Opcode><Keywords>0x80000000000000</Keywords><TimeCreated SystemTime='2025-11-03T10:12:24.0711290Z'/><EventRecordID>77100</EventRecordID><Correlation/><Execution ProcessID='22440' ThreadID='0'/><Channel>Application</Channel><Computer>Redzep</Computer><Security/></System><EventData></EventData></Event><Event xmlns='http://schemas.microsoft.com/win/2004/08/events/event'><System><Provider Name='Microsoft-Windows-Security-SPP' Guid='{E23B33B0-C8C9-472C-A5F9-F2BDFEA0F156}' EventSourceName='Software Protection Platform Service'/><EventID Qualifiers='16384'>16384</EventID><Version>0</Version><Level>4</Level><Task>0</Task><Opcode>0</Opcode><Keywords>0x80000000000000</Keywords><TimeCreated SystemTime='2025-11-03T10:12:54.2985093Z'/><EventRecordID>77101</EventRecordID><Correlation/><Execution ProcessID='22440' ThreadID='0'/><Channel>Application</Channel><Computer>Redzep</Computer><Security/></System><EventData><Data>2025-11-03T23:49:54Z</Data><Data>RulesEngine</Data></EventData></Event><Event xmlns='http://schemas.microsoft.com/win/2004/08/events/event'><System><Provider Name='Microsoft-Windows-Security-SPP' Guid='{E23B33B0-C8C9-472C-A5F9-F2BDFEA0F156}' EventSourceName='Software Protection Platform Service'/><EventID Qualifiers='49152'>16394</EventID><Version>0</Version><Level>4</Level><Task>0</Task><Opcode>0</Opcode><Keywords>0x80000000000000</Keywords><TimeCreated SystemTime='2025-11-03T10:20:22.0506811Z'/><EventRecordID>77102</EventRecordID><Correlation/><Execution ProcessID='17308' ThreadID='0'/><Channel>Application</Channel><Computer>Redzep</Computer><Security/></System><EventData></EventData></Event><Event xmlns='http://schemas.microsoft.com/win/2004/08/events/event'><System><Provider Name='Microsoft-Windows-Security-SPP' Guid='{E23B33B0-C8C9-472C-A5F9-F2BDFEA0F156}' EventSourceName='Software Protection Platform Service'/><EventID Qualifiers='16384'>1003</EventID><Version>0</Version><Level>4</Level><Task>0</Task><Opcode>0</Opcode><Keywords>0x80000000000000</Keywords><TimeCreated SystemTime='2025-11-03T10:20:22.3304780Z'/><EventRecordID>77103</EventRecordID><Correlation/><Execution ProcessID='17308' ThreadID='0'/><Channel>Application</Channel><Computer>Redzep</Computer><Security/></System><EventData><Data>0ff1ce15-a989-479d-af46-f275c6370663</Data><Data>
1: 080a45c5-9f9f-49eb-b4b0-c3c610a5ebd3, 1, 0 [(0 [0xC004F014, 0, 0], [(?)(?)(?)(?)(?)(?)(?)(?)])(1 )(2 )(3 )]
2: 17739068-86c4-4924-8633-1e529abc7efc, 1, 0 [(0 [0xC004F014, 0, 0], [(?)(?)(?)(?)(?)(?)(?)(?)])(1 )(2 )(3 )]
3: 1d826e94-0c6f-438c-8361-334005965828, 1, 0 [(0 [0xC004F014, 0, 0], [(?)(?)(?)(?)(?)(?)(?)(?)])(1 )(2 )(3 )]
4: 223a60d8-9002-4a55-abac-593f5b66ca45, 1, 0 [(0 [0xC004F014, 0, 0], [(?)(?)(?)(?)(?)(?)(?)(?)])(1 )(2 )(3 )]
5: 3d8c541c-cc3f-4269-8bc0-03dc901f172d, 1, 0 [(0 [0xC004F014, 0, 0], [(?)(?)(?)(?)(?)(?)(?)(?)])(1 )(2 )(3 )]
6: 3f180b30-9b05-4fe2-aa8d-0c1c4790f811, 1, 0 [(0 [0xC004F014, 0, 0], [(?)(?)(?)(?)(?)(?)(?)(?)])(1 )(2 )(3 )]
7: 528571ab-5978-4ecf-8f7f-d0e9835ab1d7, 1, 0 [(0 [0xC004F014, 0, 0], [(?)(?)(?)(?)(?)(?)(?)(?)])(1 )(2 )(3 )]
8: 76093b1b-7057-49d7-b970-638ebcbfd873, 1, 0 [(0 [0xC004F014, 0, 0], [(?)(?)(?)(?)(?)(?)(?)(?)])(1 )(2 )(3 )]
9: 76881159-155c-43e0-9db7-2d70a9a3a4ca, 1, 1 [(0 [0x00000000, 1, 0], [(?)( 1 0x00000000)(?)( 2 0x00000000 0 0 msft:rm/algorithm/volume/1.0 0x00000000 249930)(?)(?)(?)(?)])(1 )(2 )(3 )]
10: 8fa633b7-e02e-4c83-8564-042eadc6ff83, 1, 0 [(0 [0xC004F014, 0, 0], [(?)(?)(?)(?)(?)(?)(?)(?)])(1 )(2 )(3 )]
11: a3b44174-2451-4cd6-b25f-66638bfb9046, 1, 0 [(0 [0xC004F014, 0, 0], [(?)(?)(?)(?)(?)(?)(?)(?)])(1 )(2 )(3 )]
12: c590605a-a08a-4cc7-8dc2-f1ffb3d06949, 1, 0 [(0 [0xC004F014, 0, 0], [(?)(?)(?)(?)(?)(?)(?)(?)])(1 )(2 )(3 )]
13: d37c765f-12f2-4acd-83b9-957f10c29a05, 1, 0 [(0 [0xC004F014, 0, 0], [(?)(?)(?)(?)(?)(?)(?)(?)])(1 )(2 )(3 )]
14: f3fb2d68-83dd-4c8b-8f09-08e0d950ac3b, 1, 0 [(0 [0xC004F014, 0, 0], [(?)(?)(?)(?)(?)(?)(?)(?)])(1 )(2 )(3 )]
15: fb61ac9a-1688-45d2-8f6b-0674dbffa33c, 1, 1 [(0 [0x00000000, 1, 0], [(?)( 1 0x00000000)(?)( 2 0x00000000 0 0 msft:rm/algorithm/volume/1.0 0x00000000 249930)(?)(?)(?)(?)])(1 )(2 )(3 )]
16: fbdb3e18-a8ef-4fb3-9183-dffd60bd0984, 1, 1 [(0 [0x00000000, 1, 0], [(?)( 1 0x00000000)(?)( 2 0x00000000 0 0 msft:rm/algorithm/volume/1.0 0x00000000 249930)(?)(?)(?)(?)])(1 )(2 )(3 )]

</Data></EventData></Event><Event xmlns='http://schemas.microsoft.com/win/2004/08/events/event'><System><Provider Name='Microsoft-Windows-Security-SPP' Guid='{E23B33B0-C8C9-472C-A5F9-F2BDFEA0F156}' EventSourceName='Software Protection Platform Service'/><EventID Qualifiers='16384'>1003</EventID><Version>0</Version><Level>4</Level><Task>0</Task><Opcode>0</Opcode><Keywords>0x80000000000000</Keywords><TimeCreated SystemTime='2025-11-03T10:20:22.3876150Z'/><EventRecordID>77104</EventRecordID><Correlation/><Execution ProcessID='17308' ThreadID='0'/><Channel>Application</Channel><Computer>Redzep</Computer><Security/></System><EventData><Data>0ff1ce15-a989-479d-af46-f275c6370663</Data><Data>
1: 76881159-155c-43e0-9db7-2d70a9a3a4ca, 1, 1 [(0 [0x00000000, 1, 0], [(?)( 1 0x00000000)(?)( 2 0x00000000 0 0 msft:rm/algorithm/volume/1.0 0x00000000 249930)(?)(?)(?)(?)])(1 )(2 )(3 )]

</Data></EventData></Event><Event xmlns='http://schemas.microsoft.com/win/2004/08/events/event'><System><Provider Name='Microsoft-Windows-Security-SPP' Guid='{E23B33B0-C8C9-472C-A5F9-F2BDFEA0F156}' EventSourceName='Software Protection Platform Service'/><EventID Qualifiers='16384'>1003</EventID><Version>0</Version><Level>4</Level><Task>0</Task><Opcode>0</Opcode><Keywords>0x80000000000000</Keywords><TimeCreated SystemTime='2025-11-03T10:20:22.4237762Z'/><EventRecordID>77105</EventRecordID><Correlation/><Execution ProcessID='17308' ThreadID='0'/><Channel>Application</Channel><Computer>Redzep</Computer><Security/></System><EventData><Data>0ff1ce15-a989-479d-af46-f275c6370663</Data><Data>
1: fb61ac9a-1688-45d2-8f6b-0674dbffa33c, 1, 1 [(0 [0x00000000, 1, 0], [(?)( 1 0x00000000)(?)( 2 0x00000000 0 0 msft:rm/algorithm/volume/1.0 0x00000000 249930)(?)(?)(?)(?)])(1 )(2 )(3 )]

</Data></EventData></Event><Event xmlns='http://schemas.microsoft.com/win/2004/08/events/event'><System><Provider Name='Microsoft-Windows-Security-SPP' Guid='{E23B33B0-C8C9-472C-A5F9-F2BDFEA0F156}' EventSourceName='Software Protection Platform Service'/><EventID Qualifiers='16384'>1003</EventID><Version>0</Version><Level>4</Level><Task>0</Task><Opcode>0</Opcode><Keywords>0x80000000000000</Keywords><TimeCreated SystemTime='2025-11-03T10:20:22.4574293Z'/><EventRecordID>77106</EventRecordID><Correlation/><Execution ProcessID='17308' ThreadID='0'/><Channel>Application</Channel><Computer>Redzep</Computer><Security/></System><EventData><Data>0ff1ce15-a989-479d-af46-f275c6370663</Data><Data>
1: fbdb3e18-a8ef-4fb3-9183-dffd60bd0984, 1, 1 [(0 [0x00000000, 1, 0], [(?)( 1 0x00000000)(?)( 2 0x00000000 0 0 msft:rm/algorithm/volume/1.0 0x00000000 249930)(?)(?)(?)(?)])(1 )(2 )(3 )]

</Data></EventData></Event><Event xmlns='http://schemas.microsoft.com/win/2004/08/events/event'><System><Provider Name='Microsoft-Windows-Security-SPP' Guid='{E23B33B0-C8C9-472C-A5F9-F2BDFEA0F156}' EventSourceName='Software Protection Platform Service'/><EventID Qualifiers='16384'>1003</EventID><Version>0</Version><Level>4</Level><Task>0</Task><Opcode>0</Opcode><Keywords>0x80000000000000</Keywords><TimeCreated SystemTime='2025-11-03T10:20:22.5208221Z'/><EventRecordID>77107</EventRecordID><Correlation/><Execution ProcessID='17308' ThreadID='0'/><Channel>Application</Channel><Computer>Redzep</Computer><Security/></System><EventData><Data>0ff1ce15-a989-479d-af46-f275c6370663</Data><Data>
1: fbdb3e18-a8ef-4fb3-9183-dffd60bd0984, 1, 1 [(0 [0x00000000, 1, 0], [(?)( 1 0x00000000)(?)( 2 0x00000000 0 0 msft:rm/algorithm/volume/1.0 0x00000000 249930)(?)(?)(?)(?)])(1 )(2 )(3 )]

</Data></EventData></Event><Event xmlns='http://schemas.microsoft.com/win/2004/08/events/event'><System><Provider Name='Microsoft-Windows-Security-SPP' Guid='{E23B33B0-C8C9-472C-A5F9-F2BDFEA0F156}' EventSourceName='Software Protection Platform Service'/><EventID Qualifiers='16384'>16384</EventID><Version>0</Version><Level>4</Level><Task>0</Task><Opcode>0</Opcode><Keywords>0x80000000000000</Keywords><TimeCreated SystemTime='2025-11-03T10:20:53.6785199Z'/><EventRecordID>77108</EventRecordID><Correlation/><Execution ProcessID='17308' ThreadID='0'/><Channel>Application</Channel><Computer>Redzep</Computer><Security/></System><EventData><Data>2025-11-03T23:49:53Z</Data><Data>RulesEngine</Data></EventData></Event><Event xmlns='http://schemas.microsoft.com/win/2004/08/events/event'><System><Provider Name='Microsoft-Windows-Security-SPP' Guid='{E23B33B0-C8C9-472C-A5F9-F2BDFEA0F156}' EventSourceName='Software Protection Platform Service'/><EventID Qualifiers='49152'>16394</EventID><Version>0</Version><Level>4</Level><Task>0</Task><Opcode>0</Opcode><Keywords>0x80000000000000</Keywords><TimeCreated SystemTime='2025-11-03T10:30:25.7311117Z'/><EventRecordID>77109</EventRecordID><Correlation/><Execution ProcessID='6128' ThreadID='0'/><Channel>Application</Channel><Computer>Redzep</Computer><Security/></System><EventData></EventData></Event><Event xmlns='http://schemas.microsoft.com/win/2004/08/events/event'><System><Provider Name='Microsoft-Windows-Security-SPP' Guid='{E23B33B0-C8C9-472C-A5F9-F2BDFEA0F156}' EventSourceName='Software Protection Platform Service'/><EventID Qualifiers='16384'>1003</EventID><Version>0</Version><Level>4</Level><Task>0</Task><Opcode>0</Opcode><Keywords>0x80000000000000</Keywords><TimeCreated SystemTime='2025-11-03T10:30:26.0215035Z'/><EventRecordID>77110</EventRecordID><Correlation/><Execution ProcessID='6128' ThreadID='0'/><Channel>Application</Channel><Computer>Redzep</Computer><Security/></System><EventData><Data>0ff1ce15-a989-479d-af46-f275c6370663</Data><Data>
1: 080a45c5-9f9f-49eb-b4b0-c3c610a5ebd3, 1, 0 [(0 [0xC004F014, 0, 0], [(?)(?)(?)(?)(?)(?)(?)(?)])(1 )(2 )(3 )]
2: 17739068-86c4-4924-8633-1e529abc7efc, 1, 0 [(0 [0xC004F014, 0, 0], [(?)(?)(?)(?)(?)(?)(?)(?)])(1 )(2 )(3 )]
3: 1d826e94-0c6f-438c-8361-334005965828, 1, 0 [(0 [0xC004F014, 0, 0], [(?)(?)(?)(?)(?)(?)(?)(?)])(1 )(2 )(3 )]
4: 223a60d8-9002-4a55-abac-593f5b66ca45, 1, 0 [(0 [0xC004F014, 0, 0], [(?)(?)(?)(?)(?)(?)(?)(?)])(1 )(2 )(3 )]
5: 3d8c541c-cc3f-4269-8bc0-03dc901f172d, 1, 0 [(0 [0xC004F014, 0, 0], [(?)(?)(?)(?)(?)(?)(?)(?)])(1 )(2 )(3 )]
6: 3f180b30-9b05-4fe2-aa8d-0c1c4790f811, 1, 0 [(0 [0xC004F014, 0, 0], [(?)(?)(?)(?)(?)(?)(?)(?)])(1 )(2 )(3 )]
7: 528571ab-5978-4ecf-8f7f-d0e9835ab1d7, 1, 0 [(0 [0xC004F014, 0, 0], [(?)(?)(?)(?)(?)(?)(?)(?)])(1 )(2 )(3 )]
8: 76093b1b-7057-49d7-b970-638ebcbfd873, 1, 0 [(0 [0xC004F014, 0, 0], [(?)(?)(?)(?)(?)(?)(?)(?)])(1 )(2 )(3 )]
9: 76881159-155c-43e0-9db7-2d70a9a3a4ca, 1, 1 [(0 [0x00000000, 1, 0], [(?)( 1 0x00000000)(?)( 2 0x00000000 0 0 msft:rm/algorithm/volume/1.0 0x00000000 249920)(?)(?)(?)(?)])(1 )(2 )(3 )]
10: 8fa633b7-e02e-4c83-8564-042eadc6ff83, 1, 0 [(0 [0xC004F014, 0, 0], [(?)(?)(?)(?)(?)(?)(?)(?)])(1 )(2 )(3 )]
11: a3b44174-2451-4cd6-b25f-66638bfb9046, 1, 0 [(0 [0xC004F014, 0, 0], [(?)(?)(?)(?)(?)(?)(?)(?)])(1 )(2 )(3 )]
12: c590605a-a08a-4cc7-8dc2-f1ffb3d06949, 1, 0 [(0 [0xC004F014, 0, 0], [(?)(?)(?)(?)(?)(?)(?)(?)])(1 )(2 )(3 )]
13: d37c765f-12f2-4acd-83b9-957f10c29a05, 1, 0 [(0 [0xC004F014, 0, 0], [(?)(?)(?)(?)(?)(?)(?)(?)])(1 )(2 )(3 )]
14: f3fb2d68-83dd-4c8b-8f09-08e0d950ac3b, 1, 0 [(0 [0xC004F014, 0, 0], [(?)(?)(?)(?)(?)(?)(?)(?)])(1 )(2 )(3 )]
15: fb61ac9a-1688-45d2-8f6b-0674dbffa33c, 1, 1 [(0 [0x00000000, 1, 0], [(?)( 1 0x00000000)(?)( 2 0x00000000 0 0 msft:rm/algorithm/volume/1.0 0x00000000 249920)(?)(?)(?)(?)])(1 )(2 )(3 )]
16: fbdb3e18-a8ef-4fb3-9183-dffd60bd0984, 1, 1 [(0 [0x00000000, 1, 0], [(?)( 1 0x00000000)(?)( 2 0x00000000 0 0 msft:rm/algorithm/volume/1.0 0x00000000 249920)(?)(?)(?)(?)])(1 )(2 )(3 )]

</Data></EventData></Event><Event xmlns='http://schemas.microsoft.com/win/2004/08/events/event'><System><Provider Name='Microsoft-Windows-Security-SPP' Guid='{E23B33B0-C8C9-472C-A5F9-F2BDFEA0F156}' EventSourceName='Software Protection Platform Service'/><EventID Qualifiers='16384'>1003</EventID><Version>0</Version><Level>4</Level><Task>0</Task><Opcode>0</Opcode><Keywords>0x80000000000000</Keywords><TimeCreated SystemTime='2025-11-03T10:30:26.0806080Z'/><EventRecordID>77111</EventRecordID><Correlation/><Execution ProcessID='6128' ThreadID='0'/><Channel>Application</Channel><Computer>Redzep</Computer><Security/></System><EventData><Data>0ff1ce15-a989-479d-af46-f275c6370663</Data><Data>
1: 76881159-155c-43e0-9db7-2d70a9a3a4ca, 1, 1 [(0 [0x00000000, 1, 0], [(?)( 1 0x00000000)(?)( 2 0x00000000 0 0 msft:rm/algorithm/volume/1.0 0x00000000 249920)(?)(?)(?)(?)])(1 )(2 )(3 )]

</Data></EventData></Event><Event xmlns='http://schemas.microsoft.com/win/2004/08/events/event'><System><Provider Name='Microsoft-Windows-Security-SPP' Guid='{E23B33B0-C8C9-472C-A5F9-F2BDFEA0F156}' EventSourceName='Software Protection Platform Service'/><EventID Qualifiers='16384'>1003</EventID><Version>0</Version><Level>4</Level><Task>0</Task><Opcode>0</Opcode><Keywords>0x80000000000000</Keywords><TimeCreated SystemTime='2025-11-03T10:30:26.1142635Z'/><EventRecordID>77112</EventRecordID><Correlation/><Execution ProcessID='6128' ThreadID='0'/><Channel>Application</Channel><Computer>Redzep</Computer><Security/></System><EventData><Data>0ff1ce15-a989-479d-af46-f275c6370663</Data><Data>
1: fb61ac9a-1688-45d2-8f6b-0674dbffa33c, 1, 1 [(0 [0x00000000, 1, 0], [(?)( 1 0x00000000)(?)( 2 0x00000000 0 0 msft:rm/algorithm/volume/1.0 0x00000000 249920)(?)(?)(?)(?)])(1 )(2 )(3 )]

</Data></EventData></Event><Event xmlns='http://schemas.microsoft.com/win/2004/08/events/event'><System><Provider Name='Microsoft-Windows-Security-SPP' Guid='{E23B33B0-C8C9-472C-A5F9-F2BDFEA0F156}' EventSourceName='Software Protection Platform Service'/><EventID Qualifiers='16384'>1003</EventID><Version>0</Version><Level>4</Level><Task>0</Task><Opcode>0</Opcode><Keywords>0x80000000000000</Keywords><TimeCreated SystemTime='2025-11-03T10:30:26.1460943Z'/><EventRecordID>77113</EventRecordID><Correlation/><Execution ProcessID='6128' ThreadID='0'/><Channel>Application</Channel><Computer>Redzep</Computer><Security/></System><EventData><Data>0ff1ce15-a989-479d-af46-f275c6370663</Data><Data>
1: fbdb3e18-a8ef-4fb3-9183-dffd60bd0984, 1, 1 [(0 [0x00000000, 1, 0], [(?)( 1 0x00000000)(?)( 2 0x00000000 0 0 msft:rm/algorithm/volume/1.0 0x00000000 249920)(?)(?)(?)(?)])(1 )(2 )(3 )]

</Data></EventData></Event><Event xmlns='http://schemas.microsoft.com/win/2004/08/events/event'><System><Provider Name='Microsoft-Windows-Security-SPP' Guid='{E23B33B0-C8C9-472C-A5F9-F2BDFEA0F156}' EventSourceName='Software Protection Platform Service'/><EventID Qualifiers='16384'>1003</EventID><Version>0</Version><Level>4</Level><Task>0</Task><Opcode>0</Opcode><Keywords>0x80000000000000</Keywords><TimeCreated SystemTime='2025-11-03T10:30:26.2133178Z'/><EventRecordID>77114</EventRecordID><Correlation/><Execution ProcessID='6128' ThreadID='0'/><Channel>Application</Channel><Computer>Redzep</Computer><Security/></System><EventData><Data>0ff1ce15-a989-479d-af46-f275c6370663</Data><Data>
1: fbdb3e18-a8ef-4fb3-9183-dffd60bd0984, 1, 1 [(0 [0x00000000, 1, 0], [(?)( 1 0x00000000)(?)( 2 0x00000000 0 0 msft:rm/algorithm/volume/1.0 0x00000000 249920)(?)(?)(?)(?)])(1 )(2 )(3 )]

</Data></EventData></Event><Event xmlns='http://schemas.microsoft.com/win/2004/08/events/event'><System><Provider Name='Microsoft-Windows-Security-SPP' Guid='{E23B33B0-C8C9-472C-A5F9-F2BDFEA0F156}' EventSourceName='Software Protection Platform Service'/><EventID Qualifiers='16384'>16384</EventID><Version>0</Version><Level>4</Level><Task>0</Task><Opcode>0</Opcode><Keywords>0x80000000000000</Keywords><TimeCreated SystemTime='2025-11-03T10:30:57.2269921Z'/><EventRecordID>77115</EventRecordID><Correlation/><Execution ProcessID='6128' ThreadID='0'/><Channel>Application</Channel><Computer>Redzep</Computer><Security/></System><EventData><Data>2025-11-03T23:49:57Z</Data><Data>RulesEngine</Data></EventData></Event><Event xmlns='http://schemas.microsoft.com/win/2004/08/events/event'><System><Provider Name='Microsoft-Windows-Security-SPP' Guid='{E23B33B0-C8C9-472C-A5F9-F2BDFEA0F156}' EventSourceName='Software Protection Platform Service'/><EventID Qualifiers='49152'>16394</EventID><Version>0</Version><Level>4</Level><Task>0</Task><Opcode>0</Opcode><Keywords>0x80000000000000</Keywords><TimeCreated SystemTime='2025-11-03T10:36:16.1736062Z'/><EventRecordID>77116</EventRecordID><Correlation/><Execution ProcessID='10620' ThreadID='0'/><Channel>Application</Channel><Computer>Redzep</Computer><Security/></System><EventData></EventData></Event><Event xmlns='http://schemas.microsoft.com/win/2004/08/events/event'><System><Provider Name='Microsoft-Windows-Security-SPP' Guid='{E23B33B0-C8C9-472C-A5F9-F2BDFEA0F156}' EventSourceName='Software Protection Platform Service'/><EventID Qualifiers='16384'>16384</EventID><Version>0</Version><Level>4</Level><Task>0</Task><Opcode>0</Opcode><Keywords>0x80000000000000</Keywords><TimeCreated SystemTime='2025-11-03T10:36:47.5239904Z'/><EventRecordID>77117</EventRecordID><Correlation/><Execution ProcessID='10620' ThreadID='0'/><Channel>Application</Channel><Computer>Redzep</Computer><Security/></System><EventData><Data>2025-11-03T23:49:47Z</Data><Data>RulesEngine</Data></EventData></Event><Event xmlns='http://schemas.microsoft.com/win/2004/08/events/event'><System><Provider Name='Microsoft-Windows-Security-SPP' Guid='{E23B33B0-C8C9-472C-A5F9-F2BDFEA0F156}' EventSourceName='Software Protection Platform Service'/><EventID Qualifiers='49152'>16394</EventID><Version>0</Version><Level>4</Level><Task>0</Task><Opcode>0</Opcode><Keywords>0x80000000000000</Keywords><TimeCreated SystemTime='2025-11-03T10:38:37.3288623Z'/><EventRecordID>77118</EventRecordID><Correlation/><Execution ProcessID='21224' ThreadID='0'/><Channel>Application</Channel><Computer>Redzep</Computer><Security/></System><EventData></EventData></Event><Event xmlns='http://schemas.microsoft.com/win/2004/08/events/event'><System><Provider Name='Microsoft-Windows-Security-SPP' Guid='{E23B33B0-C8C9-472C-A5F9-F2BDFEA0F156}' EventSourceName='Software Protection Platform Service'/><EventID Qualifiers='16384'>16384</EventID><Version>0</Version><Level>4</Level><Task>0</Task><Opcode>0</Opcode><Keywords>0x80000000000000</Keywords><TimeCreated SystemTime='2025-11-03T10:39:35.5087151Z'/><EventRecordID>77119</EventRecordID><Correlation/><Execution ProcessID='21224' ThreadID='0'/><Channel>Application</Channel><Computer>Redzep</Computer><Security/></System><EventData><Data>2025-11-03T23:49:35Z</Data><Data>RulesEngine</Data></EventData></Event>