<Event xmlns='http://schemas.microsoft.com/win/2004/08/events/event'><System><Provider Name='Microsoft-Windows-Winlogon' Guid='{DBE9B383-7CF3-4331-91CC-A3CB16A3B538}' EventSourceName='Wlclntfy'/><EventID Qualifiers='32768'>6003</EventID><Version>0</Version><Level>4</Level><Task>0</Task><Opcode>0</Opcode><Keywords>0x80000000000000</Keywords><TimeCreated SystemTime='2025-11-04T23:29:37.7701235Z'/><EventRecordID>77483</EventRecordID><Correlation/><Execution ProcessID='1204' ThreadID='0'/><Channel>Application</Channel><Computer>Redzep</Computer><Security/></System><EventData><Data>SessionEnv</Data><Binary>D9060000</Binary></EventData></Event><Event xmlns='http://schemas.microsoft.com/win/2004/08/events/event'><System><Provider Name='Microsoft-Windows-Winlogon' Guid='{DBE9B383-7CF3-4331-91CC-A3CB16A3B538}' EventSourceName='Wlclntfy'/><EventID Qualifiers='32768'>6000</EventID><Version>0</Version><Level>4</Level><Task>0</Task><Opcode>0</Opcode><Keywords>0x80000000000000</Keywords><TimeCreated SystemTime='2025-11-04T23:29:40.7140403Z'/><EventRecordID>77484</EventRecordID><Correlation/><Execution ProcessID='1204' ThreadID='0'/><Channel>Application</Channel><Computer>Redzep</Computer><Security/></System><EventData><Data>SessionEnv</Data><Binary>D9060000</Binary></EventData></Event><Event xmlns='http://schemas.microsoft.com/win/2004/08/events/event'><System><Provider Name='AsusUpdateCheck'/><EventID Qualifiers='0'>0</EventID><Version>0</Version><Level>4</Level><Task>0</Task><Opcode>0</Opcode><Keywords>0x80000000000000</Keywords><TimeCreated SystemTime='2025-11-04T23:29:40.9153082Z'/><EventRecordID>77485</EventRecordID><Correlation/><Execution ProcessID='3776' ThreadID='0'/><Channel>Application</Channel><Computer>Redzep</Computer><Security/></System><EventData><Data>AsusUpdateCheck</Data><Data>CServiceControl in OnStop</Data></EventData></Event><Event xmlns='http://schemas.microsoft.com/win/2004/08/events/event'><System><Provider Name='WMIRegistrationService'/><EventID Qualifiers='16384'>2</EventID><Version>0</Version><Level>4</Level><Task>0</Task><Opcode>0</Opcode><Keywords>0x80000000000000</Keywords><TimeCreated SystemTime='2025-11-04T23:29:41.0142946Z'/><EventRecordID>77486</EventRecordID><Correlation/><Execution ProcessID='4188' ThreadID='0'/><Channel>Application</Channel><Computer>Redzep</Computer><Security/></System><EventData></EventData></Event><Event xmlns='http://schemas.microsoft.com/win/2004/08/events/event'><System><Provider Name='Microsoft-Windows-WMI' Guid='{1edeee53-0afe-4609-b846-d8c0b2075b1f}'/><EventID>63</EventID><Version>2</Version><Level>3</Level><Task>0</Task><Opcode>0</Opcode><Keywords>0x8000000000000000</Keywords><TimeCreated SystemTime='2025-11-04T23:29:40.9700436Z'/><EventRecordID>77487</EventRecordID><Correlation/><Execution ProcessID='4072' ThreadID='6872'/><Channel>Application</Channel><Computer>Redzep</Computer><Security UserID='S-1-5-18'/></System><UserData><data_0x8000003F xmlns='http://manifests.microsoft.com/win/2006/windows/WMI'><Provider>IntelMEProv</Provider><Namespace>root\Intel_ME</Namespace></data_0x8000003F></UserData></Event><Event xmlns='http://schemas.microsoft.com/win/2004/08/events/event'><System><Provider Name='Microsoft-Windows-WMI' Guid='{1edeee53-0afe-4609-b846-d8c0b2075b1f}'/><EventID>63</EventID><Version>2</Version><Level>3</Level><Task>0</Task><Opcode>0</Opcode><Keywords>0x8000000000000000</Keywords><TimeCreated SystemTime='2025-11-04T23:29:40.9772548Z'/><EventRecordID>77488</EventRecordID><Correlation/><Execution ProcessID='4072' ThreadID='7148'/><Channel>Application</Channel><Computer>Redzep</Computer><Security UserID='S-1-5-18'/></System><UserData><data_0x8000003F xmlns='http://manifests.microsoft.com/win/2006/windows/WMI'><Provider>IntelMEProv</Provider><Namespace>root\Intel_ME</Namespace></data_0x8000003F></UserData></Event><Event xmlns='http://schemas.microsoft.com/win/2004/08/events/event'><System><Provider Name='Microsoft-Windows-WMI' Guid='{1edeee53-0afe-4609-b846-d8c0b2075b1f}'/><EventID>63</EventID><Version>2</Version><Level>3</Level><Task>0</Task><Opcode>0</Opcode><Keywords>0x8000000000000000</Keywords><TimeCreated SystemTime='2025-11-04T23:29:40.9858512Z'/><EventRecordID>77489</EventRecordID><Correlation/><Execution ProcessID='4072' ThreadID='7148'/><Channel>Application</Channel><Computer>Redzep</Computer><Security UserID='S-1-5-18'/></System><UserData><data_0x8000003F xmlns='http://manifests.microsoft.com/win/2006/windows/WMI'><Provider>IntelMEProv</Provider><Namespace>root\Intel_ME</Namespace></data_0x8000003F></UserData></Event><Event xmlns='http://schemas.microsoft.com/win/2004/08/events/event'><System><Provider Name='MsiInstaller'/><EventID Qualifiers='0'>1033</EventID><Version>0</Version><Level>4</Level><Task>0</Task><Opcode>0</Opcode><Keywords>0x80000000000000</Keywords><TimeCreated SystemTime='2025-11-04T23:29:41.5423007Z'/><EventRecordID>77490</EventRecordID><Correlation/><Execution ProcessID='8880' ThreadID='0'/><Channel>Application</Channel><Computer>Redzep</Computer><Security UserID='S-1-5-18'/></System><EventData><Data>Microsoft GameInput</Data><Data>10.1.26100.6154</Data><Data>1033</Data><Data>0</Data><Data>Microsoft Corporation</Data><Data>(NULL)</Data><Binary>7B30383132353436432D343731452D453334332D444539432D4145434633443031333745367D3030303037393936303763383165333535356335633736316633656234383531616237343030303030393034</Binary></EventData></Event><Event xmlns='http://schemas.microsoft.com/win/2004/08/events/event'><System><Provider Name='Microsoft-Windows-Security-SPP' Guid='{E23B33B0-C8C9-472C-A5F9-F2BDFEA0F156}' EventSourceName='Software Protection Platform Service'/><EventID Qualifiers='16384'>900</EventID><Version>0</Version><Level>4</Level><Task>0</Task><Opcode>0</Opcode><Keywords>0x80000000000000</Keywords><TimeCreated SystemTime='2025-11-04T23:29:51.2185324Z'/><EventRecordID>77491</EventRecordID><Correlation/><Execution ProcessID='14304' ThreadID='0'/><Channel>Application</Channel><Computer>Redzep</Computer><Security/></System><EventData><Data>TriggerStarted:6</Data></EventData></Event><Event xmlns='http://schemas.microsoft.com/win/2004/08/events/event'><System><Provider Name='Microsoft-Windows-Security-SPP' Guid='{E23B33B0-C8C9-472C-A5F9-F2BDFEA0F156}' EventSourceName='Software Protection Platform Service'/><EventID Qualifiers='49152'>16394</EventID><Version>0</Version><Level>4</Level><Task>0</Task><Opcode>0</Opcode><Keywords>0x80000000000000</Keywords><TimeCreated SystemTime='2025-11-04T23:29:51.4243369Z'/><EventRecordID>77492</EventRecordID><Correlation/><Execution ProcessID='14304' ThreadID='0'/><Channel>Application</Channel><Computer>Redzep</Computer><Security/></System><EventData></EventData></Event><Event xmlns='http://schemas.microsoft.com/win/2004/08/events/event'><System><Provider Name='Microsoft-Windows-Security-SPP' Guid='{E23B33B0-C8C9-472C-A5F9-F2BDFEA0F156}' EventSourceName='Software Protection Platform Service'/><EventID Qualifiers='16384'>1066</EventID><Version>0</Version><Level>4</Level><Task>0</Task><Opcode>0</Opcode><Keywords>0x80000000000000</Keywords><TimeCreated SystemTime='2025-11-04T23:29:51.6357824Z'/><EventRecordID>77493</EventRecordID><Correlation/><Execution ProcessID='14304' ThreadID='0'/><Channel>Application</Channel><Computer>Redzep</Computer><Security/></System><EventData><Data>C:\WINDOWS\system32\sppwinob.dll, msft:spp/windowsfunctionality/agent/7.0, 0x00000000, 0x00000000
C:\WINDOWS\system32\sppobjs.dll, msft:rm/algorithm/inherited/1.0, 0x00000000, 0x00000000
C:\WINDOWS\system32\sppobjs.dll, msft:rm/algorithm/phone/1.0, 0x00000000, 0x00000000
C:\WINDOWS\system32\sppobjs.dll, msft:rm/algorithm/pkey/detect, 0x00000000, 0x00000000
C:\WINDOWS\system32\sppobjs.dll, msft:spp/ActionScheduler/1.0, 0x00000000, 0x00000000
C:\WINDOWS\system32\sppobjs.dll, msft:spp/TaskScheduler/1.0, 0x00000000, 0x00000000
C:\WINDOWS\system32\sppobjs.dll, msft:spp/statecollector/pkey, 0x00000000, 0x00000000
C:\WINDOWS\system32\sppobjs.dll, msft:spp/volume/services/kms/1.0, 0x00000000, 0x00000000
C:\WINDOWS\system32\sppobjs.dll, msft:spp/volume/services/kms/activationinfo/1.0, 0x00000000, 0x00000000
</Data></EventData></Event><Event xmlns='http://schemas.microsoft.com/win/2004/08/events/event'><System><Provider Name='Microsoft-Windows-Security-SPP' Guid='{E23B33B0-C8C9-472C-A5F9-F2BDFEA0F156}' EventSourceName='Software Protection Platform Service'/><EventID Qualifiers='16384'>1003</EventID><Version>0</Version><Level>4</Level><Task>0</Task><Opcode>0</Opcode><Keywords>0x80000000000000</Keywords><TimeCreated SystemTime='2025-11-04T23:29:51.6741121Z'/><EventRecordID>77494</EventRecordID><Correlation/><Execution ProcessID='14304' ThreadID='0'/><Channel>Application</Channel><Computer>Redzep</Computer><Security/></System><EventData><Data>55c92734-d682-4d71-983e-d6ec3f16059f</Data><Data>
1: 0567073a-7d74-403b-b2d5-6b35da372d8d, 1, 0 [(0 [0xC004F014, 0, 0], [(?)(?)(?)(?)(?)(?)(?)(?)])(1 )(2 )(3 )]
2: 1b750385-9fe2-49a8-ab55-149d0546395b, 1, 0 [(0 [0xC004F014, 0, 0], [(?)(?)(?)(?)(?)(?)(?)(?)])(1 )(2 )(3 )]
3: 1d873132-f09f-4eb2-bf5a-2e4fb48935e8, 1, 0 [(0 [0xC004F014, 0, 0], [(?)(?)(?)(?)(?)(?)(?)(?)])(1 )(2 )(3 )]
4: 2b1f36bb-c1cd-4306-bf5c-a0367c2d97d8, 1, 1 [(0 )(1 )(2 [0x00000000, 1, 0], [(?)( 1 0x00000000)(?)(?)(?)(?)( 10 0x00000000 msft:rm/algorithm/flags/1.0)(?)])(3 )]
5: 30d469c6-a78f-4476-b5c8-af78d5b6a5fb, 1, 0 [(0 [0xC004F014, 0, 0], [(?)(?)(?)(?)(?)(?)(?)(?)])(1 )(2 )(3 )]
6: 3ae2cc14-ab2d-41f4-972f-5e20142771dc, 1, 0 [(0 [0xC004F014, 0, 0], [(?)(?)(?)(?)(?)(?)(?)(?)])(1 )(2 )(3 )]
7: 4002e33a-524c-4100-8108-131a0d42c0ea, 1, 0 [(0 [0xC004F014, 0, 0], [(?)(?)(?)(?)(?)(?)(?)(?)])(1 )(2 )(3 )]
8: 411b3d4f-be6d-4a06-baaa-9cabfc256cae, 1, 0 [(0 [0xC004F014, 0, 0], [(?)(?)(?)(?)(?)(?)(?)(?)])(1 )(2 )(3 )]
9: 58e97c99-f377-4ef1-81d5-4ad5522b5fd8, 1, 0 [(0 [0xC004F014, 0, 0], [(?)(?)(?)(?)(?)(?)(?)(?)])(1 )(2 )(3 )]
10: 653098ee-780d-4863-8cf2-d18399ce413b, 1, 0 [(0 [0xC004F014, 0, 0], [(?)(?)(?)(?)(?)(?)(?)(?)])(1 )(2 )(3 )]
11: 74436dbb-cc17-46de-867f-14906ba4a938, 1, 0 [(0 [0xC004F014, 0, 0], [(?)(?)(?)(?)(?)(?)(?)(?)])(1 )(2 )(3 )]
12: 8a292df8-d653-4057-8133-a0701792f912, 1, 0 [(0 [0xC004F014, 0, 0], [(?)(?)(?)(?)(?)(?)(?)(?)])(1 )(2 )(3 )]
13: 8db63db6-4f8f-46d6-a448-66444faaaa72, 1, 0 [(0 [0xC004F014, 0, 0], [(?)(?)(?)(?)(?)(?)(?)(?)])(1 )(2 )(3 )]
14: cd918a57-a41b-4c82-8dce-1a538e221a83, 1, 0 [(0 [0xC004F014, 0, 0], [(?)(?)(?)(?)(?)(?)(?)(?)])(1 )(2 )(3 )]
15: da9621af-f086-4244-b563-18611e51aa1a, 1, 0 [(0 [0xC004F014, 0, 0], [(?)(?)(?)(?)(?)(?)(?)(?)])(1 )(2 )(3 )]
16: e371d89a-73e8-4b24-a7ff-23a3641dd18e, 1, 0 [(0 [0xC004F014, 0, 0], [(?)(?)(?)(?)(?)(?)(?)(?)])(1 )(2 )(3 )]
17: ed799377-74b8-4989-a244-14d082e65972, 1, 0 [(0 [0xC004F014, 0, 0], [(?)(?)(?)(?)(?)(?)(?)(?)])(1 )(2 )(3 )]

</Data></EventData></Event><Event xmlns='http://schemas.microsoft.com/win/2004/08/events/event'><System><Provider Name='Microsoft-Windows-Security-SPP' Guid='{E23B33B0-C8C9-472C-A5F9-F2BDFEA0F156}' EventSourceName='Software Protection Platform Service'/><EventID Qualifiers='16384'>902</EventID><Version>0</Version><Level>0</Level><Task>0</Task><Opcode>0</Opcode><Keywords>0x80000000000000</Keywords><TimeCreated SystemTime='2025-11-04T23:29:51.7210583Z'/><EventRecordID>77495</EventRecordID><Correlation/><Execution ProcessID='14304' ThreadID='0'/><Channel>Application</Channel><Computer>Redzep</Computer><Security/></System><EventData><Data>10.0.26100.7019</Data></EventData></Event><Event xmlns='http://schemas.microsoft.com/win/2004/08/events/event'><System><Provider Name='Windows Error Reporting' Guid='{0ead09bd-2157-539a-8d6d-c87f95b64d70}'/><EventID>1001</EventID><Version>0</Version><Level>4</Level><Task>0</Task><Opcode>0</Opcode><Keywords>0x8000000000000000</Keywords><TimeCreated SystemTime='2025-11-04T23:29:54.1233164Z'/><EventRecordID>77496</EventRecordID><Correlation/><Execution ProcessID='14312' ThreadID='14308'/><Channel>Application</Channel><Computer>Redzep</Computer><Security UserID='S-1-5-18'/></System><EventData><Data Name='Bucket'>1860892819999626783</Data><Data Name='BucketType'>5</Data><Data Name='EventName'>crashpad_log</Data><Data Name='Response'>Kullan²lam²yor</Data><Data Name='CabId'>0</Data><Data Name='P1'>MicrosoftEdgeUpdate.exe</Data><Data Name='P2'>1.3.207.5</Data><Data Name='P3'>OnLogonLaunchError</Data><Data Name='P4'>0x80070002</Data><Data Name='P5'></Data><Data Name='P6'></Data><Data Name='P7'></Data><Data Name='P8'></Data><Data Name='P9'></Data><Data Name='P10'></Data><Data Name='AttachedFiles'>
\\?\C:\ProgramData\Microsoft\EdgeUpdate\Log\MicrosoftEdgeUpdate.log
\\?\C:\ProgramData\Microsoft\Windows\WER\Temp\WER.1f46a21e-bfc2-4ba8-8d80-343fc8635948.tmp.WERInternalMetadata.xml
WPR_initiated_DiagTrackMiniLogger_OneTrace_User_Logger_20241008_1_EC_0_inject.etl
\\?\C:\ProgramData\Microsoft\Windows\WER\Temp\WER.b9d2d194-2116-4273-8b4a-4eb5525ac874.tmp.etl
WPR_initiated_DiagTrackMiniLogger_WPR System Collector_inject.etl
\\?\C:\ProgramData\Microsoft\Windows\WER\Temp\WER.1a6db78a-2225-4684-b76b-fef685e22384.tmp.etl
\\?\C:\ProgramData\Microsoft\Windows\WER\Temp\WER.0217b07e-6c90-4f61-b672-53381cf1acb7.tmp.csv
\\?\C:\ProgramData\Microsoft\Windows\WER\Temp\WER.6658b543-0886-42f0-8deb-78044688c1aa.tmp.txt
\\?\C:\ProgramData\Microsoft\Windows\WER\Temp\WER.5022c129-5bb6-47c1-b376-b9caa4dfea45.tmp.xml</Data><Data Name='StorePath'>\\?\C:\ProgramData\Microsoft\Windows\WER\ReportArchive\NonCritical_MicrosoftEdgeUpd_85b6be6dbf8c8467748733bb5bf1824525d65b8_00000000_65e74e92-bbab-459f-892d-2a81fb392e7b</Data><Data Name='AnalysisSymbol'></Data><Data Name='Rechecking'>0</Data><Data Name='ReportId'>65e74e92-bbab-459f-892d-2a81fb392e7b</Data><Data Name='ReportStatus'>268435456</Data><Data Name='HashedBucket'>99f619cb6b5dc2d509d338290d27161f</Data><Data Name='CabGuid'>0</Data></EventData></Event><Event xmlns='http://schemas.microsoft.com/win/2004/08/events/event'><System><Provider Name='Windows Error Reporting' Guid='{0ead09bd-2157-539a-8d6d-c87f95b64d70}'/><EventID>1001</EventID><Version>0</Version><Level>4</Level><Task>0</Task><Opcode>0</Opcode><Keywords>0x8000000000000000</Keywords><TimeCreated SystemTime='2025-11-04T23:29:54.1379144Z'/><EventRecordID>77497</EventRecordID><Correlation/><Execution ProcessID='9300' ThreadID='9304'/><Channel>Application</Channel><Computer>Redzep</Computer><Security UserID='S-1-5-18'/></System><EventData><Data Name='Bucket'></Data><Data Name='BucketType'>0</Data><Data Name='EventName'>crashpad_log</Data><Data Name='Response'>Kullan²lam²yor</Data><Data Name='CabId'>0</Data><Data Name='P1'>MicrosoftEdgeUpdate.exe</Data><Data Name='P2'>1.3.207.5</Data><Data Name='P3'>OnLogonLaunchError</Data><Data Name='P4'>0x80070002</Data><Data Name='P5'></Data><Data Name='P6'></Data><Data Name='P7'></Data><Data Name='P8'></Data><Data Name='P9'></Data><Data Name='P10'></Data><Data Name='AttachedFiles'>
\\?\C:\ProgramData\Microsoft\EdgeUpdate\Log\MicrosoftEdgeUpdate.log</Data><Data Name='StorePath'>NULL</Data><Data Name='AnalysisSymbol'></Data><Data Name='Rechecking'>0</Data><Data Name='ReportId'>65e74e92-bbab-459f-892d-2a81fb392e7b</Data><Data Name='ReportStatus'>268697600</Data><Data Name='HashedBucket'></Data><Data Name='CabGuid'>0</Data></EventData></Event><Event xmlns='http://schemas.microsoft.com/win/2004/08/events/event'><System><Provider Name='Microsoft-Windows-Security-SPP' Guid='{E23B33B0-C8C9-472C-A5F9-F2BDFEA0F156}' EventSourceName='Software Protection Platform Service'/><EventID Qualifiers='16384'>16384</EventID><Version>0</Version><Level>4</Level><Task>0</Task><Opcode>0</Opcode><Keywords>0x80000000000000</Keywords><TimeCreated SystemTime='2025-11-04T23:30:21.8295454Z'/><EventRecordID>77498</EventRecordID><Correlation/><Execution ProcessID='14304' ThreadID='0'/><Channel>Application</Channel><Computer>Redzep</Computer><Security/></System><EventData><Data>2025-11-11T08:17:21Z</Data><Data>RulesEngine</Data></EventData></Event><Event xmlns='http://schemas.microsoft.com/win/2004/08/events/event'><System><Provider Name='Microsoft-Windows-Security-SPP' Guid='{E23B33B0-C8C9-472C-A5F9-F2BDFEA0F156}' EventSourceName='Software Protection Platform Service'/><EventID Qualifiers='16384'>903</EventID><Version>0</Version><Level>0</Level><Task>0</Task><Opcode>0</Opcode><Keywords>0x80000000000000</Keywords><TimeCreated SystemTime='2025-11-04T23:30:21.8347082Z'/><EventRecordID>77499</EventRecordID><Correlation/><Execution ProcessID='14304' ThreadID='0'/><Channel>Application</Channel><Computer>Redzep</Computer><Security/></System><EventData></EventData></Event><Event xmlns='http://schemas.microsoft.com/win/2004/08/events/event'><System><Provider Name='Chrome'/><EventID Qualifiers='32768'>256</EventID><Version>0</Version><Level>4</Level><Task>1</Task><Opcode>0</Opcode><Keywords>0x80000000000000</Keywords><TimeCreated SystemTime='2025-11-04T23:30:47.2580786Z'/><EventRecordID>77500</EventRecordID><Correlation/><Execution ProcessID='15172' ThreadID='0'/><Channel>Application</Channel><Computer>Redzep</Computer><Security UserID='S-1-5-21-2249670643-648898893-1642193712-1002'/></System><EventData><Data>[15172:16524:1105/023047.255:INFO:chrome\browser\extensions\extension_garbage_collector.cc:188] Garbage collection for extensions on file thread is complete.</Data></EventData></Event><Event xmlns='http://schemas.microsoft.com/win/2004/08/events/event'><System><Provider Name='edgeupdate'/><EventID Qualifiers='0'>0</EventID><Version>0</Version><Level>4</Level><Task>0</Task><Opcode>0</Opcode><Keywords>0x80000000000000</Keywords><TimeCreated SystemTime='2025-11-04T23:31:40.6326190Z'/><EventRecordID>77501</EventRecordID><Correlation/><Execution ProcessID='1136' ThreadID='0'/><Channel>Application</Channel><Computer>Redzep</Computer><Security/></System><EventData><Data>Service stopped</Data></EventData></Event><Event xmlns='http://schemas.microsoft.com/win/2004/08/events/event'><System><Provider Name='Microsoft-Windows-Security-SPP' Guid='{E23B33B0-C8C9-472C-A5F9-F2BDFEA0F156}' EventSourceName='Software Protection Platform Service'/><EventID Qualifiers='16384'>900</EventID><Version>0</Version><Level>4</Level><Task>0</Task><Opcode>0</Opcode><Keywords>0x80000000000000</Keywords><TimeCreated SystemTime='2025-11-04T23:31:41.6624519Z'/><EventRecordID>77502</EventRecordID><Correlation/><Execution ProcessID='18136' ThreadID='0'/><Channel>Application</Channel><Computer>Redzep</Computer><Security/></System><EventData><Data>&lt;explicit&gt;</Data></EventData></Event><Event xmlns='http://schemas.microsoft.com/win/2004/08/events/event'><System><Provider Name='Microsoft-Windows-Security-SPP' Guid='{E23B33B0-C8C9-472C-A5F9-F2BDFEA0F156}' EventSourceName='Software Protection Platform Service'/><EventID Qualifiers='49152'>16394</EventID><Version>0</Version><Level>4</Level><Task>0</Task><Opcode>0</Opcode><Keywords>0x80000000000000</Keywords><TimeCreated SystemTime='2025-11-04T23:31:41.8091690Z'/><EventRecordID>77503</EventRecordID><Correlation/><Execution ProcessID='18136' ThreadID='0'/><Channel>Application</Channel><Computer>Redzep</Computer><Security/></System><EventData></EventData></Event><Event xmlns='http://schemas.microsoft.com/win/2004/08/events/event'><System><Provider Name='SecurityCenter'/><EventID Qualifiers='0'>1</EventID><Version>0</Version><Level>4</Level><Task>0</Task><Opcode>0</Opcode><Keywords>0x80000000000000</Keywords><TimeCreated SystemTime='2025-11-04T23:31:42.9033867Z'/><EventRecordID>77504</EventRecordID><Correlation/><Execution ProcessID='17044' ThreadID='0'/><Channel>Application</Channel><Computer>Redzep</Computer><Security/></System><EventData></EventData></Event><Event xmlns='http://schemas.microsoft.com/win/2004/08/events/event'><System><Provider Name='SecurityCenter'/><EventID Qualifiers='0'>15</EventID><Version>0</Version><Level>4</Level><Task>0</Task><Opcode>0</Opcode><Keywords>0x80000000000000</Keywords><TimeCreated SystemTime='2025-11-04T23:31:43.5728495Z'/><EventRecordID>77505</EventRecordID><Correlation/><Execution ProcessID='17044' ThreadID='0'/><Channel>Application</Channel><Computer>Redzep</Computer><Security/></System><EventData><Data>Kaspersky</Data><Data>SECURITY_PRODUCT_STATE_ON</Data></EventData></Event><Event xmlns='http://schemas.microsoft.com/win/2004/08/events/event'><System><Provider Name='SecurityCenter'/><EventID Qualifiers='0'>15</EventID><Version>0</Version><Level>4</Level><Task>0</Task><Opcode>0</Opcode><Keywords>0x80000000000000</Keywords><TimeCreated SystemTime='2025-11-04T23:31:43.5897885Z'/><EventRecordID>77506</EventRecordID><Correlation/><Execution ProcessID='17044' ThreadID='0'/><Channel>Application</Channel><Computer>Redzep</Computer><Security/></System><EventData><Data>Kaspersky</Data><Data>SECURITY_PRODUCT_STATE_ON</Data></EventData></Event><Event xmlns='http://schemas.microsoft.com/win/2004/08/events/event'><System><Provider Name='Microsoft-Windows-Security-SPP' Guid='{E23B33B0-C8C9-472C-A5F9-F2BDFEA0F156}' EventSourceName='Software Protection Platform Service'/><EventID Qualifiers='16384'>16384</EventID><Version>0</Version><Level>4</Level><Task>0</Task><Opcode>0</Opcode><Keywords>0x80000000000000</Keywords><TimeCreated SystemTime='2025-11-04T23:32:11.8493694Z'/><EventRecordID>77507</EventRecordID><Correlation/><Execution ProcessID='18136' ThreadID='0'/><Channel>Application</Channel><Computer>Redzep</Computer><Security/></System><EventData><Data>2025-11-11T08:17:11Z</Data><Data>RulesEngine</Data></EventData></Event><Event xmlns='http://schemas.microsoft.com/win/2004/08/events/event'><System><Provider Name='Microsoft-Windows-Security-SPP' Guid='{E23B33B0-C8C9-472C-A5F9-F2BDFEA0F156}' EventSourceName='Software Protection Platform Service'/><EventID Qualifiers='49152'>16394</EventID><Version>0</Version><Level>4</Level><Task>0</Task><Opcode>0</Opcode><Keywords>0x80000000000000</Keywords><TimeCreated SystemTime='2025-11-04T23:36:04.0275427Z'/><EventRecordID>77508</EventRecordID><Correlation/><Execution ProcessID='8672' ThreadID='0'/><Channel>Application</Channel><Computer>Redzep</Computer><Security/></System><EventData></EventData></Event><Event xmlns='http://schemas.microsoft.com/win/2004/08/events/event'><System><Provider Name='Microsoft-Windows-Security-SPP' Guid='{E23B33B0-C8C9-472C-A5F9-F2BDFEA0F156}' EventSourceName='Software Protection Platform Service'/><EventID Qualifiers='16384'>16384</EventID><Version>0</Version><Level>4</Level><Task>0</Task><Opcode>0</Opcode><Keywords>0x80000000000000</Keywords><TimeCreated SystemTime='2025-11-04T23:36:34.2546609Z'/><EventRecordID>77509</EventRecordID><Correlation/><Execution ProcessID='8672' ThreadID='0'/><Channel>Application</Channel><Computer>Redzep</Computer><Security/></System><EventData><Data>2025-11-11T08:16:34Z</Data><Data>RulesEngine</Data></EventData></Event><Event xmlns='http://schemas.microsoft.com/win/2004/08/events/event'><System><Provider Name='VSS'/><EventID Qualifiers='0'>8231</EventID><Version>0</Version><Level>4</Level><Task>0</Task><Opcode>0</Opcode><Keywords>0x80000000000000</Keywords><TimeCreated SystemTime='2025-11-04T23:37:00.8971399Z'/><EventRecordID>77510</EventRecordID><Correlation/><Execution ProcessID='10664' ThreadID='0'/><Channel>Application</Channel><Computer>Redzep</Computer><Security/></System><EventData><Data>{555ffddd-cb53-4b8f-87c0-29c20da87a7c}</Data><Data>C:\WINDOWS\winsxs\amd64_microsoft-windows-servicingstack_31bf3856ad364e35_10.0.26100.7010_none_a54d8be7772fd084\TiWorker.exe -Embedding</Data><Data>TiWorker.exe</Data><Data>svchost.exe</Data><Data>services.exe</Data></EventData></Event><Event xmlns='http://schemas.microsoft.com/win/2004/08/events/event'><System><Provider Name='System Restore'/><EventID Qualifiers='0'>8194</EventID><Version>0</Version><Level>4</Level><Task>0</Task><Opcode>0</Opcode><Keywords>0x80000000000000</Keywords><TimeCreated SystemTime='2025-11-04T23:37:02.4540910Z'/><EventRecordID>77511</EventRecordID><Correlation/><Execution ProcessID='10664' ThreadID='0'/><Channel>Application</Channel><Computer>Redzep</Computer><Security/></System><EventData><Data>C:\WINDOWS\winsxs\amd64_microsoft-windows-servicingstack_31bf3856ad364e35_10.0.26100.7010_none_a54d8be7772fd084\TiWorker.exe -Embedding</Data><Data>Windows Mod³l Y³kleyicisi</Data><Binary>0000000067020000590200000000000022CE28677C6DDA79E28C1C000000000000000000</Binary></EventData></Event><Event xmlns='http://schemas.microsoft.com/win/2004/08/events/event'><System><Provider Name='VSS'/><EventID Qualifiers='0'>8231</EventID><Version>0</Version><Level>4</Level><Task>0</Task><Opcode>0</Opcode><Keywords>0x80000000000000</Keywords><TimeCreated SystemTime='2025-11-04T23:37:18.0516166Z'/><EventRecordID>77512</EventRecordID><Correlation/><Execution ProcessID='10664' ThreadID='0'/><Channel>Application</Channel><Computer>Redzep</Computer><Security/></System><EventData><Data>{8f521211-4c0b-4c03-a1ba-d4af25ae4127}</Data><Data>C:\WINDOWS\winsxs\amd64_microsoft-windows-servicingstack_31bf3856ad364e35_10.0.26100.7010_none_a54d8be7772fd084\TiWorker.exe -Embedding</Data><Data>TiWorker.exe</Data><Data>svchost.exe</Data><Data>services.exe</Data></EventData></Event><Event xmlns='http://schemas.microsoft.com/win/2004/08/events/event'><System><Provider Name='System Restore'/><EventID Qualifiers='0'>8194</EventID><Version>0</Version><Level>4</Level><Task>0</Task><Opcode>0</Opcode><Keywords>0x80000000000000</Keywords><TimeCreated SystemTime='2025-11-04T23:37:20.6319367Z'/><EventRecordID>77513</EventRecordID><Correlation/><Execution ProcessID='10664' ThreadID='0'/><Channel>Application</Channel><Computer>Redzep</Computer><Security/></System><EventData><Data>C:\WINDOWS\winsxs\amd64_microsoft-windows-servicingstack_31bf3856ad364e35_10.0.26100.7010_none_a54d8be7772fd084\TiWorker.exe -Embedding</Data><Data>Windows Mod³l Y³kleyicisi</Data><Binary>0000000067020000590200000000000022CE28677C6DDA79E28C1C000000000000000000</Binary></EventData></Event><Event xmlns='http://schemas.microsoft.com/win/2004/08/events/event'><System><Provider Name='Microsoft-Windows-Security-SPP' Guid='{E23B33B0-C8C9-472C-A5F9-F2BDFEA0F156}' EventSourceName='Software Protection Platform Service'/><EventID Qualifiers='49152'>16394</EventID><Version>0</Version><Level>4</Level><Task>0</Task><Opcode>0</Opcode><Keywords>0x80000000000000</Keywords><TimeCreated SystemTime='2025-11-04T23:37:23.2798198Z'/><EventRecordID>77514</EventRecordID><Correlation/><Execution ProcessID='8668' ThreadID='0'/><Channel>Application</Channel><Computer>Redzep</Computer><Security/></System><EventData></EventData></Event><Event xmlns='http://schemas.microsoft.com/win/2004/08/events/event'><System><Provider Name='Microsoft-Windows-Winlogon' Guid='{DBE9B383-7CF3-4331-91CC-A3CB16A3B538}' EventSourceName='Wlclntfy'/><EventID Qualifiers='32768'>6000</EventID><Version>0</Version><Level>4</Level><Task>0</Task><Opcode>0</Opcode><Keywords>0x80000000000000</Keywords><TimeCreated SystemTime='2025-11-04T23:37:49.6730237Z'/><EventRecordID>77515</EventRecordID><Correlation/><Execution ProcessID='1204' ThreadID='0'/><Channel>Application</Channel><Computer>Redzep</Computer><Security/></System><EventData><Data>WSearch</Data><Binary>D9060000</Binary></EventData></Event><Event xmlns='http://schemas.microsoft.com/win/2004/08/events/event'><System><Provider Name='Microsoft-Windows-Winlogon' Guid='{DBE9B383-7CF3-4331-91CC-A3CB16A3B538}' EventSourceName='Wlclntfy'/><EventID Qualifiers='32768'>6000</EventID><Version>0</Version><Level>4</Level><Task>0</Task><Opcode>0</Opcode><Keywords>0x80000000000000</Keywords><TimeCreated SystemTime='2025-11-04T23:37:49.6768178Z'/><EventRecordID>77516</EventRecordID><Correlation/><Execution ProcessID='1204' ThreadID='0'/><Channel>Application</Channel><Computer>Redzep</Computer><Security/></System><EventData><Data>SessionEnv</Data><Binary>D9060000</Binary></EventData></Event><Event xmlns='http://schemas.microsoft.com/win/2004/08/events/event'><System><Provider Name='Microsoft-Windows-Winlogon' Guid='{DBE9B383-7CF3-4331-91CC-A3CB16A3B538}' EventSourceName='Wlclntfy'/><EventID Qualifiers='32768'>6000</EventID><Version>0</Version><Level>4</Level><Task>0</Task><Opcode>0</Opcode><Keywords>0x80000000000000</Keywords><TimeCreated SystemTime='2025-11-04T23:37:49.6776421Z'/><EventRecordID>77517</EventRecordID><Correlation/><Execution ProcessID='1204' ThreadID='0'/><Channel>Application</Channel><Computer>Redzep</Computer><Security/></System><EventData><Data>Wlansvc</Data><Binary>D9060000</Binary></EventData></Event><Event xmlns='http://schemas.microsoft.com/win/2004/08/events/event'><System><Provider Name='Microsoft-Windows-Security-SPP' Guid='{E23B33B0-C8C9-472C-A5F9-F2BDFEA0F156}' EventSourceName='Software Protection Platform Service'/><EventID Qualifiers='16384'>16384</EventID><Version>0</Version><Level>4</Level><Task>0</Task><Opcode>0</Opcode><Keywords>0x80000000000000</Keywords><TimeCreated SystemTime='2025-11-04T23:37:53.5338326Z'/><EventRecordID>77518</EventRecordID><Correlation/><Execution ProcessID='8668' ThreadID='0'/><Channel>Application</Channel><Computer>Redzep</Computer><Security/></System><EventData><Data>2025-11-11T08:16:53Z</Data><Data>RulesEngine</Data></EventData></Event><Event xmlns='http://schemas.microsoft.com/win/2004/08/events/event'><System><Provider Name='Microsoft-Windows-User Profiles Service' Guid='{89b1e9f0-5aff-44a6-9b44-0a07a7ce5845}'/><EventID>1532</EventID><Version>0</Version><Level>4</Level><Task>0</Task><Opcode>0</Opcode><Keywords>0x8000000000000000</Keywords><TimeCreated SystemTime='2025-11-04T23:38:06.8696660Z'/><EventRecordID>77519</EventRecordID><Correlation/><Execution ProcessID='1328' ThreadID='2076'/><Channel>Application</Channel><Computer>Redzep</Computer><Security UserID='S-1-5-18'/></System><EventData></EventData></Event><Event xmlns='http://schemas.microsoft.com/win/2004/08/events/event'><System><Provider Name='Microsoft-Windows-User Profiles Service' Guid='{89b1e9f0-5aff-44a6-9b44-0a07a7ce5845}'/><EventID>1531</EventID><Version>0</Version><Level>4</Level><Task>0</Task><Opcode>0</Opcode><Keywords>0x8000000000000000</Keywords><TimeCreated SystemTime='2025-11-04T23:38:36.0842321Z'/><EventRecordID>77520</EventRecordID><Correlation/><Execution ProcessID='1288' ThreadID='2088'/><Channel>Application</Channel><Computer>Redzep</Computer><Security UserID='S-1-5-18'/></System><EventData></EventData></Event><Event xmlns='http://schemas.microsoft.com/win/2004/08/events/event'><System><Provider Name='IntelDalJhi'/><EventID Qualifiers='16384'>0</EventID><Version>0</Version><Level>4</Level><Task>0</Task><Opcode>0</Opcode><Keywords>0x80000000000000</Keywords><TimeCreated SystemTime='2025-11-04T23:38:37.0464295Z'/><EventRecordID>77521</EventRecordID><Correlation/><Execution ProcessID='4136' ThreadID='0'/><Channel>Application</Channel><Computer>Redzep</Computer><Security/></System><EventData></EventData></Event><Event xmlns='http://schemas.microsoft.com/win/2004/08/events/event'><System><Provider Name='AsusUpdateCheck'/><EventID Qualifiers='0'>0</EventID><Version>0</Version><Level>4</Level><Task>0</Task><Opcode>0</Opcode><Keywords>0x80000000000000</Keywords><TimeCreated SystemTime='2025-11-04T23:38:37.0717292Z'/><EventRecordID>77522</EventRecordID><Correlation/><Execution ProcessID='3776' ThreadID='0'/><Channel>Application</Channel><Computer>Redzep</Computer><Security/></System><EventData><Data>AsusUpdateCheck</Data><Data>CServiceControl in OnStart</Data></EventData></Event><Event xmlns='http://schemas.microsoft.com/win/2004/08/events/event'><System><Provider Name='WMIRegistrationService'/><EventID Qualifiers='16384'>0</EventID><Version>0</Version><Level>4</Level><Task>0</Task><Opcode>0</Opcode><Keywords>0x80000000000000</Keywords><TimeCreated SystemTime='2025-11-04T23:38:37.5625787Z'/><EventRecordID>77523</EventRecordID><Correlation/><Execution ProcessID='4212' ThreadID='0'/><Channel>Application</Channel><Computer>Redzep</Computer><Security/></System><EventData></EventData></Event><Event xmlns='http://schemas.microsoft.com/win/2004/08/events/event'><System><Provider Name='Microsoft-Windows-WMI' Guid='{1edeee53-0afe-4609-b846-d8c0b2075b1f}'/><EventID>5615</EventID><Version>2</Version><Level>4</Level><Task>0</Task><Opcode>0</Opcode><Keywords>0x8000000000000000</Keywords><TimeCreated SystemTime='2025-11-04T23:38:37.1263734Z'/><EventRecordID>77524</EventRecordID><Correlation/><Execution ProcessID='4004' ThreadID='4908'/><Channel>Application</Channel><Computer>Redzep</Computer><Security UserID='S-1-5-18'/></System><EventData></EventData></Event><Event xmlns='http://schemas.microsoft.com/win/2004/08/events/event'><System><Provider Name='Microsoft-Windows-Search' Guid='{CA4E628D-8567-4896-AB6B-835B221F373F}' EventSourceName='Windows Search Service'/><EventID Qualifiers='16384'>1003</EventID><Version>0</Version><Level>4</Level><Task>1</Task><Opcode>0</Opcode><Keywords>0x80000000000000</Keywords><TimeCreated SystemTime='2025-11-04T23:38:38.2296874Z'/><EventRecordID>77525</EventRecordID><Correlation/><Execution ProcessID='4232' ThreadID='0'/><Channel>Application</Channel><Computer>Redzep</Computer><Security/></System><EventData><Data Name='ExtraInfo'>
</Data></EventData></Event><Event xmlns='http://schemas.microsoft.com/win/2004/08/events/event'><System><Provider Name='Microsoft-Windows-WMI' Guid='{1edeee53-0afe-4609-b846-d8c0b2075b1f}'/><EventID>5617</EventID><Version>2</Version><Level>4</Level><Task>0</Task><Opcode>0</Opcode><Keywords>0x8000000000000000</Keywords><TimeCreated SystemTime='2025-11-04T23:38:38.0472806Z'/><EventRecordID>77526</EventRecordID><Correlation/><Execution ProcessID='4004' ThreadID='5892'/><Channel>Application</Channel><Computer>Redzep</Computer><Security UserID='S-1-5-18'/></System><EventData></EventData></Event><Event xmlns='http://schemas.microsoft.com/win/2004/08/events/event'><System><Provider Name='Microsoft-Windows-Winlogon' Guid='{DBE9B383-7CF3-4331-91CC-A3CB16A3B538}' EventSourceName='Wlclntfy'/><EventID Qualifiers='32768'>6003</EventID><Version>0</Version><Level>4</Level><Task>0</Task><Opcode>0</Opcode><Keywords>0x80000000000000</Keywords><TimeCreated SystemTime='2025-11-04T23:38:39.4213870Z'/><EventRecordID>77527</EventRecordID><Correlation/><Execution ProcessID='1204' ThreadID='0'/><Channel>Application</Channel><Computer>Redzep</Computer><Security/></System><EventData><Data>SessionEnv</Data><Binary>D9060000</Binary></EventData></Event><Event xmlns='http://schemas.microsoft.com/win/2004/08/events/event'><System><Provider Name='Microsoft-Windows-Winlogon' Guid='{DBE9B383-7CF3-4331-91CC-A3CB16A3B538}' EventSourceName='Wlclntfy'/><EventID Qualifiers='32768'>6000</EventID><Version>0</Version><Level>4</Level><Task>0</Task><Opcode>0</Opcode><Keywords>0x80000000000000</Keywords><TimeCreated SystemTime='2025-11-04T23:38:41.9647858Z'/><EventRecordID>77528</EventRecordID><Correlation/><Execution ProcessID='1204' ThreadID='0'/><Channel>Application</Channel><Computer>Redzep</Computer><Security/></System><EventData><Data>SessionEnv</Data><Binary>D9060000</Binary></EventData></Event><Event xmlns='http://schemas.microsoft.com/win/2004/08/events/event'><System><Provider Name='WMIRegistrationService'/><EventID Qualifiers='16384'>2</EventID><Version>0</Version><Level>4</Level><Task>0</Task><Opcode>0</Opcode><Keywords>0x80000000000000</Keywords><TimeCreated SystemTime='2025-11-04T23:38:42.1382164Z'/><EventRecordID>77529</EventRecordID><Correlation/><Execution ProcessID='4212' ThreadID='0'/><Channel>Application</Channel><Computer>Redzep</Computer><Security/></System><EventData></EventData></Event><Event xmlns='http://schemas.microsoft.com/win/2004/08/events/event'><System><Provider Name='Microsoft-Windows-WMI' Guid='{1edeee53-0afe-4609-b846-d8c0b2075b1f}'/><EventID>63</EventID><Version>2</Version><Level>3</Level><Task>0</Task><Opcode>0</Opcode><Keywords>0x8000000000000000</Keywords><TimeCreated SystemTime='2025-11-04T23:38:42.1043810Z'/><EventRecordID>77530</EventRecordID><Correlation/><Execution ProcessID='4004' ThreadID='6828'/><Channel>Application</Channel><Computer>Redzep</Computer><Security UserID='S-1-5-18'/></System><UserData><data_0x8000003F xmlns='http://manifests.microsoft.com/win/2006/windows/WMI'><Provider>IntelMEProv</Provider><Namespace>root\Intel_ME</Namespace></data_0x8000003F></UserData></Event><Event xmlns='http://schemas.microsoft.com/win/2004/08/events/event'><System><Provider Name='Microsoft-Windows-WMI' Guid='{1edeee53-0afe-4609-b846-d8c0b2075b1f}'/><EventID>63</EventID><Version>2</Version><Level>3</Level><Task>0</Task><Opcode>0</Opcode><Keywords>0x8000000000000000</Keywords><TimeCreated SystemTime='2025-11-04T23:38:42.1093852Z'/><EventRecordID>77531</EventRecordID><Correlation/><Execution ProcessID='4004' ThreadID='5844'/><Channel>Application</Channel><Computer>Redzep</Computer><Security UserID='S-1-5-18'/></System><UserData><data_0x8000003F xmlns='http://manifests.microsoft.com/win/2006/windows/WMI'><Provider>IntelMEProv</Provider><Namespace>root\Intel_ME</Namespace></data_0x8000003F></UserData></Event><Event xmlns='http://schemas.microsoft.com/win/2004/08/events/event'><System><Provider Name='Microsoft-Windows-WMI' Guid='{1edeee53-0afe-4609-b846-d8c0b2075b1f}'/><EventID>63</EventID><Version>2</Version><Level>3</Level><Task>0</Task><Opcode>0</Opcode><Keywords>0x8000000000000000</Keywords><TimeCreated SystemTime='2025-11-04T23:38:42.1139534Z'/><EventRecordID>77532</EventRecordID><Correlation/><Execution ProcessID='4004' ThreadID='5844'/><Channel>Application</Channel><Computer>Redzep</Computer><Security UserID='S-1-5-18'/></System><UserData><data_0x8000003F xmlns='http://manifests.microsoft.com/win/2006/windows/WMI'><Provider>IntelMEProv</Provider><Namespace>root\Intel_ME</Namespace></data_0x8000003F></UserData></Event><Event xmlns='http://schemas.microsoft.com/win/2004/08/events/event'><System><Provider Name='MsiInstaller'/><EventID Qualifiers='0'>1033</EventID><Version>0</Version><Level>4</Level><Task>0</Task><Opcode>0</Opcode><Keywords>0x80000000000000</Keywords><TimeCreated SystemTime='2025-11-04T23:38:43.5945588Z'/><EventRecordID>77533</EventRecordID><Correlation/><Execution ProcessID='8564' ThreadID='0'/><Channel>Application</Channel><Computer>Redzep</Computer><Security UserID='S-1-5-18'/></System><EventData><Data>Microsoft GameInput</Data><Data>10.1.26100.6154</Data><Data>1033</Data><Data>0</Data><Data>Microsoft Corporation</Data><Data>(NULL)</Data><Binary>7B30383132353436432D343731452D453334332D444539432D4145434633443031333745367D3030303037393936303763383165333535356335633736316633656234383531616237343030303030393034</Binary></EventData></Event><Event xmlns='http://schemas.microsoft.com/win/2004/08/events/event'><System><Provider Name='AsusUpdateCheck'/><EventID Qualifiers='0'>0</EventID><Version>0</Version><Level>4</Level><Task>0</Task><Opcode>0</Opcode><Keywords>0x80000000000000</Keywords><TimeCreated SystemTime='2025-11-04T23:38:44.3482511Z'/><EventRecordID>77534</EventRecordID><Correlation/><Execution ProcessID='3776' ThreadID='0'/><Channel>Application</Channel><Computer>Redzep</Computer><Security/></System><EventData><Data>AsusUpdateCheck</Data><Data>CServiceControl in OnStop</Data></EventData></Event><Event xmlns='http://schemas.microsoft.com/win/2004/08/events/event'><System><Provider Name='Microsoft-Windows-Security-SPP' Guid='{E23B33B0-C8C9-472C-A5F9-F2BDFEA0F156}' EventSourceName='Software Protection Platform Service'/><EventID Qualifiers='16384'>900</EventID><Version>0</Version><Level>4</Level><Task>0</Task><Opcode>0</Opcode><Keywords>0x80000000000000</Keywords><TimeCreated SystemTime='2025-11-04T23:38:53.2847318Z'/><EventRecordID>77535</EventRecordID><Correlation/><Execution ProcessID='11168' ThreadID='0'/><Channel>Application</Channel><Computer>Redzep</Computer><Security/></System><EventData><Data>TriggerStarted:6</Data></EventData></Event><Event xmlns='http://schemas.microsoft.com/win/2004/08/events/event'><System><Provider Name='Microsoft-Windows-Security-SPP' Guid='{E23B33B0-C8C9-472C-A5F9-F2BDFEA0F156}' EventSourceName='Software Protection Platform Service'/><EventID Qualifiers='49152'>16394</EventID><Version>0</Version><Level>4</Level><Task>0</Task><Opcode>0</Opcode><Keywords>0x80000000000000</Keywords><TimeCreated SystemTime='2025-11-04T23:38:53.4593103Z'/><EventRecordID>77536</EventRecordID><Correlation/><Execution ProcessID='11168' ThreadID='0'/><Channel>Application</Channel><Computer>Redzep</Computer><Security/></System><EventData></EventData></Event><Event xmlns='http://schemas.microsoft.com/win/2004/08/events/event'><System><Provider Name='Microsoft-Windows-Security-SPP' Guid='{E23B33B0-C8C9-472C-A5F9-F2BDFEA0F156}' EventSourceName='Software Protection Platform Service'/><EventID Qualifiers='16384'>1066</EventID><Version>0</Version><Level>4</Level><Task>0</Task><Opcode>0</Opcode><Keywords>0x80000000000000</Keywords><TimeCreated SystemTime='2025-11-04T23:38:53.6800088Z'/><EventRecordID>77537</EventRecordID><Correlation/><Execution ProcessID='11168' ThreadID='0'/><Channel>Application</Channel><Computer>Redzep</Computer><Security/></System><EventData><Data>C:\WINDOWS\system32\sppwinob.dll, msft:spp/windowsfunctionality/agent/7.0, 0x00000000, 0x00000000
C:\WINDOWS\system32\sppobjs.dll, msft:rm/algorithm/inherited/1.0, 0x00000000, 0x00000000
C:\WINDOWS\system32\sppobjs.dll, msft:rm/algorithm/phone/1.0, 0x00000000, 0x00000000
C:\WINDOWS\system32\sppobjs.dll, msft:rm/algorithm/pkey/detect, 0x00000000, 0x00000000
C:\WINDOWS\system32\sppobjs.dll, msft:spp/ActionScheduler/1.0, 0x00000000, 0x00000000
C:\WINDOWS\system32\sppobjs.dll, msft:spp/TaskScheduler/1.0, 0x00000000, 0x00000000
C:\WINDOWS\system32\sppobjs.dll, msft:spp/statecollector/pkey, 0x00000000, 0x00000000
C:\WINDOWS\system32\sppobjs.dll, msft:spp/volume/services/kms/1.0, 0x00000000, 0x00000000
C:\WINDOWS\system32\sppobjs.dll, msft:spp/volume/services/kms/activationinfo/1.0, 0x00000000, 0x00000000
</Data></EventData></Event><Event xmlns='http://schemas.microsoft.com/win/2004/08/events/event'><System><Provider Name='Microsoft-Windows-Security-SPP' Guid='{E23B33B0-C8C9-472C-A5F9-F2BDFEA0F156}' EventSourceName='Software Protection Platform Service'/><EventID Qualifiers='16384'>1003</EventID><Version>0</Version><Level>4</Level><Task>0</Task><Opcode>0</Opcode><Keywords>0x80000000000000</Keywords><TimeCreated SystemTime='2025-11-04T23:38:53.7183246Z'/><EventRecordID>77538</EventRecordID><Correlation/><Execution ProcessID='11168' ThreadID='0'/><Channel>Application</Channel><Computer>Redzep</Computer><Security/></System><EventData><Data>55c92734-d682-4d71-983e-d6ec3f16059f</Data><Data>
1: 0567073a-7d74-403b-b2d5-6b35da372d8d, 1, 0 [(0 [0xC004F014, 0, 0], [(?)(?)(?)(?)(?)(?)(?)(?)])(1 )(2 )(3 )]
2: 1b750385-9fe2-49a8-ab55-149d0546395b, 1, 0 [(0 [0xC004F014, 0, 0], [(?)(?)(?)(?)(?)(?)(?)(?)])(1 )(2 )(3 )]
3: 1d873132-f09f-4eb2-bf5a-2e4fb48935e8, 1, 0 [(0 [0xC004F014, 0, 0], [(?)(?)(?)(?)(?)(?)(?)(?)])(1 )(2 )(3 )]
4: 2b1f36bb-c1cd-4306-bf5c-a0367c2d97d8, 1, 1 [(0 )(1 )(2 [0x00000000, 1, 0], [(?)( 1 0x00000000)(?)(?)(?)(?)( 10 0x00000000 msft:rm/algorithm/flags/1.0)(?)])(3 )]
5: 30d469c6-a78f-4476-b5c8-af78d5b6a5fb, 1, 0 [(0 [0xC004F014, 0, 0], [(?)(?)(?)(?)(?)(?)(?)(?)])(1 )(2 )(3 )]
6: 3ae2cc14-ab2d-41f4-972f-5e20142771dc, 1, 0 [(0 [0xC004F014, 0, 0], [(?)(?)(?)(?)(?)(?)(?)(?)])(1 )(2 )(3 )]
7: 4002e33a-524c-4100-8108-131a0d42c0ea, 1, 0 [(0 [0xC004F014, 0, 0], [(?)(?)(?)(?)(?)(?)(?)(?)])(1 )(2 )(3 )]
8: 411b3d4f-be6d-4a06-baaa-9cabfc256cae, 1, 0 [(0 [0xC004F014, 0, 0], [(?)(?)(?)(?)(?)(?)(?)(?)])(1 )(2 )(3 )]
9: 58e97c99-f377-4ef1-81d5-4ad5522b5fd8, 1, 0 [(0 [0xC004F014, 0, 0], [(?)(?)(?)(?)(?)(?)(?)(?)])(1 )(2 )(3 )]
10: 653098ee-780d-4863-8cf2-d18399ce413b, 1, 0 [(0 [0xC004F014, 0, 0], [(?)(?)(?)(?)(?)(?)(?)(?)])(1 )(2 )(3 )]
11: 74436dbb-cc17-46de-867f-14906ba4a938, 1, 0 [(0 [0xC004F014, 0, 0], [(?)(?)(?)(?)(?)(?)(?)(?)])(1 )(2 )(3 )]
12: 8a292df8-d653-4057-8133-a0701792f912, 1, 0 [(0 [0xC004F014, 0, 0], [(?)(?)(?)(?)(?)(?)(?)(?)])(1 )(2 )(3 )]
13: 8db63db6-4f8f-46d6-a448-66444faaaa72, 1, 0 [(0 [0xC004F014, 0, 0], [(?)(?)(?)(?)(?)(?)(?)(?)])(1 )(2 )(3 )]
14: cd918a57-a41b-4c82-8dce-1a538e221a83, 1, 0 [(0 [0xC004F014, 0, 0], [(?)(?)(?)(?)(?)(?)(?)(?)])(1 )(2 )(3 )]
15: da9621af-f086-4244-b563-18611e51aa1a, 1, 0 [(0 [0xC004F014, 0, 0], [(?)(?)(?)(?)(?)(?)(?)(?)])(1 )(2 )(3 )]
16: e371d89a-73e8-4b24-a7ff-23a3641dd18e, 1, 0 [(0 [0xC004F014, 0, 0], [(?)(?)(?)(?)(?)(?)(?)(?)])(1 )(2 )(3 )]
17: ed799377-74b8-4989-a244-14d082e65972, 1, 0 [(0 [0xC004F014, 0, 0], [(?)(?)(?)(?)(?)(?)(?)(?)])(1 )(2 )(3 )]

</Data></EventData></Event><Event xmlns='http://schemas.microsoft.com/win/2004/08/events/event'><System><Provider Name='Microsoft-Windows-Security-SPP' Guid='{E23B33B0-C8C9-472C-A5F9-F2BDFEA0F156}' EventSourceName='Software Protection Platform Service'/><EventID Qualifiers='16384'>902</EventID><Version>0</Version><Level>0</Level><Task>0</Task><Opcode>0</Opcode><Keywords>0x80000000000000</Keywords><TimeCreated SystemTime='2025-11-04T23:38:53.7601344Z'/><EventRecordID>77539</EventRecordID><Correlation/><Execution ProcessID='11168' ThreadID='0'/><Channel>Application</Channel><Computer>Redzep</Computer><Security/></System><EventData><Data>10.0.26100.7019</Data></EventData></Event><Event xmlns='http://schemas.microsoft.com/win/2004/08/events/event'><System><Provider Name='Windows Error Reporting' Guid='{0ead09bd-2157-539a-8d6d-c87f95b64d70}'/><EventID>1001</EventID><Version>0</Version><Level>4</Level><Task>0</Task><Opcode>0</Opcode><Keywords>0x8000000000000000</Keywords><TimeCreated SystemTime='2025-11-04T23:38:55.3578814Z'/><EventRecordID>77540</EventRecordID><Correlation/><Execution ProcessID='4964' ThreadID='11864'/><Channel>Application</Channel><Computer>Redzep</Computer><Security UserID='S-1-5-18'/></System><EventData><Data Name='Bucket'>1860892819999626783</Data><Data Name='BucketType'>5</Data><Data Name='EventName'>crashpad_log</Data><Data Name='Response'>Kullan²lam²yor</Data><Data Name='CabId'>0</Data><Data Name='P1'>MicrosoftEdgeUpdate.exe</Data><Data Name='P2'>1.3.207.5</Data><Data Name='P3'>OnLogonLaunchError</Data><Data Name='P4'>0x80070002</Data><Data Name='P5'></Data><Data Name='P6'></Data><Data Name='P7'></Data><Data Name='P8'></Data><Data Name='P9'></Data><Data Name='P10'></Data><Data Name='AttachedFiles'>
\\?\C:\ProgramData\Microsoft\EdgeUpdate\Log\MicrosoftEdgeUpdate.log
\\?\C:\ProgramData\Microsoft\Windows\WER\Temp\WER.7e629a78-a8a6-4d51-b127-b912f73fc937.tmp.WERInternalMetadata.xml
WPR_initiated_DiagTrackMiniLogger_OneTrace_User_Logger_20241008_1_EC_0_inject.etl
\\?\C:\ProgramData\Microsoft\Windows\WER\Temp\WER.70bccc61-e119-487a-8cc3-182bf88d7d1e.tmp.etl
WPR_initiated_DiagTrackMiniLogger_WPR System Collector_inject.etl
\\?\C:\ProgramData\Microsoft\Windows\WER\Temp\WER.c05eeb87-164b-4ec3-a61f-ea6f04e6975a.tmp.etl
\\?\C:\ProgramData\Microsoft\Windows\WER\Temp\WER.3a0d652b-04dd-405b-bf92-78ab33dc0581.tmp.csv
\\?\C:\ProgramData\Microsoft\Windows\WER\Temp\WER.2cbe019c-596a-42cf-9045-1551e3e3a14f.tmp.txt
\\?\C:\ProgramData\Microsoft\Windows\WER\Temp\WER.47478ef2-ccd3-48bc-9f61-8d351417644e.tmp.xml</Data><Data Name='StorePath'>\\?\C:\ProgramData\Microsoft\Windows\WER\ReportArchive\NonCritical_MicrosoftEdgeUpd_85b6be6dbf8c8467748733bb5bf1824525d65b8_00000000_43b035a0-47bc-4fb5-b798-03ebcc12924d</Data><Data Name='AnalysisSymbol'></Data><Data Name='Rechecking'>0</Data><Data Name='ReportId'>43b035a0-47bc-4fb5-b798-03ebcc12924d</Data><Data Name='ReportStatus'>268435456</Data><Data Name='HashedBucket'>99f619cb6b5dc2d509d338290d27161f</Data><Data Name='CabGuid'>0</Data></EventData></Event><Event xmlns='http://schemas.microsoft.com/win/2004/08/events/event'><System><Provider Name='Windows Error Reporting' Guid='{0ead09bd-2157-539a-8d6d-c87f95b64d70}'/><EventID>1001</EventID><Version>0</Version><Level>4</Level><Task>0</Task><Opcode>0</Opcode><Keywords>0x8000000000000000</Keywords><TimeCreated SystemTime='2025-11-04T23:38:55.3728239Z'/><EventRecordID>77541</EventRecordID><Correlation/><Execution ProcessID='9176' ThreadID='9180'/><Channel>Application</Channel><Computer>Redzep</Computer><Security UserID='S-1-5-18'/></System><EventData><Data Name='Bucket'></Data><Data Name='BucketType'>0</Data><Data Name='EventName'>crashpad_log</Data><Data Name='Response'>Kullan²lam²yor</Data><Data Name='CabId'>0</Data><Data Name='P1'>MicrosoftEdgeUpdate.exe</Data><Data Name='P2'>1.3.207.5</Data><Data Name='P3'>OnLogonLaunchError</Data><Data Name='P4'>0x80070002</Data><Data Name='P5'></Data><Data Name='P6'></Data><Data Name='P7'></Data><Data Name='P8'></Data><Data Name='P9'></Data><Data Name='P10'></Data><Data Name='AttachedFiles'>
\\?\C:\ProgramData\Microsoft\EdgeUpdate\Log\MicrosoftEdgeUpdate.log</Data><Data Name='StorePath'>NULL</Data><Data Name='AnalysisSymbol'></Data><Data Name='Rechecking'>0</Data><Data Name='ReportId'>43b035a0-47bc-4fb5-b798-03ebcc12924d</Data><Data Name='ReportStatus'>268697600</Data><Data Name='HashedBucket'></Data><Data Name='CabGuid'>0</Data></EventData></Event><Event xmlns='http://schemas.microsoft.com/win/2004/08/events/event'><System><Provider Name='Microsoft-Windows-Security-SPP' Guid='{E23B33B0-C8C9-472C-A5F9-F2BDFEA0F156}' EventSourceName='Software Protection Platform Service'/><EventID Qualifiers='16384'>16384</EventID><Version>0</Version><Level>4</Level><Task>0</Task><Opcode>0</Opcode><Keywords>0x80000000000000</Keywords><TimeCreated SystemTime='2025-11-04T23:39:23.8770451Z'/><EventRecordID>77542</EventRecordID><Correlation/><Execution ProcessID='11168' ThreadID='0'/><Channel>Application</Channel><Computer>Redzep</Computer><Security/></System><EventData><Data>2025-11-11T08:16:23Z</Data><Data>RulesEngine</Data></EventData></Event>