<Event xmlns='http://schemas.microsoft.com/win/2004/08/events/event'><System><Provider Name='Microsoft-Windows-Security-SPP' Guid='{E23B33B0-C8C9-472C-A5F9-F2BDFEA0F156}' EventSourceName='Software Protection Platform Service'/><EventID Qualifiers='49152'>16394</EventID><Version>0</Version><Level>4</Level><Task>0</Task><Opcode>0</Opcode><Keywords>0x80000000000000</Keywords><TimeCreated SystemTime='2025-11-08T18:50:00.6490418Z'/><EventRecordID>78477</EventRecordID><Correlation/><Execution ProcessID='3380' ThreadID='0'/><Channel>Application</Channel><Computer>Redzep</Computer><Security/></System><EventData></EventData></Event><Event xmlns='http://schemas.microsoft.com/win/2004/08/events/event'><System><Provider Name='Microsoft-Windows-Security-SPP' Guid='{E23B33B0-C8C9-472C-A5F9-F2BDFEA0F156}' EventSourceName='Software Protection Platform Service'/><EventID Qualifiers='16384'>16384</EventID><Version>0</Version><Level>4</Level><Task>0</Task><Opcode>0</Opcode><Keywords>0x80000000000000</Keywords><TimeCreated SystemTime='2025-11-08T18:50:30.8658781Z'/><EventRecordID>78478</EventRecordID><Correlation/><Execution ProcessID='3380' ThreadID='0'/><Channel>Application</Channel><Computer>Redzep</Computer><Security/></System><EventData><Data>2025-11-11T08:16:30Z</Data><Data>RulesEngine</Data></EventData></Event><Event xmlns='http://schemas.microsoft.com/win/2004/08/events/event'><System><Provider Name='Microsoft-Windows-RestartManager' Guid='{0888e5ef-9b98-4695-979d-e92ce4247224}'/><EventID>10000</EventID><Version>0</Version><Level>4</Level><Task>0</Task><Opcode>0</Opcode><Keywords>0x8000000000000000</Keywords><TimeCreated SystemTime='2025-11-08T18:53:04.2947459Z'/><EventRecordID>78479</EventRecordID><Correlation/><Execution ProcessID='17140' ThreadID='9704'/><Channel>Application</Channel><Computer>Redzep</Computer><Security UserID='S-1-5-21-2249670643-648898893-1642193712-1002'/></System><UserData><RmSessionEvent xmlns='http://www.microsoft.com/2005/08/Windows/Reliability/RestartManager/'><RmSessionId>1</RmSessionId><UTCStartTime>2025-11-08T18:53:04.2866961Z</UTCStartTime></RmSessionEvent></UserData></Event><Event xmlns='http://schemas.microsoft.com/win/2004/08/events/event'><System><Provider Name='ESENT'/><EventID Qualifiers='0'>102</EventID><Version>0</Version><Level>4</Level><Task>1</Task><Opcode>0</Opcode><Keywords>0x80000000000000</Keywords><TimeCreated SystemTime='2025-11-08T18:53:21.2501735Z'/><EventRecordID>78480</EventRecordID><Correlation/><Execution ProcessID='14272' ThreadID='0'/><Channel>Application</Channel><Computer>Redzep</Computer><Security/></System><EventData><Data>svchost</Data><Data>14272,P,98,0</Data><Data>DS_Token_DB: </Data><Data>0</Data><Data>10</Data><Data>00</Data><Data>26200</Data><Data>0000</Data></EventData></Event><Event xmlns='http://schemas.microsoft.com/win/2004/08/events/event'><System><Provider Name='ESENT'/><EventID Qualifiers='0'>300</EventID><Version>0</Version><Level>4</Level><Task>3</Task><Opcode>0</Opcode><Keywords>0x80000000000000</Keywords><TimeCreated SystemTime='2025-11-08T18:53:21.2642054Z'/><EventRecordID>78481</EventRecordID><Correlation/><Execution ProcessID='14272' ThreadID='0'/><Channel>Application</Channel><Computer>Redzep</Computer><Security/></System><EventData><Data>svchost</Data><Data>14272,R,98,0</Data><Data>DS_Token_DB: </Data></EventData></Event><Event xmlns='http://schemas.microsoft.com/win/2004/08/events/event'><System><Provider Name='ESENT'/><EventID Qualifiers='0'>301</EventID><Version>0</Version><Level>4</Level><Task>3</Task><Opcode>0</Opcode><Keywords>0x80000000000000</Keywords><TimeCreated SystemTime='2025-11-08T18:53:21.2924443Z'/><EventRecordID>78482</EventRecordID><Correlation/><Execution ProcessID='14272' ThreadID='0'/><Channel>Application</Channel><Computer>Redzep</Computer><Security/></System><EventData><Data>svchost</Data><Data>14272,R,98,0</Data><Data>DS_Token_DB: </Data><Data>C:\WINDOWS\system32\config\systemprofile\AppData\Local\DataSharing\Storage\DSS00058.log</Data><Data>
[1] 0.022222 -0.004666 (10) WT +J(CM:0, PgRf:0, Rd:0/0, Dy:0/0, Lg:53559/37) +M(C:0K, Fs:134, WS:260K # 200K, PF:140K # 76K, P:140K).</Data><Data>AttachDB </Data><Data>4</Data></EventData></Event><Event xmlns='http://schemas.microsoft.com/win/2004/08/events/event'><System><Provider Name='ESENT'/><EventID Qualifiers='0'>301</EventID><Version>0</Version><Level>4</Level><Task>3</Task><Opcode>0</Opcode><Keywords>0x80000000000000</Keywords><TimeCreated SystemTime='2025-11-08T18:53:21.3002174Z'/><EventRecordID>78483</EventRecordID><Correlation/><Execution ProcessID='14272' ThreadID='0'/><Channel>Application</Channel><Computer>Redzep</Computer><Security/></System><EventData><Data>svchost</Data><Data>14272,R,98,0</Data><Data>DS_Token_DB: </Data><Data>C:\WINDOWS\system32\config\systemprofile\AppData\Local\DataSharing\Storage\DSS.log</Data><Data>
[1] 0.002529 -0.000094 (2) WT +J(CM:0, PgRf:0, Rd:0/0, Dy:0/0, Lg:4056/3) +M(C:0K, Fs:4, WS:8K # 12K, PF:0K # 4K, P:0K).</Data><Data>FWriteLog</Data><Data>1</Data></EventData></Event><Event xmlns='http://schemas.microsoft.com/win/2004/08/events/event'><System><Provider Name='ESENT'/><EventID Qualifiers='0'>302</EventID><Version>0</Version><Level>4</Level><Task>3</Task><Opcode>0</Opcode><Keywords>0x80000000000000</Keywords><TimeCreated SystemTime='2025-11-08T18:53:21.3324504Z'/><EventRecordID>78484</EventRecordID><Correlation/><Execution ProcessID='14272' ThreadID='0'/><Channel>Application</Channel><Computer>Redzep</Computer><Security/></System><EventData><Data>svchost</Data><Data>14272,U,98,0</Data><Data>DS_Token_DB: </Data></EventData></Event><Event xmlns='http://schemas.microsoft.com/win/2004/08/events/event'><System><Provider Name='ESENT'/><EventID Qualifiers='0'>105</EventID><Version>0</Version><Level>4</Level><Task>1</Task><Opcode>0</Opcode><Keywords>0x80000000000000</Keywords><TimeCreated SystemTime='2025-11-08T18:53:21.3393488Z'/><EventRecordID>78485</EventRecordID><Correlation/><Execution ProcessID='14272' ThreadID='0'/><Channel>Application</Channel><Computer>Redzep</Computer><Security/></System><EventData><Data>svchost</Data><Data>14272,D,0,0</Data><Data>DS_Token_DB: </Data><Data>0</Data><Data>0.096</Data><Data>
[1] 0.000747 +J(0) +M(C:0K, Fs:166, WS:640K # 640K, PF:3024K # 3024K, P:3024K)
[2] 0.000286 +J(0) +M(C:8K, Fs:132, WS:512K # 512K, PF:1284K # 1284K, P:1284K)
[3] 0.000011 +J(0) +M(C:0K, Fs:2, WS:8K # 8K, PF:64K # 64K, P:64K)
[4] 0.000134 +J(0) +M(C:0K, Fs:107, WS:424K # 424K, PF:204K # 204K, P:204K)
[5] 0.005841 +J(0) +M(C:0K, Fs:146, WS:584K # 584K, PF:28K # 28K, P:28K)
[6] 0.005115 +J(0) +M(C:0K, Fs:43, WS:172K # 172K, PF:12K # 12K, P:12K)
[7] 0.004530 -0.000877 (2) WT +J(0) +M(C:0K, Fs:39, WS:156K # 156K, PF:64K # 64K, P:64K)
[8] 0.032897 -0.005986 (14) WT +J(CM:0, PgRf:0, Rd:0/0, Dy:0/0, Lg:53559/37) +M(C:0K, Fs:185, WS:388K # 388K, PF:216K # 220K, P:216K)
[9] 0.008324 -0.001035 (6) WT +J(CM:0, PgRf:0, Rd:0/0, Dy:0/0, Lg:4056/3) +M(C:0K, Fs:25, WS:88K # 88K, PF:8K # 4K, P:8K) + 1 lgens
[10] 0.001413 -0.000657 (1) WT +J(0) +M(C:0K, Fs:1, WS:-56K # 4K, PF:-60K # 0K, P:-60K)
[11] 0.000030 +J(CM:0, PgRf:0, Rd:0/0, Dy:0/0, Lg:49/1) +M(C:0K, Fs:5, WS:20K # 0K, PF:0K # 0K, P:0K)
[12] 0.000055 +J(0)
[13] 0.034739 -0.000677 (2) CM -0.002855 (17) WT +J(CM:2, PgRf:2, Rd:0/2, Dy:0/0, Lg:8759/5) +M(C:0K, Fs:70, WS:168K # 192K, PF:180K # 188K, P:180K)
[14] 0.000022 +J(0)
[15] 0.000011 +J(0)
[16] 0.002206 -0.001599 (1) WT +J(0) +M(C:0K, Fs:2, WS:0K # 0K, PF:0K # 0K, P:0K).</Data><Data>lgposV2[] = 00000058:0001:0000 - 00000058:000E:0268 - 00000059:0002:0000 - 00000059:0002:0000 (00000059:0001:0000)
ForwardLogsV2 = 0.042727 s - 1 lgens
cReInits = 4
RBSOn = 0
</Data></EventData></Event><Event xmlns='http://schemas.microsoft.com/win/2004/08/events/event'><System><Provider Name='ESENT'/><EventID Qualifiers='0'>326</EventID><Version>0</Version><Level>4</Level><Task>1</Task><Opcode>0</Opcode><Keywords>0x80000000000000</Keywords><TimeCreated SystemTime='2025-11-08T18:53:21.3754456Z'/><EventRecordID>78486</EventRecordID><Correlation/><Execution ProcessID='14272' ThreadID='0'/><Channel>Application</Channel><Computer>Redzep</Computer><Security/></System><EventData><Data>svchost</Data><Data>14272,D,50,0</Data><Data>DS_Token_DB: </Data><Data>1</Data><Data>C:\WINDOWS\system32\config\systemprofile\AppData\Local\DataSharing\Storage\DSTokenDB2.dat</Data><Data>0</Data><Data>
[1] 0.000005 +J(0) +M(C:0K, Fs:1, WS:4K # 0K, PF:0K # 0K, P:0K)
[2] 0.003028 -0.002195 (1) WT +J(0) +M(C:0K, Fs:17, WS:4K # 12K, PF:4K # 8K, P:4K)
[3] 0.017764 -0.005106 (6) WT +J(CM:0, PgRf:0, Rd:0/0, Dy:0/0, Lg:3480/2) +M(C:0K, Fs:6, WS:20K # 0K, PF:20K # 0K, P:20K)
[4] 0.003661 +J(0)
[5] -
[6] 0.002785 -0.002705 (2) CM -0.002616 (2) WT +J(CM:2, PgRf:2, Rd:0/2, Dy:0/0, Lg:0/0) +M(C:0K, Fs:2, WS:8K # 0K, PF:0K # 0K, P:0K)
[7] 0.000003 +J(0)
[8] 0.001053 -0.000904 (1) CM -0.000857 (1) WT +J(CM:1, PgRf:1, Rd:4/1, Dy:0/0, Lg:0/0) +M(C:16K, Fs:24, WS:96K # 60K, PF:208K # 168K, P:208K)
[9] -
[10] -
[11] -
[12] 0.000012 +J(CM:0, PgRf:0, Rd:0/0, Dy:0/0, Lg:54/1) +M(C:0K, Fs:1, WS:4K # 4K, PF:20K # 16K, P:20K)
[13] 0.002571 -0.002340 (2) CM -0.002245 (2) WT +J(CM:2, PgRf:23, Rd:0/2, Dy:0/0, Lg:0/0) +M(C:-8K, Fs:18, WS:64K # 72K, PF:-4K # 4K, P:-4K)
[14] 0.001163 -0.000939 (2) CM -0.000808 (2) WT +J(CM:2, PgRf:40, Rd:0/2, Dy:0/0, Lg:0/0) +M(C:0K, Fs:5, WS:20K # 12K, PF:64K # 56K, P:64K)
[15] 0.000006 +J(CM:0, PgRf:1, Rd:0/0, Dy:0/0, Lg:0/0)
[16] 0.000006 +J(CM:0, PgRf:1, Rd:0/0, Dy:0/0, Lg:0/0) +M(C:0K, Fs:1, WS:4K # 4K, PF:0K # 0K, P:0K)
[17] 0.000031 +J(CM:0, PgRf:42, Rd:0/0, Dy:0/0, Lg:0/0) +M(C:0K, Fs:6, WS:24K # 24K, PF:0K # 0K, P:0K)
[18] 0.0 +J(0)
[19] 0.0 +J(0)
[20] 0.000014 +J(CM:0, PgRf:3, Rd:0/0, Dy:0/0, Lg:0/0) +M(C:0K, Fs:2, WS:8K # 8K, PF:0K # 0K, P:0K).</Data><Data>1 0</Data><Data>lgposAttach = 00000059:0004:0268,
dbv = 1568.300.620 (9620)</Data></EventData></Event><Event xmlns='http://schemas.microsoft.com/win/2004/08/events/event'><System><Provider Name='Microsoft-Windows-RestartManager' Guid='{0888e5ef-9b98-4695-979d-e92ce4247224}'/><EventID>10001</EventID><Version>0</Version><Level>4</Level><Task>0</Task><Opcode>0</Opcode><Keywords>0x8000000000000000</Keywords><TimeCreated SystemTime='2025-11-08T18:57:01.4695443Z'/><EventRecordID>78487</EventRecordID><Correlation/><Execution ProcessID='17140' ThreadID='9704'/><Channel>Application</Channel><Computer>Redzep</Computer><Security UserID='S-1-5-21-2249670643-648898893-1642193712-1002'/></System><UserData><RmSessionEvent xmlns='http://www.microsoft.com/2005/08/Windows/Reliability/RestartManager/'><RmSessionId>1</RmSessionId><UTCStartTime>2025-11-08T18:53:04.2866961Z</UTCStartTime></RmSessionEvent></UserData></Event><Event xmlns='http://schemas.microsoft.com/win/2004/08/events/event'><System><Provider Name='VSS'/><EventID Qualifiers='0'>8224</EventID><Version>0</Version><Level>4</Level><Task>0</Task><Opcode>0</Opcode><Keywords>0x80000000000000</Keywords><TimeCreated SystemTime='2025-11-08T19:24:24.3648782Z'/><EventRecordID>78488</EventRecordID><Correlation/><Execution ProcessID='10712' ThreadID='0'/><Channel>Application</Channel><Computer>Redzep</Computer><Security/></System><EventData><Data></Data><Binary>2D20436F64653A2020434F525356434330303030303737322D2043616C6C3A2020434F525356434330303030303735342D205049443A202030303031303731322D205449443A202030303031313139322D20434D443A2020433A5C57494E444F57535C73797374656D33325C76737376632E6578652020202D20557365723A204E616D653A204E5420415554484F524954595C53595354454D2C205349443A532D312D352D313820</Binary></EventData></Event><Event xmlns='http://schemas.microsoft.com/win/2004/08/events/event'><System><Provider Name='MsiInstaller'/><EventID Qualifiers='0'>1040</EventID><Version>0</Version><Level>4</Level><Task>0</Task><Opcode>0</Opcode><Keywords>0x80000000000000</Keywords><TimeCreated SystemTime='2025-11-08T19:26:05.2380961Z'/><EventRecordID>78489</EventRecordID><Correlation/><Execution ProcessID='11132' ThreadID='0'/><Channel>Application</Channel><Computer>Redzep</Computer><Security UserID='S-1-5-21-2249670643-648898893-1642193712-1002'/></System><EventData><Data>C:\Users\Recep\AppData\Local\Temp\{61B883C8-0223-4471-9B76-BD682417526C}\DaVinci Resolve Panels Installer v2.3.4.msi</Data><Data>3832</Data><Data>(NULL)</Data><Data>(NULL)</Data><Data>(NULL)</Data><Data>(NULL)</Data></EventData></Event><Event xmlns='http://schemas.microsoft.com/win/2004/08/events/event'><System><Provider Name='Microsoft-Windows-RestartManager' Guid='{0888e5ef-9b98-4695-979d-e92ce4247224}'/><EventID>10000</EventID><Version>0</Version><Level>4</Level><Task>0</Task><Opcode>0</Opcode><Keywords>0x8000000000000000</Keywords><TimeCreated SystemTime='2025-11-08T19:26:10.7273688Z'/><EventRecordID>78490</EventRecordID><Correlation/><Execution ProcessID='11132' ThreadID='19096'/><Channel>Application</Channel><Computer>Redzep</Computer><Security UserID='S-1-5-21-2249670643-648898893-1642193712-1002'/></System><UserData><RmSessionEvent xmlns='http://www.microsoft.com/2005/08/Windows/Reliability/RestartManager/'><RmSessionId>0</RmSessionId><UTCStartTime>2025-11-08T19:26:10.7174576Z</UTCStartTime></RmSessionEvent></UserData></Event><Event xmlns='http://schemas.microsoft.com/win/2004/08/events/event'><System><Provider Name='Microsoft-Windows-Security-SPP' Guid='{E23B33B0-C8C9-472C-A5F9-F2BDFEA0F156}' EventSourceName='Software Protection Platform Service'/><EventID Qualifiers='49152'>16394</EventID><Version>0</Version><Level>4</Level><Task>0</Task><Opcode>0</Opcode><Keywords>0x80000000000000</Keywords><TimeCreated SystemTime='2025-11-08T19:26:21.2285991Z'/><EventRecordID>78491</EventRecordID><Correlation/><Execution ProcessID='17844' ThreadID='0'/><Channel>Application</Channel><Computer>Redzep</Computer><Security/></System><EventData></EventData></Event><Event xmlns='http://schemas.microsoft.com/win/2004/08/events/event'><System><Provider Name='MsiInstaller'/><EventID Qualifiers='0'>11707</EventID><Version>0</Version><Level>4</Level><Task>0</Task><Opcode>0</Opcode><Keywords>0x80000000000000</Keywords><TimeCreated SystemTime='2025-11-08T19:26:25.7269611Z'/><EventRecordID>78492</EventRecordID><Correlation/><Execution ProcessID='11132' ThreadID='0'/><Channel>Application</Channel><Computer>Redzep</Computer><Security UserID='S-1-5-21-2249670643-648898893-1642193712-1002'/></System><EventData><Data>Product: DaVinci Resolve Control Panels -- Installation completed successfully.</Data><Data>(NULL)</Data><Data>(NULL)</Data><Data>(NULL)</Data><Data>(NULL)</Data><Data>(NULL)</Data><Binary>7B36444631334142382D313639372D343641322D383031372D4636384438363046433230317D</Binary></EventData></Event><Event xmlns='http://schemas.microsoft.com/win/2004/08/events/event'><System><Provider Name='MsiInstaller'/><EventID Qualifiers='0'>1033</EventID><Version>0</Version><Level>4</Level><Task>0</Task><Opcode>0</Opcode><Keywords>0x80000000000000</Keywords><TimeCreated SystemTime='2025-11-08T19:26:25.7273440Z'/><EventRecordID>78493</EventRecordID><Correlation/><Execution ProcessID='11132' ThreadID='0'/><Channel>Application</Channel><Computer>Redzep</Computer><Security UserID='S-1-5-21-2249670643-648898893-1642193712-1002'/></System><EventData><Data>DaVinci Resolve Control Panels</Data><Data>2.3.4.0</Data><Data>1033</Data><Data>0</Data><Data>Blackmagic Design</Data><Data>(NULL)</Data><Binary>7B36444631334142382D313639372D343641322D383031372D4636384438363046433230317D3030303064626662666331326638656463626633663432393861363938353037323635323030303030393034</Binary></EventData></Event><Event xmlns='http://schemas.microsoft.com/win/2004/08/events/event'><System><Provider Name='MsiInstaller'/><EventID Qualifiers='0'>1042</EventID><Version>0</Version><Level>4</Level><Task>0</Task><Opcode>0</Opcode><Keywords>0x80000000000000</Keywords><TimeCreated SystemTime='2025-11-08T19:26:27.8858233Z'/><EventRecordID>78494</EventRecordID><Correlation/><Execution ProcessID='11132' ThreadID='0'/><Channel>Application</Channel><Computer>Redzep</Computer><Security UserID='S-1-5-18'/></System><EventData><Data>C:\Users\Recep\AppData\Local\Temp\{61B883C8-0223-4471-9B76-BD682417526C}\DaVinci Resolve Panels Installer v2.3.4.msi</Data><Data>3832</Data><Data>(NULL)</Data><Data>(NULL)</Data><Data>(NULL)</Data><Data>(NULL)</Data></EventData></Event><Event xmlns='http://schemas.microsoft.com/win/2004/08/events/event'><System><Provider Name='Microsoft-Windows-RestartManager' Guid='{0888e5ef-9b98-4695-979d-e92ce4247224}'/><EventID>10001</EventID><Version>0</Version><Level>4</Level><Task>0</Task><Opcode>0</Opcode><Keywords>0x8000000000000000</Keywords><TimeCreated SystemTime='2025-11-08T19:26:27.7962767Z'/><EventRecordID>78495</EventRecordID><Correlation/><Execution ProcessID='11132' ThreadID='2124'/><Channel>Application</Channel><Computer>Redzep</Computer><Security UserID='S-1-5-21-2249670643-648898893-1642193712-1002'/></System><UserData><RmSessionEvent xmlns='http://www.microsoft.com/2005/08/Windows/Reliability/RestartManager/'><RmSessionId>0</RmSessionId><UTCStartTime>2025-11-08T19:26:10.7174576Z</UTCStartTime></RmSessionEvent></UserData></Event><Event xmlns='http://schemas.microsoft.com/win/2004/08/events/event'><System><Provider Name='MsiInstaller'/><EventID Qualifiers='0'>1040</EventID><Version>0</Version><Level>4</Level><Task>0</Task><Opcode>0</Opcode><Keywords>0x80000000000000</Keywords><TimeCreated SystemTime='2025-11-08T19:26:29.9038952Z'/><EventRecordID>78496</EventRecordID><Correlation/><Execution ProcessID='11132' ThreadID='0'/><Channel>Application</Channel><Computer>Redzep</Computer><Security UserID='S-1-5-21-2249670643-648898893-1642193712-1002'/></System><EventData><Data>C:\Users\Recep\AppData\Local\Temp\{61B883C8-0223-4471-9B76-BD682417526C}\Blackmagic RAW Player v5.1.0.msi</Data><Data>4084</Data><Data>(NULL)</Data><Data>(NULL)</Data><Data>(NULL)</Data><Data>(NULL)</Data></EventData></Event><Event xmlns='http://schemas.microsoft.com/win/2004/08/events/event'><System><Provider Name='MsiInstaller'/><EventID Qualifiers='0'>11707</EventID><Version>0</Version><Level>4</Level><Task>0</Task><Opcode>0</Opcode><Keywords>0x80000000000000</Keywords><TimeCreated SystemTime='2025-11-08T19:26:33.0505007Z'/><EventRecordID>78497</EventRecordID><Correlation/><Execution ProcessID='11132' ThreadID='0'/><Channel>Application</Channel><Computer>Redzep</Computer><Security UserID='S-1-5-21-2249670643-648898893-1642193712-1002'/></System><EventData><Data>Product: Blackmagic RAW Common Components -- Installation completed successfully.</Data><Data>(NULL)</Data><Data>(NULL)</Data><Data>(NULL)</Data><Data>(NULL)</Data><Data>(NULL)</Data><Binary>7B46434442413037312D413630322D343345362D424644342D3441364143343344333535367D</Binary></EventData></Event><Event xmlns='http://schemas.microsoft.com/win/2004/08/events/event'><System><Provider Name='MsiInstaller'/><EventID Qualifiers='0'>1033</EventID><Version>0</Version><Level>4</Level><Task>0</Task><Opcode>0</Opcode><Keywords>0x80000000000000</Keywords><TimeCreated SystemTime='2025-11-08T19:26:33.0507888Z'/><EventRecordID>78498</EventRecordID><Correlation/><Execution ProcessID='11132' ThreadID='0'/><Channel>Application</Channel><Computer>Redzep</Computer><Security UserID='S-1-5-21-2249670643-648898893-1642193712-1002'/></System><EventData><Data>Blackmagic RAW Common Components</Data><Data>5.1</Data><Data>1033</Data><Data>0</Data><Data>Blackmagic Design</Data><Data>(NULL)</Data><Binary>7B46434442413037312D413630322D343345362D424644342D3441364143343344333535367D3030303034643462396361303233306465313936313238623362643033303865333737383030303030393034</Binary></EventData></Event><Event xmlns='http://schemas.microsoft.com/win/2004/08/events/event'><System><Provider Name='MsiInstaller'/><EventID Qualifiers='0'>1042</EventID><Version>0</Version><Level>4</Level><Task>0</Task><Opcode>0</Opcode><Keywords>0x80000000000000</Keywords><TimeCreated SystemTime='2025-11-08T19:26:35.2313246Z'/><EventRecordID>78499</EventRecordID><Correlation/><Execution ProcessID='11132' ThreadID='0'/><Channel>Application</Channel><Computer>Redzep</Computer><Security UserID='S-1-5-18'/></System><EventData><Data>C:\Users\Recep\AppData\Local\Temp\{61B883C8-0223-4471-9B76-BD682417526C}\Blackmagic RAW Player v5.1.0.msi</Data><Data>4084</Data><Data>(NULL)</Data><Data>(NULL)</Data><Data>(NULL)</Data><Data>(NULL)</Data></EventData></Event><Event xmlns='http://schemas.microsoft.com/win/2004/08/events/event'><System><Provider Name='MsiInstaller'/><EventID Qualifiers='0'>1040</EventID><Version>0</Version><Level>4</Level><Task>0</Task><Opcode>0</Opcode><Keywords>0x80000000000000</Keywords><TimeCreated SystemTime='2025-11-08T19:26:45.8490614Z'/><EventRecordID>78500</EventRecordID><Correlation/><Execution ProcessID='11132' ThreadID='0'/><Channel>Application</Channel><Computer>Redzep</Computer><Security UserID='S-1-5-21-2249670643-648898893-1642193712-1002'/></System><EventData><Data>C:\Users\Recep\AppData\Local\Temp\7zS0A64ECB9\ResolveInstaller.msi</Data><Data>5604</Data><Data>(NULL)</Data><Data>(NULL)</Data><Data>(NULL)</Data><Data>(NULL)</Data></EventData></Event><Event xmlns='http://schemas.microsoft.com/win/2004/08/events/event'><System><Provider Name='Microsoft-Windows-Security-SPP' Guid='{E23B33B0-C8C9-472C-A5F9-F2BDFEA0F156}' EventSourceName='Software Protection Platform Service'/><EventID Qualifiers='16384'>16384</EventID><Version>0</Version><Level>4</Level><Task>0</Task><Opcode>0</Opcode><Keywords>0x80000000000000</Keywords><TimeCreated SystemTime='2025-11-08T19:26:51.5889684Z'/><EventRecordID>78501</EventRecordID><Correlation/><Execution ProcessID='17844' ThreadID='0'/><Channel>Application</Channel><Computer>Redzep</Computer><Security/></System><EventData><Data>2025-11-11T08:16:51Z</Data><Data>RulesEngine</Data></EventData></Event><Event xmlns='http://schemas.microsoft.com/win/2004/08/events/event'><System><Provider Name='VSS'/><EventID Qualifiers='0'>8231</EventID><Version>0</Version><Level>4</Level><Task>0</Task><Opcode>0</Opcode><Keywords>0x80000000000000</Keywords><TimeCreated SystemTime='2025-11-08T19:27:07.0025334Z'/><EventRecordID>78502</EventRecordID><Correlation/><Execution ProcessID='11132' ThreadID='0'/><Channel>Application</Channel><Computer>Redzep</Computer><Security/></System><EventData><Data>{aee25ec0-871e-483c-ad17-539005f3f598}</Data><Data>C:\WINDOWS\system32\msiexec.exe /V</Data><Data>msiexec.exe</Data><Data>services.exe</Data><Data>wininit.exe</Data></EventData></Event><Event xmlns='http://schemas.microsoft.com/win/2004/08/events/event'><System><Provider Name='System Restore'/><EventID Qualifiers='0'>8194</EventID><Version>0</Version><Level>4</Level><Task>0</Task><Opcode>0</Opcode><Keywords>0x80000000000000</Keywords><TimeCreated SystemTime='2025-11-08T19:27:10.2461249Z'/><EventRecordID>78503</EventRecordID><Correlation/><Execution ProcessID='11132' ThreadID='0'/><Channel>Application</Channel><Computer>Redzep</Computer><Security/></System><EventData><Data>C:\WINDOWS\system32\msiexec.exe /V</Data><Data>Installed DaVinci Resolve</Data><Binary>0000000067020000590200000000000022CE28677C6DDA79E28C1C000000000000000000</Binary></EventData></Event><Event xmlns='http://schemas.microsoft.com/win/2004/08/events/event'><System><Provider Name='Microsoft-Windows-RestartManager' Guid='{0888e5ef-9b98-4695-979d-e92ce4247224}'/><EventID>10000</EventID><Version>0</Version><Level>4</Level><Task>0</Task><Opcode>0</Opcode><Keywords>0x8000000000000000</Keywords><TimeCreated SystemTime='2025-11-08T19:27:10.3555615Z'/><EventRecordID>78504</EventRecordID><Correlation/><Execution ProcessID='11132' ThreadID='7460'/><Channel>Application</Channel><Computer>Redzep</Computer><Security UserID='S-1-5-21-2249670643-648898893-1642193712-1002'/></System><UserData><RmSessionEvent xmlns='http://www.microsoft.com/2005/08/Windows/Reliability/RestartManager/'><RmSessionId>0</RmSessionId><UTCStartTime>2025-11-08T19:27:10.3550731Z</UTCStartTime></RmSessionEvent></UserData></Event><Event xmlns='http://schemas.microsoft.com/win/2004/08/events/event'><System><Provider Name='MsiInstaller'/><EventID Qualifiers='0'>1042</EventID><Version>0</Version><Level>4</Level><Task>0</Task><Opcode>0</Opcode><Keywords>0x80000000000000</Keywords><TimeCreated SystemTime='2025-11-08T19:28:39.1205827Z'/><EventRecordID>78505</EventRecordID><Correlation/><Execution ProcessID='11132' ThreadID='0'/><Channel>Application</Channel><Computer>Redzep</Computer><Security UserID='S-1-5-18'/></System><EventData><Data>C:\Users\Recep\AppData\Local\Temp\7zS0A64ECB9\ResolveInstaller.msi</Data><Data>5604</Data><Data>(NULL)</Data><Data>(NULL)</Data><Data>(NULL)</Data><Data>(NULL)</Data></EventData></Event><Event xmlns='http://schemas.microsoft.com/win/2004/08/events/event'><System><Provider Name='Microsoft-Windows-RestartManager' Guid='{0888e5ef-9b98-4695-979d-e92ce4247224}'/><EventID>10001</EventID><Version>0</Version><Level>4</Level><Task>0</Task><Opcode>0</Opcode><Keywords>0x8000000000000000</Keywords><TimeCreated SystemTime='2025-11-08T19:28:39.1130185Z'/><EventRecordID>78506</EventRecordID><Correlation/><Execution ProcessID='11132' ThreadID='10188'/><Channel>Application</Channel><Computer>Redzep</Computer><Security UserID='S-1-5-21-2249670643-648898893-1642193712-1002'/></System><UserData><RmSessionEvent xmlns='http://www.microsoft.com/2005/08/Windows/Reliability/RestartManager/'><RmSessionId>0</RmSessionId><UTCStartTime>2025-11-08T19:27:10.3550731Z</UTCStartTime></RmSessionEvent></UserData></Event><Event xmlns='http://schemas.microsoft.com/win/2004/08/events/event'><System><Provider Name='MsiInstaller'/><EventID Qualifiers='0'>11707</EventID><Version>0</Version><Level>4</Level><Task>0</Task><Opcode>0</Opcode><Keywords>0x80000000000000</Keywords><TimeCreated SystemTime='2025-11-08T19:28:42.9965231Z'/><EventRecordID>78507</EventRecordID><Correlation/><Execution ProcessID='5604' ThreadID='0'/><Channel>Application</Channel><Computer>Redzep</Computer><Security UserID='S-1-5-21-2249670643-648898893-1642193712-1002'/></System><EventData><Data>Product: DaVinci Resolve -- Installation completed successfully.</Data><Data>(NULL)</Data><Data>(NULL)</Data><Data>(NULL)</Data><Data>(NULL)</Data><Data>(NULL)</Data><Binary>7B35353944393732392D434343372D343430382D423746462D4239314439353531414244367D</Binary></EventData></Event><Event xmlns='http://schemas.microsoft.com/win/2004/08/events/event'><System><Provider Name='MsiInstaller'/><EventID Qualifiers='0'>1033</EventID><Version>0</Version><Level>4</Level><Task>0</Task><Opcode>0</Opcode><Keywords>0x80000000000000</Keywords><TimeCreated SystemTime='2025-11-08T19:28:42.9977184Z'/><EventRecordID>78508</EventRecordID><Correlation/><Execution ProcessID='5604' ThreadID='0'/><Channel>Application</Channel><Computer>Redzep</Computer><Security UserID='S-1-5-21-2249670643-648898893-1642193712-1002'/></System><EventData><Data>DaVinci Resolve</Data><Data>20.2.30006</Data><Data>1033</Data><Data>0</Data><Data>Blackmagic Design</Data><Data>(NULL)</Data><Binary>7B35353944393732392D434343372D343430382D423746462D4239314439353531414244367D3030303065663465653931666562303036303263393666303732333864376461663133363030303030393034</Binary></EventData></Event><Event xmlns='http://schemas.microsoft.com/win/2004/08/events/event'><System><Provider Name='VSS'/><EventID Qualifiers='0'>8224</EventID><Version>0</Version><Level>4</Level><Task>0</Task><Opcode>0</Opcode><Keywords>0x80000000000000</Keywords><TimeCreated SystemTime='2025-11-08T19:30:11.6157805Z'/><EventRecordID>78509</EventRecordID><Correlation/><Execution ProcessID='16740' ThreadID='0'/><Channel>Application</Channel><Computer>Redzep</Computer><Security/></System><EventData><Data></Data><Binary>2D20436F64653A2020434F525356434330303030303737322D2043616C6C3A2020434F525356434330303030303735342D205049443A202030303031363734302D205449443A202030303030333631362D20434D443A2020433A5C57494E444F57535C73797374656D33325C76737376632E6578652020202D20557365723A204E616D653A204E5420415554484F524954595C53595354454D2C205349443A532D312D352D313820</Binary></EventData></Event><Event xmlns='http://schemas.microsoft.com/win/2004/08/events/event'><System><Provider Name='Windows Error Reporting' Guid='{0ead09bd-2157-539a-8d6d-c87f95b64d70}'/><EventID>1001</EventID><Version>0</Version><Level>4</Level><Task>0</Task><Opcode>0</Opcode><Keywords>0x8000000000000000</Keywords><TimeCreated SystemTime='2025-11-08T19:31:18.8970373Z'/><EventRecordID>78510</EventRecordID><Correlation ActivityID='{d58c5297-aace-4902-8e69-9552b467d2c1}'/><Execution ProcessID='10532' ThreadID='2056'/><Channel>Application</Channel><Computer>Redzep</Computer><Security UserID='S-1-5-21-2249670643-648898893-1642193712-1002'/></System><EventData><Data Name='Bucket'>1963456155480808422</Data><Data Name='BucketType'>5</Data><Data Name='EventName'>RADAR_PRE_LEAK_64</Data><Data Name='Response'>Kullan²lam²yor</Data><Data Name='CabId'>0</Data><Data Name='P1'>Resolve.exe</Data><Data Name='P2'>20.2.3.6</Data><Data Name='P3'>10.0.26200.2.0.0</Data><Data Name='P4'></Data><Data Name='P5'></Data><Data Name='P6'></Data><Data Name='P7'></Data><Data Name='P8'></Data><Data Name='P9'></Data><Data Name='P10'></Data><Data Name='AttachedFiles'>
\\?\C:\Users\Recep\AppData\Local\Temp\RDR5377.tmp\empty.txt
\\?\C:\ProgramData\Microsoft\Windows\WER\Temp\WER.443e5333-6be2-4a04-95dd-34d8eea1d9c3.tmp.WERInternalMetadata.xml
WPR_initiated_DiagTrackMiniLogger_OneTrace_User_Logger_20241008_1_EC_0_inject.etl
\\?\C:\ProgramData\Microsoft\Windows\WER\Temp\WER.09daa58b-cf0c-4a9c-80ae-e06463aae55d.tmp.etl
WPR_initiated_DiagTrackMiniLogger_WPR System Collector_inject.etl
\\?\C:\ProgramData\Microsoft\Windows\WER\Temp\WER.2bf5f030-7860-45fb-ac4f-6305405908e6.tmp.etl
\\?\C:\ProgramData\Microsoft\Windows\WER\Temp\WER.51018b3c-0e03-4a26-a2eb-d1e1cd1f97c0.tmp.csv
\\?\C:\ProgramData\Microsoft\Windows\WER\Temp\WER.327b88b4-202f-4a7a-81b7-96b18aa204d8.tmp.txt
\\?\C:\ProgramData\Microsoft\Windows\WER\Temp\WER.6cabd660-423f-4084-8ae4-e20b1379dc50.tmp.xml</Data><Data Name='StorePath'>NULL</Data><Data Name='AnalysisSymbol'></Data><Data Name='Rechecking'>0</Data><Data Name='ReportId'>7f68e94b-383d-4d24-8061-96a087b345cc</Data><Data Name='ReportStatus'>268435456</Data><Data Name='HashedBucket'>e089af344df0b6a85b3f98f8777cdbe6</Data><Data Name='CabGuid'>0</Data></EventData></Event><Event xmlns='http://schemas.microsoft.com/win/2004/08/events/event'><System><Provider Name='MsiInstaller'/><EventID Qualifiers='0'>1040</EventID><Version>0</Version><Level>4</Level><Task>0</Task><Opcode>0</Opcode><Keywords>0x80000000000000</Keywords><TimeCreated SystemTime='2025-11-08T19:35:39.0011622Z'/><EventRecordID>78511</EventRecordID><Correlation/><Execution ProcessID='17400' ThreadID='0'/><Channel>Application</Channel><Computer>Redzep</Computer><Security UserID='S-1-5-21-2249670643-648898893-1642193712-1002'/></System><EventData><Data>{559D9729-CCC7-4408-B7FF-B91D9551ABD6}</Data><Data>18248</Data><Data>(NULL)</Data><Data>(NULL)</Data><Data>(NULL)</Data><Data>(NULL)</Data></EventData></Event><Event xmlns='http://schemas.microsoft.com/win/2004/08/events/event'><System><Provider Name='VSS'/><EventID Qualifiers='0'>8231</EventID><Version>0</Version><Level>4</Level><Task>0</Task><Opcode>0</Opcode><Keywords>0x80000000000000</Keywords><TimeCreated SystemTime='2025-11-08T19:35:54.1529241Z'/><EventRecordID>78512</EventRecordID><Correlation/><Execution ProcessID='17400' ThreadID='0'/><Channel>Application</Channel><Computer>Redzep</Computer><Security/></System><EventData><Data>{0544f8ea-26fd-40d2-8d27-f2b89f32fff4}</Data><Data>C:\WINDOWS\system32\msiexec.exe /V</Data><Data>msiexec.exe</Data><Data>services.exe</Data><Data>wininit.exe</Data></EventData></Event><Event xmlns='http://schemas.microsoft.com/win/2004/08/events/event'><System><Provider Name='System Restore'/><EventID Qualifiers='0'>8194</EventID><Version>0</Version><Level>4</Level><Task>0</Task><Opcode>0</Opcode><Keywords>0x80000000000000</Keywords><TimeCreated SystemTime='2025-11-08T19:35:58.0422523Z'/><EventRecordID>78513</EventRecordID><Correlation/><Execution ProcessID='17400' ThreadID='0'/><Channel>Application</Channel><Computer>Redzep</Computer><Security/></System><EventData><Data>C:\WINDOWS\system32\msiexec.exe /V</Data><Data>Removed DaVinci Resolve</Data><Binary>0000000067020000590200000000000022CE28677C6DDA79E28C1C000000000000000000</Binary></EventData></Event><Event xmlns='http://schemas.microsoft.com/win/2004/08/events/event'><System><Provider Name='Microsoft-Windows-RestartManager' Guid='{0888e5ef-9b98-4695-979d-e92ce4247224}'/><EventID>10000</EventID><Version>0</Version><Level>4</Level><Task>0</Task><Opcode>0</Opcode><Keywords>0x8000000000000000</Keywords><TimeCreated SystemTime='2025-11-08T19:35:59.8693114Z'/><EventRecordID>78514</EventRecordID><Correlation/><Execution ProcessID='17400' ThreadID='16052'/><Channel>Application</Channel><Computer>Redzep</Computer><Security UserID='S-1-5-21-2249670643-648898893-1642193712-1002'/></System><UserData><RmSessionEvent xmlns='http://www.microsoft.com/2005/08/Windows/Reliability/RestartManager/'><RmSessionId>0</RmSessionId><UTCStartTime>2025-11-08T19:35:59.8686795Z</UTCStartTime></RmSessionEvent></UserData></Event><Event xmlns='http://schemas.microsoft.com/win/2004/08/events/event'><System><Provider Name='Microsoft-Windows-RestartManager' Guid='{0888e5ef-9b98-4695-979d-e92ce4247224}'/><EventID>10010</EventID><Version>0</Version><Level>3</Level><Task>0</Task><Opcode>0</Opcode><Keywords>0x8000000000000000</Keywords><TimeCreated SystemTime='2025-11-08T19:36:08.0811343Z'/><EventRecordID>78515</EventRecordID><Correlation/><Execution ProcessID='17400' ThreadID='16052'/><Channel>Application</Channel><Computer>Redzep</Computer><Security UserID='S-1-5-21-2249670643-648898893-1642193712-1002'/></System><UserData><RmUnsupportedRestartEvent xmlns='http://www.microsoft.com/2005/08/Windows/Reliability/RestartManager/'><RmSessionId>0</RmSessionId><Pid>5096</Pid><FullPath>C:\Program Files\Blackmagic Design\DaVinci Resolve\Resolve.exe</FullPath><DisplayName>DaVinci Resolve</DisplayName><AppVersion>0</AppVersion><AppType>0</AppType><TSSessionId>1</TSSessionId><Status>67108865</Status><Reason>1</Reason></RmUnsupportedRestartEvent></UserData></Event><Event xmlns='http://schemas.microsoft.com/win/2004/08/events/event'><System><Provider Name='Microsoft-Windows-RestartManager' Guid='{0888e5ef-9b98-4695-979d-e92ce4247224}'/><EventID>10005</EventID><Version>0</Version><Level>4</Level><Task>0</Task><Opcode>0</Opcode><Keywords>0x8000000000000000</Keywords><TimeCreated SystemTime='2025-11-08T19:36:08.0811428Z'/><EventRecordID>78516</EventRecordID><Correlation/><Execution ProcessID='17400' ThreadID='16052'/><Channel>Application</Channel><Computer>Redzep</Computer><Security UserID='S-1-5-21-2249670643-648898893-1642193712-1002'/></System><UserData><RmRestartEvent xmlns='http://www.microsoft.com/2005/08/Windows/Reliability/RestartManager/'><RmSessionId>0</RmSessionId><nApplications>1</nApplications><Applications><Application>DaVinci Resolve</Application></Applications><RebootReasons>2</RebootReasons></RmRestartEvent></UserData></Event><Event xmlns='http://schemas.microsoft.com/win/2004/08/events/event'><System><Provider Name='Microsoft-Windows-RestartManager' Guid='{0888e5ef-9b98-4695-979d-e92ce4247224}'/><EventID>10000</EventID><Version>0</Version><Level>4</Level><Task>0</Task><Opcode>0</Opcode><Keywords>0x8000000000000000</Keywords><TimeCreated SystemTime='2025-11-08T19:36:08.0834377Z'/><EventRecordID>78517</EventRecordID><Correlation/><Execution ProcessID='18248' ThreadID='4248'/><Channel>Application</Channel><Computer>Redzep</Computer><Security UserID='S-1-5-21-2249670643-648898893-1642193712-1002'/></System><UserData><RmSessionEvent xmlns='http://www.microsoft.com/2005/08/Windows/Reliability/RestartManager/'><RmSessionId>1</RmSessionId><UTCStartTime>2025-11-08T19:36:08.0827351Z</UTCStartTime></RmSessionEvent></UserData></Event><Event xmlns='http://schemas.microsoft.com/win/2004/08/events/event'><System><Provider Name='Microsoft-Windows-RestartManager' Guid='{0888e5ef-9b98-4695-979d-e92ce4247224}'/><EventID>10002</EventID><Version>0</Version><Level>4</Level><Task>0</Task><Opcode>0</Opcode><Keywords>0x8000000000000000</Keywords><TimeCreated SystemTime='2025-11-08T19:36:18.4953135Z'/><EventRecordID>78518</EventRecordID><Correlation/><Execution ProcessID='18248' ThreadID='17980'/><Channel>Application</Channel><Computer>Redzep</Computer><Security UserID='S-1-5-21-2249670643-648898893-1642193712-1002'/></System><UserData><RmApplicationEvent xmlns='http://www.microsoft.com/2005/08/Windows/Reliability/RestartManager/'><RmSessionId>1</RmSessionId><FullPath>C:\Program Files\Blackmagic Design\DaVinci Resolve\Resolve.exe</FullPath><DisplayName>DaVinci Resolve</DisplayName><AppVersion>0</AppVersion><AppType>1</AppType><TSSessionId>1</TSSessionId><Status>2</Status><Pid>5096</Pid><nFiles>0</nFiles><Files><File></File></Files></RmApplicationEvent></UserData></Event><Event xmlns='http://schemas.microsoft.com/win/2004/08/events/event'><System><Provider Name='MsiInstaller'/><EventID Qualifiers='0'>11724</EventID><Version>0</Version><Level>4</Level><Task>0</Task><Opcode>0</Opcode><Keywords>0x80000000000000</Keywords><TimeCreated SystemTime='2025-11-08T19:36:45.1129681Z'/><EventRecordID>78519</EventRecordID><Correlation/><Execution ProcessID='17400' ThreadID='0'/><Channel>Application</Channel><Computer>Redzep</Computer><Security UserID='S-1-5-21-2249670643-648898893-1642193712-1002'/></System><EventData><Data>Product: DaVinci Resolve -- Removal completed successfully.</Data><Data>(NULL)</Data><Data>(NULL)</Data><Data>(NULL)</Data><Data>(NULL)</Data><Data>(NULL)</Data><Binary>7B35353944393732392D434343372D343430382D423746462D4239314439353531414244367D</Binary></EventData></Event><Event xmlns='http://schemas.microsoft.com/win/2004/08/events/event'><System><Provider Name='MsiInstaller'/><EventID Qualifiers='0'>1034</EventID><Version>0</Version><Level>4</Level><Task>0</Task><Opcode>0</Opcode><Keywords>0x80000000000000</Keywords><TimeCreated SystemTime='2025-11-08T19:36:45.1133952Z'/><EventRecordID>78520</EventRecordID><Correlation/><Execution ProcessID='17400' ThreadID='0'/><Channel>Application</Channel><Computer>Redzep</Computer><Security UserID='S-1-5-21-2249670643-648898893-1642193712-1002'/></System><EventData><Data>DaVinci Resolve</Data><Data>20.2.30006</Data><Data>1033</Data><Data>0</Data><Data>Blackmagic Design</Data><Data>(NULL)</Data><Binary>7B35353944393732392D434343372D343430382D423746462D4239314439353531414244367D3030303065663465653931666562303036303263393666303732333864376461663133363030303030393034</Binary></EventData></Event><Event xmlns='http://schemas.microsoft.com/win/2004/08/events/event'><System><Provider Name='MsiInstaller'/><EventID Qualifiers='0'>1042</EventID><Version>0</Version><Level>4</Level><Task>0</Task><Opcode>0</Opcode><Keywords>0x80000000000000</Keywords><TimeCreated SystemTime='2025-11-08T19:36:45.1741485Z'/><EventRecordID>78521</EventRecordID><Correlation/><Execution ProcessID='17400' ThreadID='0'/><Channel>Application</Channel><Computer>Redzep</Computer><Security UserID='S-1-5-18'/></System><EventData><Data>{559D9729-CCC7-4408-B7FF-B91D9551ABD6}</Data><Data>18248</Data><Data>(NULL)</Data><Data>(NULL)</Data><Data>(NULL)</Data><Data>(NULL)</Data></EventData></Event><Event xmlns='http://schemas.microsoft.com/win/2004/08/events/event'><System><Provider Name='Microsoft-Windows-RestartManager' Guid='{0888e5ef-9b98-4695-979d-e92ce4247224}'/><EventID>10001</EventID><Version>0</Version><Level>4</Level><Task>0</Task><Opcode>0</Opcode><Keywords>0x8000000000000000</Keywords><TimeCreated SystemTime='2025-11-08T19:36:45.1562978Z'/><EventRecordID>78522</EventRecordID><Correlation/><Execution ProcessID='17400' ThreadID='16460'/><Channel>Application</Channel><Computer>Redzep</Computer><Security UserID='S-1-5-21-2249670643-648898893-1642193712-1002'/></System><UserData><RmSessionEvent xmlns='http://www.microsoft.com/2005/08/Windows/Reliability/RestartManager/'><RmSessionId>0</RmSessionId><UTCStartTime>2025-11-08T19:35:59.8686795Z</UTCStartTime></RmSessionEvent></UserData></Event><Event xmlns='http://schemas.microsoft.com/win/2004/08/events/event'><System><Provider Name='Microsoft-Windows-RestartManager' Guid='{0888e5ef-9b98-4695-979d-e92ce4247224}'/><EventID>10001</EventID><Version>0</Version><Level>4</Level><Task>0</Task><Opcode>0</Opcode><Keywords>0x8000000000000000</Keywords><TimeCreated SystemTime='2025-11-08T19:36:45.1881256Z'/><EventRecordID>78523</EventRecordID><Correlation/><Execution ProcessID='18248' ThreadID='4248'/><Channel>Application</Channel><Computer>Redzep</Computer><Security UserID='S-1-5-21-2249670643-648898893-1642193712-1002'/></System><UserData><RmSessionEvent xmlns='http://www.microsoft.com/2005/08/Windows/Reliability/RestartManager/'><RmSessionId>1</RmSessionId><UTCStartTime>2025-11-08T19:36:08.0827351Z</UTCStartTime></RmSessionEvent></UserData></Event><Event xmlns='http://schemas.microsoft.com/win/2004/08/events/event'><System><Provider Name='MsiInstaller'/><EventID Qualifiers='0'>1040</EventID><Version>0</Version><Level>4</Level><Task>0</Task><Opcode>0</Opcode><Keywords>0x80000000000000</Keywords><TimeCreated SystemTime='2025-11-08T19:37:01.4928149Z'/><EventRecordID>78524</EventRecordID><Correlation/><Execution ProcessID='17400' ThreadID='0'/><Channel>Application</Channel><Computer>Redzep</Computer><Security UserID='S-1-5-21-2249670643-648898893-1642193712-1002'/></System><EventData><Data>{FCDBA071-A602-43E6-BFD4-4A6AC43D3556}</Data><Data>19048</Data><Data>(NULL)</Data><Data>(NULL)</Data><Data>(NULL)</Data><Data>(NULL)</Data></EventData></Event><Event xmlns='http://schemas.microsoft.com/win/2004/08/events/event'><System><Provider Name='VSS'/><EventID Qualifiers='0'>8231</EventID><Version>0</Version><Level>4</Level><Task>0</Task><Opcode>0</Opcode><Keywords>0x80000000000000</Keywords><TimeCreated SystemTime='2025-11-08T19:37:17.2038785Z'/><EventRecordID>78525</EventRecordID><Correlation/><Execution ProcessID='17400' ThreadID='0'/><Channel>Application</Channel><Computer>Redzep</Computer><Security/></System><EventData><Data>{7223b4e6-09a9-429b-9d4e-c4af2273228f}</Data><Data>C:\WINDOWS\system32\msiexec.exe /V</Data><Data>msiexec.exe</Data><Data>services.exe</Data><Data>wininit.exe</Data></EventData></Event><Event xmlns='http://schemas.microsoft.com/win/2004/08/events/event'><System><Provider Name='System Restore'/><EventID Qualifiers='0'>8194</EventID><Version>0</Version><Level>4</Level><Task>0</Task><Opcode>0</Opcode><Keywords>0x80000000000000</Keywords><TimeCreated SystemTime='2025-11-08T19:37:20.3643582Z'/><EventRecordID>78526</EventRecordID><Correlation/><Execution ProcessID='17400' ThreadID='0'/><Channel>Application</Channel><Computer>Redzep</Computer><Security/></System><EventData><Data>C:\WINDOWS\system32\msiexec.exe /V</Data><Data>Removed Blackmagic RAW Common Components</Data><Binary>0000000067020000590200000000000022CE28677C6DDA79E28C1C000000000000000000</Binary></EventData></Event><Event xmlns='http://schemas.microsoft.com/win/2004/08/events/event'><System><Provider Name='MsiInstaller'/><EventID Qualifiers='0'>11724</EventID><Version>0</Version><Level>4</Level><Task>0</Task><Opcode>0</Opcode><Keywords>0x80000000000000</Keywords><TimeCreated SystemTime='2025-11-08T19:37:23.5309654Z'/><EventRecordID>78527</EventRecordID><Correlation/><Execution ProcessID='17400' ThreadID='0'/><Channel>Application</Channel><Computer>Redzep</Computer><Security UserID='S-1-5-21-2249670643-648898893-1642193712-1002'/></System><EventData><Data>Product: Blackmagic RAW Common Components -- Removal completed successfully.</Data><Data>(NULL)</Data><Data>(NULL)</Data><Data>(NULL)</Data><Data>(NULL)</Data><Data>(NULL)</Data><Binary>7B46434442413037312D413630322D343345362D424644342D3441364143343344333535367D</Binary></EventData></Event><Event xmlns='http://schemas.microsoft.com/win/2004/08/events/event'><System><Provider Name='MsiInstaller'/><EventID Qualifiers='0'>1034</EventID><Version>0</Version><Level>4</Level><Task>0</Task><Opcode>0</Opcode><Keywords>0x80000000000000</Keywords><TimeCreated SystemTime='2025-11-08T19:37:23.5312480Z'/><EventRecordID>78528</EventRecordID><Correlation/><Execution ProcessID='17400' ThreadID='0'/><Channel>Application</Channel><Computer>Redzep</Computer><Security UserID='S-1-5-21-2249670643-648898893-1642193712-1002'/></System><EventData><Data>Blackmagic RAW Common Components</Data><Data>5.1</Data><Data>1033</Data><Data>0</Data><Data>Blackmagic Design</Data><Data>(NULL)</Data><Binary>7B46434442413037312D413630322D343345362D424644342D3441364143343344333535367D3030303034643462396361303233306465313936313238623362643033303865333737383030303030393034</Binary></EventData></Event><Event xmlns='http://schemas.microsoft.com/win/2004/08/events/event'><System><Provider Name='MsiInstaller'/><EventID Qualifiers='0'>1042</EventID><Version>0</Version><Level>4</Level><Task>0</Task><Opcode>0</Opcode><Keywords>0x80000000000000</Keywords><TimeCreated SystemTime='2025-11-08T19:37:23.5463638Z'/><EventRecordID>78529</EventRecordID><Correlation/><Execution ProcessID='17400' ThreadID='0'/><Channel>Application</Channel><Computer>Redzep</Computer><Security UserID='S-1-5-18'/></System><EventData><Data>{FCDBA071-A602-43E6-BFD4-4A6AC43D3556}</Data><Data>19048</Data><Data>(NULL)</Data><Data>(NULL)</Data><Data>(NULL)</Data><Data>(NULL)</Data></EventData></Event><Event xmlns='http://schemas.microsoft.com/win/2004/08/events/event'><System><Provider Name='MsiInstaller'/><EventID Qualifiers='0'>1040</EventID><Version>0</Version><Level>4</Level><Task>0</Task><Opcode>0</Opcode><Keywords>0x80000000000000</Keywords><TimeCreated SystemTime='2025-11-08T19:37:36.5405748Z'/><EventRecordID>78530</EventRecordID><Correlation/><Execution ProcessID='17400' ThreadID='0'/><Channel>Application</Channel><Computer>Redzep</Computer><Security UserID='S-1-5-21-2249670643-648898893-1642193712-1002'/></System><EventData><Data>{6DF13AB8-1697-46A2-8017-F68D860FC201}</Data><Data>13636</Data><Data>(NULL)</Data><Data>(NULL)</Data><Data>(NULL)</Data><Data>(NULL)</Data></EventData></Event><Event xmlns='http://schemas.microsoft.com/win/2004/08/events/event'><System><Provider Name='VSS'/><EventID Qualifiers='0'>8231</EventID><Version>0</Version><Level>4</Level><Task>0</Task><Opcode>0</Opcode><Keywords>0x80000000000000</Keywords><TimeCreated SystemTime='2025-11-08T19:37:51.4011901Z'/><EventRecordID>78531</EventRecordID><Correlation/><Execution ProcessID='17400' ThreadID='0'/><Channel>Application</Channel><Computer>Redzep</Computer><Security/></System><EventData><Data>{bfe4839e-d3b0-47e2-a8dc-6914833f7f6d}</Data><Data>C:\WINDOWS\system32\msiexec.exe /V</Data><Data>msiexec.exe</Data><Data>services.exe</Data><Data>wininit.exe</Data></EventData></Event><Event xmlns='http://schemas.microsoft.com/win/2004/08/events/event'><System><Provider Name='System Restore'/><EventID Qualifiers='0'>8194</EventID><Version>0</Version><Level>4</Level><Task>0</Task><Opcode>0</Opcode><Keywords>0x80000000000000</Keywords><TimeCreated SystemTime='2025-11-08T19:37:54.3305212Z'/><EventRecordID>78532</EventRecordID><Correlation/><Execution ProcessID='17400' ThreadID='0'/><Channel>Application</Channel><Computer>Redzep</Computer><Security/></System><EventData><Data>C:\WINDOWS\system32\msiexec.exe /V</Data><Data>Removed DaVinci Resolve Control Panels</Data><Binary>0000000067020000590200000000000022CE28677C6DDA79E28C1C000000000000000000</Binary></EventData></Event><Event xmlns='http://schemas.microsoft.com/win/2004/08/events/event'><System><Provider Name='Microsoft-Windows-RestartManager' Guid='{0888e5ef-9b98-4695-979d-e92ce4247224}'/><EventID>10000</EventID><Version>0</Version><Level>4</Level><Task>0</Task><Opcode>0</Opcode><Keywords>0x8000000000000000</Keywords><TimeCreated SystemTime='2025-11-08T19:37:56.8936286Z'/><EventRecordID>78533</EventRecordID><Correlation/><Execution ProcessID='17400' ThreadID='18108'/><Channel>Application</Channel><Computer>Redzep</Computer><Security UserID='S-1-5-21-2249670643-648898893-1642193712-1002'/></System><UserData><RmSessionEvent xmlns='http://www.microsoft.com/2005/08/Windows/Reliability/RestartManager/'><RmSessionId>0</RmSessionId><UTCStartTime>2025-11-08T19:37:56.8878378Z</UTCStartTime></RmSessionEvent></UserData></Event><Event xmlns='http://schemas.microsoft.com/win/2004/08/events/event'><System><Provider Name='MsiInstaller'/><EventID Qualifiers='0'>11724</EventID><Version>0</Version><Level>4</Level><Task>0</Task><Opcode>0</Opcode><Keywords>0x80000000000000</Keywords><TimeCreated SystemTime='2025-11-08T19:38:02.0451450Z'/><EventRecordID>78534</EventRecordID><Correlation/><Execution ProcessID='17400' ThreadID='0'/><Channel>Application</Channel><Computer>Redzep</Computer><Security UserID='S-1-5-21-2249670643-648898893-1642193712-1002'/></System><EventData><Data>Product: DaVinci Resolve Control Panels -- Removal completed successfully.</Data><Data>(NULL)</Data><Data>(NULL)</Data><Data>(NULL)</Data><Data>(NULL)</Data><Data>(NULL)</Data><Binary>7B36444631334142382D313639372D343641322D383031372D4636384438363046433230317D</Binary></EventData></Event><Event xmlns='http://schemas.microsoft.com/win/2004/08/events/event'><System><Provider Name='MsiInstaller'/><EventID Qualifiers='0'>1034</EventID><Version>0</Version><Level>4</Level><Task>0</Task><Opcode>0</Opcode><Keywords>0x80000000000000</Keywords><TimeCreated SystemTime='2025-11-08T19:38:02.0455313Z'/><EventRecordID>78535</EventRecordID><Correlation/><Execution ProcessID='17400' ThreadID='0'/><Channel>Application</Channel><Computer>Redzep</Computer><Security UserID='S-1-5-21-2249670643-648898893-1642193712-1002'/></System><EventData><Data>DaVinci Resolve Control Panels</Data><Data>2.3.4.0</Data><Data>1033</Data><Data>0</Data><Data>Blackmagic Design</Data><Data>(NULL)</Data><Binary>7B36444631334142382D313639372D343641322D383031372D4636384438363046433230317D3030303064626662666331326638656463626633663432393861363938353037323635323030303030393034</Binary></EventData></Event>