<Event xmlns='http://schemas.microsoft.com/win/2004/08/events/event'><System><Provider Name='MsiInstaller'/><EventID Qualifiers='0'>1033</EventID><Version>0</Version><Level>4</Level><Task>0</Task><Opcode>0</Opcode><Keywords>0x80000000000000</Keywords><TimeCreated SystemTime='2025-11-08T20:01:06.5287284Z'/><EventRecordID>78593</EventRecordID><Correlation/><Execution ProcessID='8300' ThreadID='0'/><Channel>Application</Channel><Computer>Redzep</Computer><Security UserID='S-1-5-21-2249670643-648898893-1642193712-1002'/></System><EventData><Data>Blackmagic Fusion Render Node</Data><Data>18.6.6</Data><Data>1033</Data><Data>0</Data><Data>Blackmagic Design</Data><Data>(NULL)</Data><Binary>7B33464644353741302D414145302D343632442D383243342D4541314137343830443843307D3030303066663534653036643764306365613032366233326262653436323133663431633030303030393034</Binary></EventData></Event><Event xmlns='http://schemas.microsoft.com/win/2004/08/events/event'><System><Provider Name='VSS'/><EventID Qualifiers='0'>8224</EventID><Version>0</Version><Level>4</Level><Task>0</Task><Opcode>0</Opcode><Keywords>0x80000000000000</Keywords><TimeCreated SystemTime='2025-11-08T20:02:46.1207588Z'/><EventRecordID>78594</EventRecordID><Correlation/><Execution ProcessID='13932' ThreadID='0'/><Channel>Application</Channel><Computer>Redzep</Computer><Security/></System><EventData><Data></Data><Binary>2D20436F64653A2020434F525356434330303030303737322D2043616C6C3A2020434F525356434330303030303735342D205049443A202030303031333933322D205449443A202030303030373231322D20434D443A2020433A5C57494E444F57535C73797374656D33325C76737376632E6578652020202D20557365723A204E616D653A204E5420415554484F524954595C53595354454D2C205349443A532D312D352D313820</Binary></EventData></Event><Event xmlns='http://schemas.microsoft.com/win/2004/08/events/event'><System><Provider Name='Windows Error Reporting' Guid='{0ead09bd-2157-539a-8d6d-c87f95b64d70}'/><EventID>1001</EventID><Version>0</Version><Level>4</Level><Task>0</Task><Opcode>0</Opcode><Keywords>0x8000000000000000</Keywords><TimeCreated SystemTime='2025-11-08T20:03:01.7361866Z'/><EventRecordID>78595</EventRecordID><Correlation ActivityID='{84a675bb-3319-4194-b1ac-35c32fba87e9}'/><Execution ProcessID='11784' ThreadID='18860'/><Channel>Application</Channel><Computer>Redzep</Computer><Security UserID='S-1-5-21-2249670643-648898893-1642193712-1002'/></System><EventData><Data Name='Bucket'>2099617322368323992</Data><Data Name='BucketType'>5</Data><Data Name='EventName'>RADAR_PRE_LEAK_64</Data><Data Name='Response'>Kullan²lam²yor</Data><Data Name='CabId'>0</Data><Data Name='P1'>FusionRenderNode.exe</Data><Data Name='P2'>18.6.6.4</Data><Data Name='P3'>10.0.26200.2.0.0</Data><Data Name='P4'></Data><Data Name='P5'></Data><Data Name='P6'></Data><Data Name='P7'></Data><Data Name='P8'></Data><Data Name='P9'></Data><Data Name='P10'></Data><Data Name='AttachedFiles'>
\\?\C:\Users\Recep\AppData\Local\Temp\RDR8620.tmp\empty.txt
\\?\C:\ProgramData\Microsoft\Windows\WER\Temp\WER.c5b7b553-76e3-4eab-b6f6-f0394cca1dd9.tmp.WERInternalMetadata.xml
WPR_initiated_DiagTrackMiniLogger_OneTrace_User_Logger_20241008_1_EC_0_inject.etl
\\?\C:\ProgramData\Microsoft\Windows\WER\Temp\WER.0ef8e7af-826e-4927-bd97-4e768d09053a.tmp.etl
WPR_initiated_DiagTrackMiniLogger_WPR System Collector_inject.etl
\\?\C:\ProgramData\Microsoft\Windows\WER\Temp\WER.bc45833b-c20b-4560-a1a5-749c181455eb.tmp.etl
\\?\C:\ProgramData\Microsoft\Windows\WER\Temp\WER.99775160-cebd-4307-82a6-ad1e614a9652.tmp.csv
\\?\C:\ProgramData\Microsoft\Windows\WER\Temp\WER.11156956-dcf2-42b1-ba39-3409f6e6e9a0.tmp.txt
\\?\C:\ProgramData\Microsoft\Windows\WER\Temp\WER.1f3f22d9-79db-4b0a-b6f1-a3cae18deeda.tmp.xml</Data><Data Name='StorePath'>NULL</Data><Data Name='AnalysisSymbol'></Data><Data Name='Rechecking'>0</Data><Data Name='ReportId'>4b5d12a3-3025-4c20-a7a6-c8e0bb8d40d5</Data><Data Name='ReportStatus'>268435456</Data><Data Name='HashedBucket'>7c6cd10c51036e157d2356d498055198</Data><Data Name='CabGuid'>0</Data></EventData></Event><Event xmlns='http://schemas.microsoft.com/win/2004/08/events/event'><System><Provider Name='MsiInstaller'/><EventID Qualifiers='0'>1040</EventID><Version>0</Version><Level>4</Level><Task>0</Task><Opcode>0</Opcode><Keywords>0x80000000000000</Keywords><TimeCreated SystemTime='2025-11-08T20:16:37.5157577Z'/><EventRecordID>78596</EventRecordID><Correlation/><Execution ProcessID='5424' ThreadID='0'/><Channel>Application</Channel><Computer>Redzep</Computer><Security UserID='S-1-5-21-2249670643-648898893-1642193712-1002'/></System><EventData><Data>C:\Users\Recep\AppData\Local\Temp\{FF37E35D-935E-4BA0-861E-0C37BD3D1967}\DaVinci Resolve Panels Installer v2.0.7.msi</Data><Data>17576</Data><Data>(NULL)</Data><Data>(NULL)</Data><Data>(NULL)</Data><Data>(NULL)</Data></EventData></Event><Event xmlns='http://schemas.microsoft.com/win/2004/08/events/event'><System><Provider Name='Microsoft-Windows-RestartManager' Guid='{0888e5ef-9b98-4695-979d-e92ce4247224}'/><EventID>10000</EventID><Version>0</Version><Level>4</Level><Task>0</Task><Opcode>0</Opcode><Keywords>0x8000000000000000</Keywords><TimeCreated SystemTime='2025-11-08T20:16:38.2410267Z'/><EventRecordID>78597</EventRecordID><Correlation/><Execution ProcessID='5424' ThreadID='5356'/><Channel>Application</Channel><Computer>Redzep</Computer><Security UserID='S-1-5-21-2249670643-648898893-1642193712-1002'/></System><UserData><RmSessionEvent xmlns='http://www.microsoft.com/2005/08/Windows/Reliability/RestartManager/'><RmSessionId>0</RmSessionId><UTCStartTime>2025-11-08T20:16:38.2404724Z</UTCStartTime></RmSessionEvent></UserData></Event><Event xmlns='http://schemas.microsoft.com/win/2004/08/events/event'><System><Provider Name='MsiInstaller'/><EventID Qualifiers='0'>11707</EventID><Version>0</Version><Level>4</Level><Task>0</Task><Opcode>0</Opcode><Keywords>0x80000000000000</Keywords><TimeCreated SystemTime='2025-11-08T20:16:49.7247939Z'/><EventRecordID>78598</EventRecordID><Correlation/><Execution ProcessID='5424' ThreadID='0'/><Channel>Application</Channel><Computer>Redzep</Computer><Security UserID='S-1-5-21-2249670643-648898893-1642193712-1002'/></System><EventData><Data>Product: DaVinci Resolve Control Panels -- Installation completed successfully.</Data><Data>(NULL)</Data><Data>(NULL)</Data><Data>(NULL)</Data><Data>(NULL)</Data><Data>(NULL)</Data><Binary>7B44314143463436372D394642342D343544412D393432462D4131393435324537304133467D</Binary></EventData></Event><Event xmlns='http://schemas.microsoft.com/win/2004/08/events/event'><System><Provider Name='MsiInstaller'/><EventID Qualifiers='0'>1033</EventID><Version>0</Version><Level>4</Level><Task>0</Task><Opcode>0</Opcode><Keywords>0x80000000000000</Keywords><TimeCreated SystemTime='2025-11-08T20:16:49.7251854Z'/><EventRecordID>78599</EventRecordID><Correlation/><Execution ProcessID='5424' ThreadID='0'/><Channel>Application</Channel><Computer>Redzep</Computer><Security UserID='S-1-5-21-2249670643-648898893-1642193712-1002'/></System><EventData><Data>DaVinci Resolve Control Panels</Data><Data>2.0.7.0</Data><Data>1033</Data><Data>0</Data><Data>Blackmagic Design</Data><Data>(NULL)</Data><Binary>7B44314143463436372D394642342D343544412D393432462D4131393435324537304133467D3030303038323331393137663836323365306232643765353666636165643861383730653030303030393034</Binary></EventData></Event><Event xmlns='http://schemas.microsoft.com/win/2004/08/events/event'><System><Provider Name='MsiInstaller'/><EventID Qualifiers='0'>1042</EventID><Version>0</Version><Level>4</Level><Task>0</Task><Opcode>0</Opcode><Keywords>0x80000000000000</Keywords><TimeCreated SystemTime='2025-11-08T20:16:51.9524665Z'/><EventRecordID>78600</EventRecordID><Correlation/><Execution ProcessID='5424' ThreadID='0'/><Channel>Application</Channel><Computer>Redzep</Computer><Security UserID='S-1-5-18'/></System><EventData><Data>C:\Users\Recep\AppData\Local\Temp\{FF37E35D-935E-4BA0-861E-0C37BD3D1967}\DaVinci Resolve Panels Installer v2.0.7.msi</Data><Data>17576</Data><Data>(NULL)</Data><Data>(NULL)</Data><Data>(NULL)</Data><Data>(NULL)</Data></EventData></Event><Event xmlns='http://schemas.microsoft.com/win/2004/08/events/event'><System><Provider Name='Microsoft-Windows-RestartManager' Guid='{0888e5ef-9b98-4695-979d-e92ce4247224}'/><EventID>10001</EventID><Version>0</Version><Level>4</Level><Task>0</Task><Opcode>0</Opcode><Keywords>0x8000000000000000</Keywords><TimeCreated SystemTime='2025-11-08T20:16:51.9414516Z'/><EventRecordID>78601</EventRecordID><Correlation/><Execution ProcessID='5424' ThreadID='18656'/><Channel>Application</Channel><Computer>Redzep</Computer><Security UserID='S-1-5-21-2249670643-648898893-1642193712-1002'/></System><UserData><RmSessionEvent xmlns='http://www.microsoft.com/2005/08/Windows/Reliability/RestartManager/'><RmSessionId>0</RmSessionId><UTCStartTime>2025-11-08T20:16:38.2404724Z</UTCStartTime></RmSessionEvent></UserData></Event><Event xmlns='http://schemas.microsoft.com/win/2004/08/events/event'><System><Provider Name='MsiInstaller'/><EventID Qualifiers='0'>1040</EventID><Version>0</Version><Level>4</Level><Task>0</Task><Opcode>0</Opcode><Keywords>0x80000000000000</Keywords><TimeCreated SystemTime='2025-11-08T20:16:53.8277034Z'/><EventRecordID>78602</EventRecordID><Correlation/><Execution ProcessID='5424' ThreadID='0'/><Channel>Application</Channel><Computer>Redzep</Computer><Security UserID='S-1-5-21-2249670643-648898893-1642193712-1002'/></System><EventData><Data>C:\Users\Recep\AppData\Local\Temp\{FF37E35D-935E-4BA0-861E-0C37BD3D1967}\Blackmagic RAW Player v3.4.0.msi</Data><Data>5432</Data><Data>(NULL)</Data><Data>(NULL)</Data><Data>(NULL)</Data><Data>(NULL)</Data></EventData></Event><Event xmlns='http://schemas.microsoft.com/win/2004/08/events/event'><System><Provider Name='MsiInstaller'/><EventID Qualifiers='0'>11707</EventID><Version>0</Version><Level>4</Level><Task>0</Task><Opcode>0</Opcode><Keywords>0x80000000000000</Keywords><TimeCreated SystemTime='2025-11-08T20:16:55.9369855Z'/><EventRecordID>78603</EventRecordID><Correlation/><Execution ProcessID='5424' ThreadID='0'/><Channel>Application</Channel><Computer>Redzep</Computer><Security UserID='S-1-5-21-2249670643-648898893-1642193712-1002'/></System><EventData><Data>Product: Blackmagic RAW Common Components -- Installation completed successfully.</Data><Data>(NULL)</Data><Data>(NULL)</Data><Data>(NULL)</Data><Data>(NULL)</Data><Data>(NULL)</Data><Binary>7B36324131303246352D464241302D343342422D424643322D3635374330374243303930317D</Binary></EventData></Event><Event xmlns='http://schemas.microsoft.com/win/2004/08/events/event'><System><Provider Name='MsiInstaller'/><EventID Qualifiers='0'>1033</EventID><Version>0</Version><Level>4</Level><Task>0</Task><Opcode>0</Opcode><Keywords>0x80000000000000</Keywords><TimeCreated SystemTime='2025-11-08T20:16:55.9373076Z'/><EventRecordID>78604</EventRecordID><Correlation/><Execution ProcessID='5424' ThreadID='0'/><Channel>Application</Channel><Computer>Redzep</Computer><Security UserID='S-1-5-21-2249670643-648898893-1642193712-1002'/></System><EventData><Data>Blackmagic RAW Common Components</Data><Data>3.4</Data><Data>1033</Data><Data>0</Data><Data>Blackmagic Design</Data><Data>(NULL)</Data><Binary>7B36324131303246352D464241302D343342422D424643322D3635374330374243303930317D3030303064376536636237666365346332663161643832613735393231636464623138363030303030393034</Binary></EventData></Event><Event xmlns='http://schemas.microsoft.com/win/2004/08/events/event'><System><Provider Name='MsiInstaller'/><EventID Qualifiers='0'>1042</EventID><Version>0</Version><Level>4</Level><Task>0</Task><Opcode>0</Opcode><Keywords>0x80000000000000</Keywords><TimeCreated SystemTime='2025-11-08T20:16:58.1035469Z'/><EventRecordID>78605</EventRecordID><Correlation/><Execution ProcessID='5424' ThreadID='0'/><Channel>Application</Channel><Computer>Redzep</Computer><Security UserID='S-1-5-18'/></System><EventData><Data>C:\Users\Recep\AppData\Local\Temp\{FF37E35D-935E-4BA0-861E-0C37BD3D1967}\Blackmagic RAW Player v3.4.0.msi</Data><Data>5432</Data><Data>(NULL)</Data><Data>(NULL)</Data><Data>(NULL)</Data><Data>(NULL)</Data></EventData></Event><Event xmlns='http://schemas.microsoft.com/win/2004/08/events/event'><System><Provider Name='MsiInstaller'/><EventID Qualifiers='0'>1040</EventID><Version>0</Version><Level>4</Level><Task>0</Task><Opcode>0</Opcode><Keywords>0x80000000000000</Keywords><TimeCreated SystemTime='2025-11-08T20:17:22.0043085Z'/><EventRecordID>78606</EventRecordID><Correlation/><Execution ProcessID='5424' ThreadID='0'/><Channel>Application</Channel><Computer>Redzep</Computer><Security UserID='S-1-5-21-2249670643-648898893-1642193712-1002'/></System><EventData><Data>C:\Users\Recep\AppData\Local\Temp\7zS4EC74F3C\ResolveInstaller.msi</Data><Data>14416</Data><Data>(NULL)</Data><Data>(NULL)</Data><Data>(NULL)</Data><Data>(NULL)</Data></EventData></Event><Event xmlns='http://schemas.microsoft.com/win/2004/08/events/event'><System><Provider Name='VSS'/><EventID Qualifiers='0'>8231</EventID><Version>0</Version><Level>4</Level><Task>0</Task><Opcode>0</Opcode><Keywords>0x80000000000000</Keywords><TimeCreated SystemTime='2025-11-08T20:17:37.2044915Z'/><EventRecordID>78607</EventRecordID><Correlation/><Execution ProcessID='5424' ThreadID='0'/><Channel>Application</Channel><Computer>Redzep</Computer><Security/></System><EventData><Data>{db1a60f2-3a4f-4dee-a1bf-f1ae4eed84e5}</Data><Data>C:\WINDOWS\system32\msiexec.exe /V</Data><Data>msiexec.exe</Data><Data>services.exe</Data><Data>wininit.exe</Data></EventData></Event><Event xmlns='http://schemas.microsoft.com/win/2004/08/events/event'><System><Provider Name='System Restore'/><EventID Qualifiers='0'>8194</EventID><Version>0</Version><Level>4</Level><Task>0</Task><Opcode>0</Opcode><Keywords>0x80000000000000</Keywords><TimeCreated SystemTime='2025-11-08T20:17:40.7131422Z'/><EventRecordID>78608</EventRecordID><Correlation/><Execution ProcessID='5424' ThreadID='0'/><Channel>Application</Channel><Computer>Redzep</Computer><Security/></System><EventData><Data>C:\WINDOWS\system32\msiexec.exe /V</Data><Data>Installed DaVinci Resolve</Data><Binary>0000000067020000590200000000000022CE28677C6DDA79E28C1C000000000000000000</Binary></EventData></Event><Event xmlns='http://schemas.microsoft.com/win/2004/08/events/event'><System><Provider Name='Microsoft-Windows-RestartManager' Guid='{0888e5ef-9b98-4695-979d-e92ce4247224}'/><EventID>10000</EventID><Version>0</Version><Level>4</Level><Task>0</Task><Opcode>0</Opcode><Keywords>0x8000000000000000</Keywords><TimeCreated SystemTime='2025-11-08T20:17:40.8135277Z'/><EventRecordID>78609</EventRecordID><Correlation/><Execution ProcessID='5424' ThreadID='8316'/><Channel>Application</Channel><Computer>Redzep</Computer><Security UserID='S-1-5-21-2249670643-648898893-1642193712-1002'/></System><UserData><RmSessionEvent xmlns='http://www.microsoft.com/2005/08/Windows/Reliability/RestartManager/'><RmSessionId>0</RmSessionId><UTCStartTime>2025-11-08T20:17:40.8126033Z</UTCStartTime></RmSessionEvent></UserData></Event><Event xmlns='http://schemas.microsoft.com/win/2004/08/events/event'><System><Provider Name='MsiInstaller'/><EventID Qualifiers='0'>1042</EventID><Version>0</Version><Level>4</Level><Task>0</Task><Opcode>0</Opcode><Keywords>0x80000000000000</Keywords><TimeCreated SystemTime='2025-11-08T20:18:53.5431272Z'/><EventRecordID>78610</EventRecordID><Correlation/><Execution ProcessID='5424' ThreadID='0'/><Channel>Application</Channel><Computer>Redzep</Computer><Security UserID='S-1-5-18'/></System><EventData><Data>C:\Users\Recep\AppData\Local\Temp\7zS4EC74F3C\ResolveInstaller.msi</Data><Data>14416</Data><Data>(NULL)</Data><Data>(NULL)</Data><Data>(NULL)</Data><Data>(NULL)</Data></EventData></Event><Event xmlns='http://schemas.microsoft.com/win/2004/08/events/event'><System><Provider Name='Microsoft-Windows-RestartManager' Guid='{0888e5ef-9b98-4695-979d-e92ce4247224}'/><EventID>10001</EventID><Version>0</Version><Level>4</Level><Task>0</Task><Opcode>0</Opcode><Keywords>0x8000000000000000</Keywords><TimeCreated SystemTime='2025-11-08T20:18:53.5339162Z'/><EventRecordID>78611</EventRecordID><Correlation/><Execution ProcessID='5424' ThreadID='3564'/><Channel>Application</Channel><Computer>Redzep</Computer><Security UserID='S-1-5-21-2249670643-648898893-1642193712-1002'/></System><UserData><RmSessionEvent xmlns='http://www.microsoft.com/2005/08/Windows/Reliability/RestartManager/'><RmSessionId>0</RmSessionId><UTCStartTime>2025-11-08T20:17:40.8126033Z</UTCStartTime></RmSessionEvent></UserData></Event><Event xmlns='http://schemas.microsoft.com/win/2004/08/events/event'><System><Provider Name='MsiInstaller'/><EventID Qualifiers='0'>11707</EventID><Version>0</Version><Level>4</Level><Task>0</Task><Opcode>0</Opcode><Keywords>0x80000000000000</Keywords><TimeCreated SystemTime='2025-11-08T20:19:27.1542556Z'/><EventRecordID>78612</EventRecordID><Correlation/><Execution ProcessID='14416' ThreadID='0'/><Channel>Application</Channel><Computer>Redzep</Computer><Security UserID='S-1-5-21-2249670643-648898893-1642193712-1002'/></System><EventData><Data>Product: DaVinci Resolve -- Installation completed successfully.</Data><Data>(NULL)</Data><Data>(NULL)</Data><Data>(NULL)</Data><Data>(NULL)</Data><Data>(NULL)</Data><Binary>7B32384544423745352D424245442D344438362D414641372D4437423644434342343932327D</Binary></EventData></Event><Event xmlns='http://schemas.microsoft.com/win/2004/08/events/event'><System><Provider Name='MsiInstaller'/><EventID Qualifiers='0'>1033</EventID><Version>0</Version><Level>4</Level><Task>0</Task><Opcode>0</Opcode><Keywords>0x80000000000000</Keywords><TimeCreated SystemTime='2025-11-08T20:19:27.1546552Z'/><EventRecordID>78613</EventRecordID><Correlation/><Execution ProcessID='14416' ThreadID='0'/><Channel>Application</Channel><Computer>Redzep</Computer><Security UserID='S-1-5-21-2249670643-648898893-1642193712-1002'/></System><EventData><Data>DaVinci Resolve</Data><Data>18.6.00009</Data><Data>1033</Data><Data>0</Data><Data>Blackmagic Design</Data><Data>(NULL)</Data><Binary>7B32384544423745352D424245442D344438362D414641372D4437423644434342343932327D3030303037376330613732356631336531663333353431316663303436633233623664313030303030393034</Binary></EventData></Event><Event xmlns='http://schemas.microsoft.com/win/2004/08/events/event'><System><Provider Name='VSS'/><EventID Qualifiers='0'>8224</EventID><Version>0</Version><Level>4</Level><Task>0</Task><Opcode>0</Opcode><Keywords>0x80000000000000</Keywords><TimeCreated SystemTime='2025-11-08T20:20:41.9725754Z'/><EventRecordID>78614</EventRecordID><Correlation/><Execution ProcessID='8596' ThreadID='0'/><Channel>Application</Channel><Computer>Redzep</Computer><Security/></System><EventData><Data></Data><Binary>2D20436F64653A2020434F525356434330303030303737322D2043616C6C3A2020434F525356434330303030303735342D205049443A202030303030383539362D205449443A202030303031383839322D20434D443A2020433A5C57494E444F57535C73797374656D33325C76737376632E6578652020202D20557365723A204E616D653A204E5420415554484F524954595C53595354454D2C205349443A532D312D352D313820</Binary></EventData></Event><Event xmlns='http://schemas.microsoft.com/win/2004/08/events/event'><System><Provider Name='Microsoft-Windows-Security-SPP' Guid='{E23B33B0-C8C9-472C-A5F9-F2BDFEA0F156}' EventSourceName='Software Protection Platform Service'/><EventID Qualifiers='49152'>16394</EventID><Version>0</Version><Level>4</Level><Task>0</Task><Opcode>0</Opcode><Keywords>0x80000000000000</Keywords><TimeCreated SystemTime='2025-11-08T20:36:41.4164638Z'/><EventRecordID>78615</EventRecordID><Correlation/><Execution ProcessID='13120' ThreadID='0'/><Channel>Application</Channel><Computer>Redzep</Computer><Security/></System><EventData></EventData></Event><Event xmlns='http://schemas.microsoft.com/win/2004/08/events/event'><System><Provider Name='Microsoft-Windows-Security-SPP' Guid='{E23B33B0-C8C9-472C-A5F9-F2BDFEA0F156}' EventSourceName='Software Protection Platform Service'/><EventID Qualifiers='16384'>16384</EventID><Version>0</Version><Level>4</Level><Task>0</Task><Opcode>0</Opcode><Keywords>0x80000000000000</Keywords><TimeCreated SystemTime='2025-11-08T20:37:11.7448151Z'/><EventRecordID>78616</EventRecordID><Correlation/><Execution ProcessID='13120' ThreadID='0'/><Channel>Application</Channel><Computer>Redzep</Computer><Security/></System><EventData><Data>2025-11-11T08:17:11Z</Data><Data>RulesEngine</Data></EventData></Event><Event xmlns='http://schemas.microsoft.com/win/2004/08/events/event'><System><Provider Name='edgeupdate'/><EventID Qualifiers='0'>0</EventID><Version>0</Version><Level>4</Level><Task>0</Task><Opcode>0</Opcode><Keywords>0x80000000000000</Keywords><TimeCreated SystemTime='2025-11-08T20:43:02.5829655Z'/><EventRecordID>78617</EventRecordID><Correlation/><Execution ProcessID='9036' ThreadID='0'/><Channel>Application</Channel><Computer>Redzep</Computer><Security/></System><EventData><Data>Service stopped</Data></EventData></Event><Event xmlns='http://schemas.microsoft.com/win/2004/08/events/event'><System><Provider Name='VSS'/><EventID Qualifiers='0'>8224</EventID><Version>0</Version><Level>4</Level><Task>0</Task><Opcode>0</Opcode><Keywords>0x80000000000000</Keywords><TimeCreated SystemTime='2025-11-08T20:46:05.9281637Z'/><EventRecordID>78618</EventRecordID><Correlation/><Execution ProcessID='1084' ThreadID='0'/><Channel>Application</Channel><Computer>Redzep</Computer><Security/></System><EventData><Data></Data><Binary>2D20436F64653A2020434F525356434330303030303737322D2043616C6C3A2020434F525356434330303030303735342D205049443A202030303030313038342D205449443A202030303030323735322D20434D443A2020433A5C57494E444F57535C73797374656D33325C76737376632E6578652020202D20557365723A204E616D653A204E5420415554484F524954595C53595354454D2C205349443A532D312D352D313820</Binary></EventData></Event><Event xmlns='http://schemas.microsoft.com/win/2004/08/events/event'><System><Provider Name='Microsoft-Windows-Security-SPP' Guid='{E23B33B0-C8C9-472C-A5F9-F2BDFEA0F156}' EventSourceName='Software Protection Platform Service'/><EventID Qualifiers='49152'>16394</EventID><Version>0</Version><Level>4</Level><Task>0</Task><Opcode>0</Opcode><Keywords>0x80000000000000</Keywords><TimeCreated SystemTime='2025-11-08T21:05:18.0230894Z'/><EventRecordID>78619</EventRecordID><Correlation/><Execution ProcessID='11380' ThreadID='0'/><Channel>Application</Channel><Computer>Redzep</Computer><Security/></System><EventData></EventData></Event><Event xmlns='http://schemas.microsoft.com/win/2004/08/events/event'><System><Provider Name='Microsoft-Windows-Security-SPP' Guid='{E23B33B0-C8C9-472C-A5F9-F2BDFEA0F156}' EventSourceName='Software Protection Platform Service'/><EventID Qualifiers='16384'>16384</EventID><Version>0</Version><Level>4</Level><Task>0</Task><Opcode>0</Opcode><Keywords>0x80000000000000</Keywords><TimeCreated SystemTime='2025-11-08T21:05:48.2725720Z'/><EventRecordID>78620</EventRecordID><Correlation/><Execution ProcessID='11380' ThreadID='0'/><Channel>Application</Channel><Computer>Redzep</Computer><Security/></System><EventData><Data>2025-11-11T08:16:48Z</Data><Data>RulesEngine</Data></EventData></Event><Event xmlns='http://schemas.microsoft.com/win/2004/08/events/event'><System><Provider Name='MsiInstaller'/><EventID Qualifiers='0'>1040</EventID><Version>0</Version><Level>4</Level><Task>0</Task><Opcode>0</Opcode><Keywords>0x80000000000000</Keywords><TimeCreated SystemTime='2025-11-08T21:33:21.9507199Z'/><EventRecordID>78621</EventRecordID><Correlation/><Execution ProcessID='6000' ThreadID='0'/><Channel>Application</Channel><Computer>Redzep</Computer><Security UserID='S-1-5-21-2249670643-648898893-1642193712-1002'/></System><EventData><Data>{28EDB7E5-BBED-4D86-AFA7-D7B6DCCB4922}</Data><Data>19036</Data><Data>(NULL)</Data><Data>(NULL)</Data><Data>(NULL)</Data><Data>(NULL)</Data></EventData></Event><Event xmlns='http://schemas.microsoft.com/win/2004/08/events/event'><System><Provider Name='VSS'/><EventID Qualifiers='0'>8231</EventID><Version>0</Version><Level>4</Level><Task>0</Task><Opcode>0</Opcode><Keywords>0x80000000000000</Keywords><TimeCreated SystemTime='2025-11-08T21:33:37.4053646Z'/><EventRecordID>78622</EventRecordID><Correlation/><Execution ProcessID='6000' ThreadID='0'/><Channel>Application</Channel><Computer>Redzep</Computer><Security/></System><EventData><Data>{9d444b03-f942-4845-b057-215cca9fbbe1}</Data><Data>C:\WINDOWS\system32\msiexec.exe /V</Data><Data>msiexec.exe</Data><Data>services.exe</Data><Data>wininit.exe</Data></EventData></Event><Event xmlns='http://schemas.microsoft.com/win/2004/08/events/event'><System><Provider Name='System Restore'/><EventID Qualifiers='0'>8194</EventID><Version>0</Version><Level>4</Level><Task>0</Task><Opcode>0</Opcode><Keywords>0x80000000000000</Keywords><TimeCreated SystemTime='2025-11-08T21:33:42.1950106Z'/><EventRecordID>78623</EventRecordID><Correlation/><Execution ProcessID='6000' ThreadID='0'/><Channel>Application</Channel><Computer>Redzep</Computer><Security/></System><EventData><Data>C:\WINDOWS\system32\msiexec.exe /V</Data><Data>Removed DaVinci Resolve</Data><Binary>0000000067020000590200000000000022CE28677C6DDA79E28C1C000000000000000000</Binary></EventData></Event><Event xmlns='http://schemas.microsoft.com/win/2004/08/events/event'><System><Provider Name='Microsoft-Windows-RestartManager' Guid='{0888e5ef-9b98-4695-979d-e92ce4247224}'/><EventID>10000</EventID><Version>0</Version><Level>4</Level><Task>0</Task><Opcode>0</Opcode><Keywords>0x8000000000000000</Keywords><TimeCreated SystemTime='2025-11-08T21:33:43.7462465Z'/><EventRecordID>78624</EventRecordID><Correlation/><Execution ProcessID='6000' ThreadID='15524'/><Channel>Application</Channel><Computer>Redzep</Computer><Security UserID='S-1-5-21-2249670643-648898893-1642193712-1002'/></System><UserData><RmSessionEvent xmlns='http://www.microsoft.com/2005/08/Windows/Reliability/RestartManager/'><RmSessionId>0</RmSessionId><UTCStartTime>2025-11-08T21:33:43.7458600Z</UTCStartTime></RmSessionEvent></UserData></Event><Event xmlns='http://schemas.microsoft.com/win/2004/08/events/event'><System><Provider Name='MsiInstaller'/><EventID Qualifiers='0'>11724</EventID><Version>0</Version><Level>4</Level><Task>0</Task><Opcode>0</Opcode><Keywords>0x80000000000000</Keywords><TimeCreated SystemTime='2025-11-08T21:34:11.8783909Z'/><EventRecordID>78625</EventRecordID><Correlation/><Execution ProcessID='6000' ThreadID='0'/><Channel>Application</Channel><Computer>Redzep</Computer><Security UserID='S-1-5-21-2249670643-648898893-1642193712-1002'/></System><EventData><Data>Product: DaVinci Resolve -- Removal completed successfully.</Data><Data>(NULL)</Data><Data>(NULL)</Data><Data>(NULL)</Data><Data>(NULL)</Data><Data>(NULL)</Data><Binary>7B32384544423745352D424245442D344438362D414641372D4437423644434342343932327D</Binary></EventData></Event><Event xmlns='http://schemas.microsoft.com/win/2004/08/events/event'><System><Provider Name='MsiInstaller'/><EventID Qualifiers='0'>1034</EventID><Version>0</Version><Level>4</Level><Task>0</Task><Opcode>0</Opcode><Keywords>0x80000000000000</Keywords><TimeCreated SystemTime='2025-11-08T21:34:11.8787522Z'/><EventRecordID>78626</EventRecordID><Correlation/><Execution ProcessID='6000' ThreadID='0'/><Channel>Application</Channel><Computer>Redzep</Computer><Security UserID='S-1-5-21-2249670643-648898893-1642193712-1002'/></System><EventData><Data>DaVinci Resolve</Data><Data>18.6.00009</Data><Data>1033</Data><Data>0</Data><Data>Blackmagic Design</Data><Data>(NULL)</Data><Binary>7B32384544423745352D424245442D344438362D414641372D4437423644434342343932327D3030303037376330613732356631336531663333353431316663303436633233623664313030303030393034</Binary></EventData></Event><Event xmlns='http://schemas.microsoft.com/win/2004/08/events/event'><System><Provider Name='MsiInstaller'/><EventID Qualifiers='0'>1042</EventID><Version>0</Version><Level>4</Level><Task>0</Task><Opcode>0</Opcode><Keywords>0x80000000000000</Keywords><TimeCreated SystemTime='2025-11-08T21:34:11.8954069Z'/><EventRecordID>78627</EventRecordID><Correlation/><Execution ProcessID='6000' ThreadID='0'/><Channel>Application</Channel><Computer>Redzep</Computer><Security UserID='S-1-5-18'/></System><EventData><Data>{28EDB7E5-BBED-4D86-AFA7-D7B6DCCB4922}</Data><Data>19036</Data><Data>(NULL)</Data><Data>(NULL)</Data><Data>(NULL)</Data><Data>(NULL)</Data></EventData></Event><Event xmlns='http://schemas.microsoft.com/win/2004/08/events/event'><System><Provider Name='Microsoft-Windows-RestartManager' Guid='{0888e5ef-9b98-4695-979d-e92ce4247224}'/><EventID>10001</EventID><Version>0</Version><Level>4</Level><Task>0</Task><Opcode>0</Opcode><Keywords>0x8000000000000000</Keywords><TimeCreated SystemTime='2025-11-08T21:34:11.8833926Z'/><EventRecordID>78628</EventRecordID><Correlation/><Execution ProcessID='6000' ThreadID='15076'/><Channel>Application</Channel><Computer>Redzep</Computer><Security UserID='S-1-5-21-2249670643-648898893-1642193712-1002'/></System><UserData><RmSessionEvent xmlns='http://www.microsoft.com/2005/08/Windows/Reliability/RestartManager/'><RmSessionId>0</RmSessionId><UTCStartTime>2025-11-08T21:33:43.7458600Z</UTCStartTime></RmSessionEvent></UserData></Event><Event xmlns='http://schemas.microsoft.com/win/2004/08/events/event'><System><Provider Name='MsiInstaller'/><EventID Qualifiers='0'>1040</EventID><Version>0</Version><Level>4</Level><Task>0</Task><Opcode>0</Opcode><Keywords>0x80000000000000</Keywords><TimeCreated SystemTime='2025-11-08T21:34:17.7886301Z'/><EventRecordID>78629</EventRecordID><Correlation/><Execution ProcessID='6000' ThreadID='0'/><Channel>Application</Channel><Computer>Redzep</Computer><Security UserID='S-1-5-21-2249670643-648898893-1642193712-1002'/></System><EventData><Data>{3FFD57A0-AAE0-462D-82C4-EA1A7480D8C0}</Data><Data>8636</Data><Data>(NULL)</Data><Data>(NULL)</Data><Data>(NULL)</Data><Data>(NULL)</Data></EventData></Event><Event xmlns='http://schemas.microsoft.com/win/2004/08/events/event'><System><Provider Name='VSS'/><EventID Qualifiers='0'>8231</EventID><Version>0</Version><Level>4</Level><Task>0</Task><Opcode>0</Opcode><Keywords>0x80000000000000</Keywords><TimeCreated SystemTime='2025-11-08T21:34:33.0817511Z'/><EventRecordID>78630</EventRecordID><Correlation/><Execution ProcessID='6000' ThreadID='0'/><Channel>Application</Channel><Computer>Redzep</Computer><Security/></System><EventData><Data>{4e2e6f5c-b6d6-4e11-bfa7-7b38b0dc0336}</Data><Data>C:\WINDOWS\system32\msiexec.exe /V</Data><Data>msiexec.exe</Data><Data>services.exe</Data><Data>wininit.exe</Data></EventData></Event><Event xmlns='http://schemas.microsoft.com/win/2004/08/events/event'><System><Provider Name='System Restore'/><EventID Qualifiers='0'>8194</EventID><Version>0</Version><Level>4</Level><Task>0</Task><Opcode>0</Opcode><Keywords>0x80000000000000</Keywords><TimeCreated SystemTime='2025-11-08T21:34:35.9445496Z'/><EventRecordID>78631</EventRecordID><Correlation/><Execution ProcessID='6000' ThreadID='0'/><Channel>Application</Channel><Computer>Redzep</Computer><Security/></System><EventData><Data>C:\WINDOWS\system32\msiexec.exe /V</Data><Data>Removed Blackmagic Fusion Render Node</Data><Binary>0000000067020000590200000000000022CE28677C6DDA79E28C1C000000000000000000</Binary></EventData></Event><Event xmlns='http://schemas.microsoft.com/win/2004/08/events/event'><System><Provider Name='Microsoft-Windows-RestartManager' Guid='{0888e5ef-9b98-4695-979d-e92ce4247224}'/><EventID>10000</EventID><Version>0</Version><Level>4</Level><Task>0</Task><Opcode>0</Opcode><Keywords>0x8000000000000000</Keywords><TimeCreated SystemTime='2025-11-08T21:34:35.9856475Z'/><EventRecordID>78632</EventRecordID><Correlation/><Execution ProcessID='6000' ThreadID='4876'/><Channel>Application</Channel><Computer>Redzep</Computer><Security UserID='S-1-5-21-2249670643-648898893-1642193712-1002'/></System><UserData><RmSessionEvent xmlns='http://www.microsoft.com/2005/08/Windows/Reliability/RestartManager/'><RmSessionId>0</RmSessionId><UTCStartTime>2025-11-08T21:34:35.9849073Z</UTCStartTime></RmSessionEvent></UserData></Event><Event xmlns='http://schemas.microsoft.com/win/2004/08/events/event'><System><Provider Name='Microsoft-Windows-RestartManager' Guid='{0888e5ef-9b98-4695-979d-e92ce4247224}'/><EventID>10005</EventID><Version>0</Version><Level>4</Level><Task>0</Task><Opcode>0</Opcode><Keywords>0x8000000000000000</Keywords><TimeCreated SystemTime='2025-11-08T21:34:44.4500933Z'/><EventRecordID>78633</EventRecordID><Correlation/><Execution ProcessID='6000' ThreadID='4876'/><Channel>Application</Channel><Computer>Redzep</Computer><Security UserID='S-1-5-21-2249670643-648898893-1642193712-1002'/></System><UserData><RmRestartEvent xmlns='http://www.microsoft.com/2005/08/Windows/Reliability/RestartManager/'><RmSessionId>0</RmSessionId><nApplications>2</nApplications><Applications><Application>fuscript.exe</Application><Application>FusionServer</Application></Applications><RebootReasons>1</RebootReasons></RmRestartEvent></UserData></Event><Event xmlns='http://schemas.microsoft.com/win/2004/08/events/event'><System><Provider Name='MsiInstaller'/><EventID Qualifiers='0'>11724</EventID><Version>0</Version><Level>4</Level><Task>0</Task><Opcode>0</Opcode><Keywords>0x80000000000000</Keywords><TimeCreated SystemTime='2025-11-08T21:34:59.5172449Z'/><EventRecordID>78634</EventRecordID><Correlation/><Execution ProcessID='6000' ThreadID='0'/><Channel>Application</Channel><Computer>Redzep</Computer><Security UserID='S-1-5-21-2249670643-648898893-1642193712-1002'/></System><EventData><Data>Product: Blackmagic Fusion Render Node -- Removal completed successfully.</Data><Data>(NULL)</Data><Data>(NULL)</Data><Data>(NULL)</Data><Data>(NULL)</Data><Data>(NULL)</Data><Binary>7B33464644353741302D414145302D343632442D383243342D4541314137343830443843307D</Binary></EventData></Event><Event xmlns='http://schemas.microsoft.com/win/2004/08/events/event'><System><Provider Name='MsiInstaller'/><EventID Qualifiers='0'>1034</EventID><Version>0</Version><Level>4</Level><Task>0</Task><Opcode>0</Opcode><Keywords>0x80000000000000</Keywords><TimeCreated SystemTime='2025-11-08T21:34:59.5175801Z'/><EventRecordID>78635</EventRecordID><Correlation/><Execution ProcessID='6000' ThreadID='0'/><Channel>Application</Channel><Computer>Redzep</Computer><Security UserID='S-1-5-21-2249670643-648898893-1642193712-1002'/></System><EventData><Data>Blackmagic Fusion Render Node</Data><Data>18.6.6</Data><Data>1033</Data><Data>0</Data><Data>Blackmagic Design</Data><Data>(NULL)</Data><Binary>7B33464644353741302D414145302D343632442D383243342D4541314137343830443843307D3030303066663534653036643764306365613032366233326262653436323133663431633030303030393034</Binary></EventData></Event><Event xmlns='http://schemas.microsoft.com/win/2004/08/events/event'><System><Provider Name='MsiInstaller'/><EventID Qualifiers='0'>1042</EventID><Version>0</Version><Level>4</Level><Task>0</Task><Opcode>0</Opcode><Keywords>0x80000000000000</Keywords><TimeCreated SystemTime='2025-11-08T21:34:59.6261126Z'/><EventRecordID>78636</EventRecordID><Correlation/><Execution ProcessID='6000' ThreadID='0'/><Channel>Application</Channel><Computer>Redzep</Computer><Security UserID='S-1-5-18'/></System><EventData><Data>{3FFD57A0-AAE0-462D-82C4-EA1A7480D8C0}</Data><Data>8636</Data><Data>(NULL)</Data><Data>(NULL)</Data><Data>(NULL)</Data><Data>(NULL)</Data></EventData></Event><Event xmlns='http://schemas.microsoft.com/win/2004/08/events/event'><System><Provider Name='Microsoft-Windows-RestartManager' Guid='{0888e5ef-9b98-4695-979d-e92ce4247224}'/><EventID>10001</EventID><Version>0</Version><Level>4</Level><Task>0</Task><Opcode>0</Opcode><Keywords>0x8000000000000000</Keywords><TimeCreated SystemTime='2025-11-08T21:34:59.5233144Z'/><EventRecordID>78637</EventRecordID><Correlation/><Execution ProcessID='6000' ThreadID='3732'/><Channel>Application</Channel><Computer>Redzep</Computer><Security UserID='S-1-5-21-2249670643-648898893-1642193712-1002'/></System><UserData><RmSessionEvent xmlns='http://www.microsoft.com/2005/08/Windows/Reliability/RestartManager/'><RmSessionId>0</RmSessionId><UTCStartTime>2025-11-08T21:34:35.9849073Z</UTCStartTime></RmSessionEvent></UserData></Event><Event xmlns='http://schemas.microsoft.com/win/2004/08/events/event'><System><Provider Name='MsiInstaller'/><EventID Qualifiers='0'>1040</EventID><Version>0</Version><Level>4</Level><Task>0</Task><Opcode>0</Opcode><Keywords>0x80000000000000</Keywords><TimeCreated SystemTime='2025-11-08T21:35:04.3967416Z'/><EventRecordID>78638</EventRecordID><Correlation/><Execution ProcessID='6000' ThreadID='0'/><Channel>Application</Channel><Computer>Redzep</Computer><Security UserID='S-1-5-21-2249670643-648898893-1642193712-1002'/></System><EventData><Data>{62A102F5-FBA0-43BB-BFC2-657C07BC0901}</Data><Data>19264</Data><Data>(NULL)</Data><Data>(NULL)</Data><Data>(NULL)</Data><Data>(NULL)</Data></EventData></Event><Event xmlns='http://schemas.microsoft.com/win/2004/08/events/event'><System><Provider Name='VSS'/><EventID Qualifiers='0'>8231</EventID><Version>0</Version><Level>4</Level><Task>0</Task><Opcode>0</Opcode><Keywords>0x80000000000000</Keywords><TimeCreated SystemTime='2025-11-08T21:35:19.6360812Z'/><EventRecordID>78639</EventRecordID><Correlation/><Execution ProcessID='6000' ThreadID='0'/><Channel>Application</Channel><Computer>Redzep</Computer><Security/></System><EventData><Data>{b1ea6d5e-3ff8-4603-bf55-848b1ec27fa8}</Data><Data>C:\WINDOWS\system32\msiexec.exe /V</Data><Data>msiexec.exe</Data><Data>services.exe</Data><Data>wininit.exe</Data></EventData></Event><Event xmlns='http://schemas.microsoft.com/win/2004/08/events/event'><System><Provider Name='System Restore'/><EventID Qualifiers='0'>8194</EventID><Version>0</Version><Level>4</Level><Task>0</Task><Opcode>0</Opcode><Keywords>0x80000000000000</Keywords><TimeCreated SystemTime='2025-11-08T21:35:23.0891257Z'/><EventRecordID>78640</EventRecordID><Correlation/><Execution ProcessID='6000' ThreadID='0'/><Channel>Application</Channel><Computer>Redzep</Computer><Security/></System><EventData><Data>C:\WINDOWS\system32\msiexec.exe /V</Data><Data>Removed Blackmagic RAW Common Components</Data><Binary>0000000067020000590200000000000022CE28677C6DDA79E28C1C000000000000000000</Binary></EventData></Event><Event xmlns='http://schemas.microsoft.com/win/2004/08/events/event'><System><Provider Name='MsiInstaller'/><EventID Qualifiers='0'>11724</EventID><Version>0</Version><Level>4</Level><Task>0</Task><Opcode>0</Opcode><Keywords>0x80000000000000</Keywords><TimeCreated SystemTime='2025-11-08T21:35:25.7402331Z'/><EventRecordID>78641</EventRecordID><Correlation/><Execution ProcessID='6000' ThreadID='0'/><Channel>Application</Channel><Computer>Redzep</Computer><Security UserID='S-1-5-21-2249670643-648898893-1642193712-1002'/></System><EventData><Data>Product: Blackmagic RAW Common Components -- Removal completed successfully.</Data><Data>(NULL)</Data><Data>(NULL)</Data><Data>(NULL)</Data><Data>(NULL)</Data><Data>(NULL)</Data><Binary>7B36324131303246352D464241302D343342422D424643322D3635374330374243303930317D</Binary></EventData></Event><Event xmlns='http://schemas.microsoft.com/win/2004/08/events/event'><System><Provider Name='MsiInstaller'/><EventID Qualifiers='0'>1034</EventID><Version>0</Version><Level>4</Level><Task>0</Task><Opcode>0</Opcode><Keywords>0x80000000000000</Keywords><TimeCreated SystemTime='2025-11-08T21:35:25.7406057Z'/><EventRecordID>78642</EventRecordID><Correlation/><Execution ProcessID='6000' ThreadID='0'/><Channel>Application</Channel><Computer>Redzep</Computer><Security UserID='S-1-5-21-2249670643-648898893-1642193712-1002'/></System><EventData><Data>Blackmagic RAW Common Components</Data><Data>3.4</Data><Data>1033</Data><Data>0</Data><Data>Blackmagic Design</Data><Data>(NULL)</Data><Binary>7B36324131303246352D464241302D343342422D424643322D3635374330374243303930317D3030303064376536636237666365346332663161643832613735393231636464623138363030303030393034</Binary></EventData></Event><Event xmlns='http://schemas.microsoft.com/win/2004/08/events/event'><System><Provider Name='MsiInstaller'/><EventID Qualifiers='0'>1042</EventID><Version>0</Version><Level>4</Level><Task>0</Task><Opcode>0</Opcode><Keywords>0x80000000000000</Keywords><TimeCreated SystemTime='2025-11-08T21:35:25.7554037Z'/><EventRecordID>78643</EventRecordID><Correlation/><Execution ProcessID='6000' ThreadID='0'/><Channel>Application</Channel><Computer>Redzep</Computer><Security UserID='S-1-5-18'/></System><EventData><Data>{62A102F5-FBA0-43BB-BFC2-657C07BC0901}</Data><Data>19264</Data><Data>(NULL)</Data><Data>(NULL)</Data><Data>(NULL)</Data><Data>(NULL)</Data></EventData></Event><Event xmlns='http://schemas.microsoft.com/win/2004/08/events/event'><System><Provider Name='MsiInstaller'/><EventID Qualifiers='0'>1040</EventID><Version>0</Version><Level>4</Level><Task>0</Task><Opcode>0</Opcode><Keywords>0x80000000000000</Keywords><TimeCreated SystemTime='2025-11-08T21:35:32.2742205Z'/><EventRecordID>78644</EventRecordID><Correlation/><Execution ProcessID='6000' ThreadID='0'/><Channel>Application</Channel><Computer>Redzep</Computer><Security UserID='S-1-5-21-2249670643-648898893-1642193712-1002'/></System><EventData><Data>{D1ACF467-9FB4-45DA-942F-A19452E70A3F}</Data><Data>8920</Data><Data>(NULL)</Data><Data>(NULL)</Data><Data>(NULL)</Data><Data>(NULL)</Data></EventData></Event><Event xmlns='http://schemas.microsoft.com/win/2004/08/events/event'><System><Provider Name='VSS'/><EventID Qualifiers='0'>8231</EventID><Version>0</Version><Level>4</Level><Task>0</Task><Opcode>0</Opcode><Keywords>0x80000000000000</Keywords><TimeCreated SystemTime='2025-11-08T21:35:48.1356367Z'/><EventRecordID>78645</EventRecordID><Correlation/><Execution ProcessID='6000' ThreadID='0'/><Channel>Application</Channel><Computer>Redzep</Computer><Security/></System><EventData><Data>{bb0afdab-a7d6-4add-b290-6fe994fda5b9}</Data><Data>C:\WINDOWS\system32\msiexec.exe /V</Data><Data>msiexec.exe</Data><Data>services.exe</Data><Data>wininit.exe</Data></EventData></Event><Event xmlns='http://schemas.microsoft.com/win/2004/08/events/event'><System><Provider Name='System Restore'/><EventID Qualifiers='0'>8194</EventID><Version>0</Version><Level>4</Level><Task>0</Task><Opcode>0</Opcode><Keywords>0x80000000000000</Keywords><TimeCreated SystemTime='2025-11-08T21:35:52.0540016Z'/><EventRecordID>78646</EventRecordID><Correlation/><Execution ProcessID='6000' ThreadID='0'/><Channel>Application</Channel><Computer>Redzep</Computer><Security/></System><EventData><Data>C:\WINDOWS\system32\msiexec.exe /V</Data><Data>Removed DaVinci Resolve Control Panels</Data><Binary>0000000067020000590200000000000022CE28677C6DDA79E28C1C000000000000000000</Binary></EventData></Event><Event xmlns='http://schemas.microsoft.com/win/2004/08/events/event'><System><Provider Name='Microsoft-Windows-RestartManager' Guid='{0888e5ef-9b98-4695-979d-e92ce4247224}'/><EventID>10000</EventID><Version>0</Version><Level>4</Level><Task>0</Task><Opcode>0</Opcode><Keywords>0x8000000000000000</Keywords><TimeCreated SystemTime='2025-11-08T21:35:53.7467349Z'/><EventRecordID>78647</EventRecordID><Correlation/><Execution ProcessID='6000' ThreadID='6384'/><Channel>Application</Channel><Computer>Redzep</Computer><Security UserID='S-1-5-21-2249670643-648898893-1642193712-1002'/></System><UserData><RmSessionEvent xmlns='http://www.microsoft.com/2005/08/Windows/Reliability/RestartManager/'><RmSessionId>0</RmSessionId><UTCStartTime>2025-11-08T21:35:53.7387848Z</UTCStartTime></RmSessionEvent></UserData></Event><Event xmlns='http://schemas.microsoft.com/win/2004/08/events/event'><System><Provider Name='MsiInstaller'/><EventID Qualifiers='0'>11724</EventID><Version>0</Version><Level>4</Level><Task>0</Task><Opcode>0</Opcode><Keywords>0x80000000000000</Keywords><TimeCreated SystemTime='2025-11-08T21:35:58.5884515Z'/><EventRecordID>78648</EventRecordID><Correlation/><Execution ProcessID='6000' ThreadID='0'/><Channel>Application</Channel><Computer>Redzep</Computer><Security UserID='S-1-5-21-2249670643-648898893-1642193712-1002'/></System><EventData><Data>Product: DaVinci Resolve Control Panels -- Removal completed successfully.</Data><Data>(NULL)</Data><Data>(NULL)</Data><Data>(NULL)</Data><Data>(NULL)</Data><Data>(NULL)</Data><Binary>7B44314143463436372D394642342D343544412D393432462D4131393435324537304133467D</Binary></EventData></Event><Event xmlns='http://schemas.microsoft.com/win/2004/08/events/event'><System><Provider Name='MsiInstaller'/><EventID Qualifiers='0'>1034</EventID><Version>0</Version><Level>4</Level><Task>0</Task><Opcode>0</Opcode><Keywords>0x80000000000000</Keywords><TimeCreated SystemTime='2025-11-08T21:35:58.5887722Z'/><EventRecordID>78649</EventRecordID><Correlation/><Execution ProcessID='6000' ThreadID='0'/><Channel>Application</Channel><Computer>Redzep</Computer><Security UserID='S-1-5-21-2249670643-648898893-1642193712-1002'/></System><EventData><Data>DaVinci Resolve Control Panels</Data><Data>2.0.7.0</Data><Data>1033</Data><Data>0</Data><Data>Blackmagic Design</Data><Data>(NULL)</Data><Binary>7B44314143463436372D394642342D343544412D393432462D4131393435324537304133467D3030303038323331393137663836323365306232643765353666636165643861383730653030303030393034</Binary></EventData></Event><Event xmlns='http://schemas.microsoft.com/win/2004/08/events/event'><System><Provider Name='MsiInstaller'/><EventID Qualifiers='0'>1042</EventID><Version>0</Version><Level>4</Level><Task>0</Task><Opcode>0</Opcode><Keywords>0x80000000000000</Keywords><TimeCreated SystemTime='2025-11-08T21:35:58.6303494Z'/><EventRecordID>78650</EventRecordID><Correlation/><Execution ProcessID='6000' ThreadID='0'/><Channel>Application</Channel><Computer>Redzep</Computer><Security UserID='S-1-5-18'/></System><EventData><Data>{D1ACF467-9FB4-45DA-942F-A19452E70A3F}</Data><Data>8920</Data><Data>(NULL)</Data><Data>(NULL)</Data><Data>(NULL)</Data><Data>(NULL)</Data></EventData></Event><Event xmlns='http://schemas.microsoft.com/win/2004/08/events/event'><System><Provider Name='Microsoft-Windows-RestartManager' Guid='{0888e5ef-9b98-4695-979d-e92ce4247224}'/><EventID>10001</EventID><Version>0</Version><Level>4</Level><Task>0</Task><Opcode>0</Opcode><Keywords>0x8000000000000000</Keywords><TimeCreated SystemTime='2025-11-08T21:35:58.5948986Z'/><EventRecordID>78651</EventRecordID><Correlation/><Execution ProcessID='6000' ThreadID='5672'/><Channel>Application</Channel><Computer>Redzep</Computer><Security UserID='S-1-5-21-2249670643-648898893-1642193712-1002'/></System><UserData><RmSessionEvent xmlns='http://www.microsoft.com/2005/08/Windows/Reliability/RestartManager/'><RmSessionId>0</RmSessionId><UTCStartTime>2025-11-08T21:35:53.7387848Z</UTCStartTime></RmSessionEvent></UserData></Event><Event xmlns='http://schemas.microsoft.com/win/2004/08/events/event'><System><Provider Name='VSS'/><EventID Qualifiers='0'>8224</EventID><Version>0</Version><Level>4</Level><Task>0</Task><Opcode>0</Opcode><Keywords>0x80000000000000</Keywords><TimeCreated SystemTime='2025-11-08T21:38:53.9629659Z'/><EventRecordID>78652</EventRecordID><Correlation/><Execution ProcessID='4640' ThreadID='0'/><Channel>Application</Channel><Computer>Redzep</Computer><Security/></System><EventData><Data></Data><Binary>2D20436F64653A2020434F525356434330303030303737322D2043616C6C3A2020434F525356434330303030303735342D205049443A202030303030343634302D205449443A202030303031393132342D20434D443A2020433A5C57494E444F57535C73797374656D33325C76737376632E6578652020202D20557365723A204E616D653A204E5420415554484F524954595C53595354454D2C205349443A532D312D352D313820</Binary></EventData></Event><Event xmlns='http://schemas.microsoft.com/win/2004/08/events/event'><System><Provider Name='MsiInstaller'/><EventID Qualifiers='0'>1040</EventID><Version>0</Version><Level>4</Level><Task>0</Task><Opcode>0</Opcode><Keywords>0x80000000000000</Keywords><TimeCreated SystemTime='2025-11-08T21:42:00.9106159Z'/><EventRecordID>78653</EventRecordID><Correlation/><Execution ProcessID='11716' ThreadID='0'/><Channel>Application</Channel><Computer>Redzep</Computer><Security UserID='S-1-5-21-2249670643-648898893-1642193712-1002'/></System><EventData><Data>C:\Users\Recep\AppData\Local\Temp\{F7E22388-78E3-4ADC-9999-ACBB4C900581}\DaVinci Resolve Panels Installer v2.3.4.msi</Data><Data>18344</Data><Data>(NULL)</Data><Data>(NULL)</Data><Data>(NULL)</Data><Data>(NULL)</Data></EventData></Event><Event xmlns='http://schemas.microsoft.com/win/2004/08/events/event'><System><Provider Name='Microsoft-Windows-RestartManager' Guid='{0888e5ef-9b98-4695-979d-e92ce4247224}'/><EventID>10000</EventID><Version>0</Version><Level>4</Level><Task>0</Task><Opcode>0</Opcode><Keywords>0x8000000000000000</Keywords><TimeCreated SystemTime='2025-11-08T21:42:01.6054028Z'/><EventRecordID>78654</EventRecordID><Correlation/><Execution ProcessID='11716' ThreadID='17820'/><Channel>Application</Channel><Computer>Redzep</Computer><Security UserID='S-1-5-21-2249670643-648898893-1642193712-1002'/></System><UserData><RmSessionEvent xmlns='http://www.microsoft.com/2005/08/Windows/Reliability/RestartManager/'><RmSessionId>0</RmSessionId><UTCStartTime>2025-11-08T21:42:01.6046329Z</UTCStartTime></RmSessionEvent></UserData></Event>