<Event xmlns='http://schemas.microsoft.com/win/2004/08/events/event'><System><Provider Name='Windows Error Reporting' Guid='{0ead09bd-2157-539a-8d6d-c87f95b64d70}'/><EventID>1001</EventID><Version>0</Version><Level>4</Level><Task>0</Task><Opcode>0</Opcode><Keywords>0x8000000000000000</Keywords><TimeCreated SystemTime='2025-11-02T16:00:19.6710757Z'/><EventRecordID>76936</EventRecordID><Correlation/><Execution ProcessID='15400' ThreadID='15404'/><Channel>Application</Channel><Computer>Redzep</Computer><Security UserID='S-1-5-18'/></System><EventData><Data Name='Bucket'>2045169203001960432</Data><Data Name='BucketType'>5</Data><Data Name='EventName'>crashpad_log</Data><Data Name='Response'>Kullan²lam²yor</Data><Data Name='CabId'>0</Data><Data Name='P1'>MicrosoftEdgeUpdate.exe</Data><Data Name='P2'>1.3.205.9</Data><Data Name='P3'>OnLogonLaunchError</Data><Data Name='P4'>0x80070002</Data><Data Name='P5'></Data><Data Name='P6'></Data><Data Name='P7'></Data><Data Name='P8'></Data><Data Name='P9'></Data><Data Name='P10'></Data><Data Name='AttachedFiles'>
\\?\C:\ProgramData\Microsoft\EdgeUpdate\Log\MicrosoftEdgeUpdate.log
\\?\C:\ProgramData\Microsoft\Windows\WER\Temp\WER.1d2ce609-004d-4873-ad9b-82a611892668.tmp.WERInternalMetadata.xml
WPR_initiated_DiagTrackMiniLogger_OneTrace_User_Logger_20241008_1_EC_0_inject.etl
\\?\C:\ProgramData\Microsoft\Windows\WER\Temp\WER.979b8eb4-8838-4feb-88ab-74b54ae4c66a.tmp.etl
WPR_initiated_DiagTrackMiniLogger_WPR System Collector_inject.etl
\\?\C:\ProgramData\Microsoft\Windows\WER\Temp\WER.7b06ff85-87b3-4bc7-8ad3-920b54bc1b9f.tmp.etl
\\?\C:\ProgramData\Microsoft\Windows\WER\Temp\WER.eb9370c8-7462-4e51-9462-d5b26b60a38e.tmp.csv
\\?\C:\ProgramData\Microsoft\Windows\WER\Temp\WER.e124d447-9dbe-4fba-9c13-605d4bfdb310.tmp.txt
\\?\C:\ProgramData\Microsoft\Windows\WER\Temp\WER.1cc0124d-c224-416c-bed3-0a4de645153c.tmp.xml</Data><Data Name='StorePath'>\\?\C:\ProgramData\Microsoft\Windows\WER\ReportArchive\NonCritical_MicrosoftEdgeUpd_37b8413e6d3b84b2b72698946bdcb9730399052_00000000_facb9a44-81e5-475e-a193-ddce12a6e2e6</Data><Data Name='AnalysisSymbol'></Data><Data Name='Rechecking'>0</Data><Data Name='ReportId'>facb9a44-81e5-475e-a193-ddce12a6e2e6</Data><Data Name='ReportStatus'>268435456</Data><Data Name='HashedBucket'>e8d6041c864403727c61e68dea8027f0</Data><Data Name='CabGuid'>0</Data></EventData></Event><Event xmlns='http://schemas.microsoft.com/win/2004/08/events/event'><System><Provider Name='Windows Error Reporting' Guid='{0ead09bd-2157-539a-8d6d-c87f95b64d70}'/><EventID>1001</EventID><Version>0</Version><Level>4</Level><Task>0</Task><Opcode>0</Opcode><Keywords>0x8000000000000000</Keywords><TimeCreated SystemTime='2025-11-02T16:00:19.6810520Z'/><EventRecordID>76937</EventRecordID><Correlation/><Execution ProcessID='6020' ThreadID='1832'/><Channel>Application</Channel><Computer>Redzep</Computer><Security UserID='S-1-5-18'/></System><EventData><Data Name='Bucket'></Data><Data Name='BucketType'>0</Data><Data Name='EventName'>crashpad_log</Data><Data Name='Response'>Kullan²lam²yor</Data><Data Name='CabId'>0</Data><Data Name='P1'>MicrosoftEdgeUpdate.exe</Data><Data Name='P2'>1.3.205.9</Data><Data Name='P3'>OnLogonLaunchError</Data><Data Name='P4'>0x80070002</Data><Data Name='P5'></Data><Data Name='P6'></Data><Data Name='P7'></Data><Data Name='P8'></Data><Data Name='P9'></Data><Data Name='P10'></Data><Data Name='AttachedFiles'>
\\?\C:\ProgramData\Microsoft\EdgeUpdate\Log\MicrosoftEdgeUpdate.log</Data><Data Name='StorePath'>NULL</Data><Data Name='AnalysisSymbol'></Data><Data Name='Rechecking'>0</Data><Data Name='ReportId'>facb9a44-81e5-475e-a193-ddce12a6e2e6</Data><Data Name='ReportStatus'>268697600</Data><Data Name='HashedBucket'></Data><Data Name='CabGuid'>0</Data></EventData></Event><Event xmlns='http://schemas.microsoft.com/win/2004/08/events/event'><System><Provider Name='Microsoft-Windows-Security-SPP' Guid='{E23B33B0-C8C9-472C-A5F9-F2BDFEA0F156}' EventSourceName='Software Protection Platform Service'/><EventID Qualifiers='16384'>900</EventID><Version>0</Version><Level>4</Level><Task>0</Task><Opcode>0</Opcode><Keywords>0x80000000000000</Keywords><TimeCreated SystemTime='2025-11-02T16:00:23.3625773Z'/><EventRecordID>76938</EventRecordID><Correlation/><Execution ProcessID='16256' ThreadID='0'/><Channel>Application</Channel><Computer>Redzep</Computer><Security/></System><EventData><Data>TriggerStarted:6</Data></EventData></Event><Event xmlns='http://schemas.microsoft.com/win/2004/08/events/event'><System><Provider Name='Microsoft-Windows-Security-SPP' Guid='{E23B33B0-C8C9-472C-A5F9-F2BDFEA0F156}' EventSourceName='Software Protection Platform Service'/><EventID Qualifiers='49152'>16394</EventID><Version>0</Version><Level>4</Level><Task>0</Task><Opcode>0</Opcode><Keywords>0x80000000000000</Keywords><TimeCreated SystemTime='2025-11-02T16:00:23.5425846Z'/><EventRecordID>76939</EventRecordID><Correlation/><Execution ProcessID='16256' ThreadID='0'/><Channel>Application</Channel><Computer>Redzep</Computer><Security/></System><EventData></EventData></Event><Event xmlns='http://schemas.microsoft.com/win/2004/08/events/event'><System><Provider Name='Microsoft-Windows-Security-SPP' Guid='{E23B33B0-C8C9-472C-A5F9-F2BDFEA0F156}' EventSourceName='Software Protection Platform Service'/><EventID Qualifiers='16384'>1066</EventID><Version>0</Version><Level>4</Level><Task>0</Task><Opcode>0</Opcode><Keywords>0x80000000000000</Keywords><TimeCreated SystemTime='2025-11-02T16:00:23.7641133Z'/><EventRecordID>76940</EventRecordID><Correlation/><Execution ProcessID='16256' ThreadID='0'/><Channel>Application</Channel><Computer>Redzep</Computer><Security/></System><EventData><Data>C:\WINDOWS\system32\sppwinob.dll, msft:spp/windowsfunctionality/agent/7.0, 0x00000000, 0x00000000
C:\WINDOWS\system32\sppobjs.dll, msft:rm/algorithm/inherited/1.0, 0x00000000, 0x00000000
C:\WINDOWS\system32\sppobjs.dll, msft:rm/algorithm/phone/1.0, 0x00000000, 0x00000000
C:\WINDOWS\system32\sppobjs.dll, msft:rm/algorithm/pkey/detect, 0x00000000, 0x00000000
C:\WINDOWS\system32\sppobjs.dll, msft:spp/ActionScheduler/1.0, 0x00000000, 0x00000000
C:\WINDOWS\system32\sppobjs.dll, msft:spp/TaskScheduler/1.0, 0x00000000, 0x00000000
C:\WINDOWS\system32\sppobjs.dll, msft:spp/statecollector/pkey, 0x00000000, 0x00000000
C:\WINDOWS\system32\sppobjs.dll, msft:spp/volume/services/kms/1.0, 0x00000000, 0x00000000
C:\WINDOWS\system32\sppobjs.dll, msft:spp/volume/services/kms/activationinfo/1.0, 0x00000000, 0x00000000
</Data></EventData></Event><Event xmlns='http://schemas.microsoft.com/win/2004/08/events/event'><System><Provider Name='Microsoft-Windows-Security-SPP' Guid='{E23B33B0-C8C9-472C-A5F9-F2BDFEA0F156}' EventSourceName='Software Protection Platform Service'/><EventID Qualifiers='16384'>1003</EventID><Version>0</Version><Level>4</Level><Task>0</Task><Opcode>0</Opcode><Keywords>0x80000000000000</Keywords><TimeCreated SystemTime='2025-11-02T16:00:23.7952183Z'/><EventRecordID>76941</EventRecordID><Correlation/><Execution ProcessID='16256' ThreadID='0'/><Channel>Application</Channel><Computer>Redzep</Computer><Security/></System><EventData><Data>55c92734-d682-4d71-983e-d6ec3f16059f</Data><Data>
1: 0567073a-7d74-403b-b2d5-6b35da372d8d, 1, 0 [(0 [0xC004F014, 0, 0], [(?)(?)(?)(?)(?)(?)(?)(?)])(1 )(2 )(3 )]
2: 1b750385-9fe2-49a8-ab55-149d0546395b, 1, 0 [(0 [0xC004F014, 0, 0], [(?)(?)(?)(?)(?)(?)(?)(?)])(1 )(2 )(3 )]
3: 1d873132-f09f-4eb2-bf5a-2e4fb48935e8, 1, 0 [(0 [0xC004F014, 0, 0], [(?)(?)(?)(?)(?)(?)(?)(?)])(1 )(2 )(3 )]
4: 2b1f36bb-c1cd-4306-bf5c-a0367c2d97d8, 1, 1 [(0 )(1 )(2 [0x00000000, 1, 0], [(?)( 1 0x00000000)(?)(?)(?)(?)( 10 0x00000000 msft:rm/algorithm/flags/1.0)(?)])(3 )]
5: 30d469c6-a78f-4476-b5c8-af78d5b6a5fb, 1, 0 [(0 [0xC004F014, 0, 0], [(?)(?)(?)(?)(?)(?)(?)(?)])(1 )(2 )(3 )]
6: 3ae2cc14-ab2d-41f4-972f-5e20142771dc, 1, 0 [(0 [0xC004F014, 0, 0], [(?)(?)(?)(?)(?)(?)(?)(?)])(1 )(2 )(3 )]
7: 4002e33a-524c-4100-8108-131a0d42c0ea, 1, 0 [(0 [0xC004F014, 0, 0], [(?)(?)(?)(?)(?)(?)(?)(?)])(1 )(2 )(3 )]
8: 411b3d4f-be6d-4a06-baaa-9cabfc256cae, 1, 0 [(0 [0xC004F014, 0, 0], [(?)(?)(?)(?)(?)(?)(?)(?)])(1 )(2 )(3 )]
9: 58e97c99-f377-4ef1-81d5-4ad5522b5fd8, 1, 0 [(0 [0xC004F014, 0, 0], [(?)(?)(?)(?)(?)(?)(?)(?)])(1 )(2 )(3 )]
10: 653098ee-780d-4863-8cf2-d18399ce413b, 1, 0 [(0 [0xC004F014, 0, 0], [(?)(?)(?)(?)(?)(?)(?)(?)])(1 )(2 )(3 )]
11: 74436dbb-cc17-46de-867f-14906ba4a938, 1, 0 [(0 [0xC004F014, 0, 0], [(?)(?)(?)(?)(?)(?)(?)(?)])(1 )(2 )(3 )]
12: 8a292df8-d653-4057-8133-a0701792f912, 1, 0 [(0 [0xC004F014, 0, 0], [(?)(?)(?)(?)(?)(?)(?)(?)])(1 )(2 )(3 )]
13: 8db63db6-4f8f-46d6-a448-66444faaaa72, 1, 0 [(0 [0xC004F014, 0, 0], [(?)(?)(?)(?)(?)(?)(?)(?)])(1 )(2 )(3 )]
14: cd918a57-a41b-4c82-8dce-1a538e221a83, 1, 0 [(0 [0xC004F014, 0, 0], [(?)(?)(?)(?)(?)(?)(?)(?)])(1 )(2 )(3 )]
15: da9621af-f086-4244-b563-18611e51aa1a, 1, 0 [(0 [0xC004F014, 0, 0], [(?)(?)(?)(?)(?)(?)(?)(?)])(1 )(2 )(3 )]
16: e371d89a-73e8-4b24-a7ff-23a3641dd18e, 1, 0 [(0 [0xC004F014, 0, 0], [(?)(?)(?)(?)(?)(?)(?)(?)])(1 )(2 )(3 )]
17: ed799377-74b8-4989-a244-14d082e65972, 1, 0 [(0 [0xC004F014, 0, 0], [(?)(?)(?)(?)(?)(?)(?)(?)])(1 )(2 )(3 )]

</Data></EventData></Event><Event xmlns='http://schemas.microsoft.com/win/2004/08/events/event'><System><Provider Name='Microsoft-Windows-Security-SPP' Guid='{E23B33B0-C8C9-472C-A5F9-F2BDFEA0F156}' EventSourceName='Software Protection Platform Service'/><EventID Qualifiers='16384'>902</EventID><Version>0</Version><Level>0</Level><Task>0</Task><Opcode>0</Opcode><Keywords>0x80000000000000</Keywords><TimeCreated SystemTime='2025-11-02T16:00:23.8361964Z'/><EventRecordID>76942</EventRecordID><Correlation/><Execution ProcessID='16256' ThreadID='0'/><Channel>Application</Channel><Computer>Redzep</Computer><Security/></System><EventData><Data>10.0.26100.7019</Data></EventData></Event><Event xmlns='http://schemas.microsoft.com/win/2004/08/events/event'><System><Provider Name='Microsoft-Windows-Security-SPP' Guid='{E23B33B0-C8C9-472C-A5F9-F2BDFEA0F156}' EventSourceName='Software Protection Platform Service'/><EventID Qualifiers='16384'>16384</EventID><Version>0</Version><Level>4</Level><Task>0</Task><Opcode>0</Opcode><Keywords>0x80000000000000</Keywords><TimeCreated SystemTime='2025-11-02T16:01:00.1979364Z'/><EventRecordID>76943</EventRecordID><Correlation/><Execution ProcessID='16256' ThreadID='0'/><Channel>Application</Channel><Computer>Redzep</Computer><Security/></System><EventData><Data>2025-11-03T23:50:00Z</Data><Data>RulesEngine</Data></EventData></Event><Event xmlns='http://schemas.microsoft.com/win/2004/08/events/event'><System><Provider Name='Microsoft-Windows-Security-SPP' Guid='{E23B33B0-C8C9-472C-A5F9-F2BDFEA0F156}' EventSourceName='Software Protection Platform Service'/><EventID Qualifiers='16384'>903</EventID><Version>0</Version><Level>0</Level><Task>0</Task><Opcode>0</Opcode><Keywords>0x80000000000000</Keywords><TimeCreated SystemTime='2025-11-02T16:01:00.2016022Z'/><EventRecordID>76944</EventRecordID><Correlation/><Execution ProcessID='16256' ThreadID='0'/><Channel>Application</Channel><Computer>Redzep</Computer><Security/></System><EventData></EventData></Event><Event xmlns='http://schemas.microsoft.com/win/2004/08/events/event'><System><Provider Name='edgeupdate'/><EventID Qualifiers='0'>0</EventID><Version>0</Version><Level>4</Level><Task>0</Task><Opcode>0</Opcode><Keywords>0x80000000000000</Keywords><TimeCreated SystemTime='2025-11-02T16:02:06.2218595Z'/><EventRecordID>76945</EventRecordID><Correlation/><Execution ProcessID='4760' ThreadID='0'/><Channel>Application</Channel><Computer>Redzep</Computer><Security/></System><EventData><Data>Service stopped</Data></EventData></Event><Event xmlns='http://schemas.microsoft.com/win/2004/08/events/event'><System><Provider Name='Microsoft-Windows-Security-SPP' Guid='{E23B33B0-C8C9-472C-A5F9-F2BDFEA0F156}' EventSourceName='Software Protection Platform Service'/><EventID Qualifiers='16384'>900</EventID><Version>0</Version><Level>4</Level><Task>0</Task><Opcode>0</Opcode><Keywords>0x80000000000000</Keywords><TimeCreated SystemTime='2025-11-02T16:02:07.2336860Z'/><EventRecordID>76946</EventRecordID><Correlation/><Execution ProcessID='3628' ThreadID='0'/><Channel>Application</Channel><Computer>Redzep</Computer><Security/></System><EventData><Data>&lt;explicit&gt;</Data></EventData></Event><Event xmlns='http://schemas.microsoft.com/win/2004/08/events/event'><System><Provider Name='Microsoft-Windows-Security-SPP' Guid='{E23B33B0-C8C9-472C-A5F9-F2BDFEA0F156}' EventSourceName='Software Protection Platform Service'/><EventID Qualifiers='49152'>16394</EventID><Version>0</Version><Level>4</Level><Task>0</Task><Opcode>0</Opcode><Keywords>0x80000000000000</Keywords><TimeCreated SystemTime='2025-11-02T16:02:07.3729639Z'/><EventRecordID>76947</EventRecordID><Correlation/><Execution ProcessID='3628' ThreadID='0'/><Channel>Application</Channel><Computer>Redzep</Computer><Security/></System><EventData></EventData></Event><Event xmlns='http://schemas.microsoft.com/win/2004/08/events/event'><System><Provider Name='SecurityCenter'/><EventID Qualifiers='0'>1</EventID><Version>0</Version><Level>4</Level><Task>0</Task><Opcode>0</Opcode><Keywords>0x80000000000000</Keywords><TimeCreated SystemTime='2025-11-02T16:02:08.2096886Z'/><EventRecordID>76948</EventRecordID><Correlation/><Execution ProcessID='9520' ThreadID='0'/><Channel>Application</Channel><Computer>Redzep</Computer><Security/></System><EventData></EventData></Event><Event xmlns='http://schemas.microsoft.com/win/2004/08/events/event'><System><Provider Name='SecurityCenter'/><EventID Qualifiers='0'>15</EventID><Version>0</Version><Level>4</Level><Task>0</Task><Opcode>0</Opcode><Keywords>0x80000000000000</Keywords><TimeCreated SystemTime='2025-11-02T16:02:08.6939460Z'/><EventRecordID>76949</EventRecordID><Correlation/><Execution ProcessID='9520' ThreadID='0'/><Channel>Application</Channel><Computer>Redzep</Computer><Security/></System><EventData><Data>Kaspersky</Data><Data>SECURITY_PRODUCT_STATE_ON</Data></EventData></Event><Event xmlns='http://schemas.microsoft.com/win/2004/08/events/event'><System><Provider Name='SecurityCenter'/><EventID Qualifiers='0'>15</EventID><Version>0</Version><Level>4</Level><Task>0</Task><Opcode>0</Opcode><Keywords>0x80000000000000</Keywords><TimeCreated SystemTime='2025-11-02T16:02:08.7101647Z'/><EventRecordID>76950</EventRecordID><Correlation/><Execution ProcessID='9520' ThreadID='0'/><Channel>Application</Channel><Computer>Redzep</Computer><Security/></System><EventData><Data>Kaspersky</Data><Data>SECURITY_PRODUCT_STATE_ON</Data></EventData></Event><Event xmlns='http://schemas.microsoft.com/win/2004/08/events/event'><System><Provider Name='Microsoft-Windows-Security-SPP' Guid='{E23B33B0-C8C9-472C-A5F9-F2BDFEA0F156}' EventSourceName='Software Protection Platform Service'/><EventID Qualifiers='16384'>16384</EventID><Version>0</Version><Level>4</Level><Task>0</Task><Opcode>0</Opcode><Keywords>0x80000000000000</Keywords><TimeCreated SystemTime='2025-11-02T16:02:37.4363359Z'/><EventRecordID>76951</EventRecordID><Correlation/><Execution ProcessID='3628' ThreadID='0'/><Channel>Application</Channel><Computer>Redzep</Computer><Security/></System><EventData><Data>2025-11-03T23:49:37Z</Data><Data>RulesEngine</Data></EventData></Event><Event xmlns='http://schemas.microsoft.com/win/2004/08/events/event'><System><Provider Name='Microsoft-Windows-RestartManager' Guid='{0888e5ef-9b98-4695-979d-e92ce4247224}'/><EventID>10000</EventID><Version>0</Version><Level>4</Level><Task>0</Task><Opcode>0</Opcode><Keywords>0x8000000000000000</Keywords><TimeCreated SystemTime='2025-11-02T16:13:28.2942845Z'/><EventRecordID>76952</EventRecordID><Correlation/><Execution ProcessID='13436' ThreadID='11824'/><Channel>Application</Channel><Computer>Redzep</Computer><Security UserID='S-1-5-21-2249670643-648898893-1642193712-1002'/></System><UserData><RmSessionEvent xmlns='http://www.microsoft.com/2005/08/Windows/Reliability/RestartManager/'><RmSessionId>1</RmSessionId><UTCStartTime>2025-11-02T16:13:28.2928143Z</UTCStartTime></RmSessionEvent></UserData></Event><Event xmlns='http://schemas.microsoft.com/win/2004/08/events/event'><System><Provider Name='Microsoft-Windows-RestartManager' Guid='{0888e5ef-9b98-4695-979d-e92ce4247224}'/><EventID>10001</EventID><Version>0</Version><Level>4</Level><Task>0</Task><Opcode>0</Opcode><Keywords>0x8000000000000000</Keywords><TimeCreated SystemTime='2025-11-02T16:17:26.4043585Z'/><EventRecordID>76953</EventRecordID><Correlation/><Execution ProcessID='13436' ThreadID='11824'/><Channel>Application</Channel><Computer>Redzep</Computer><Security UserID='S-1-5-21-2249670643-648898893-1642193712-1002'/></System><UserData><RmSessionEvent xmlns='http://www.microsoft.com/2005/08/Windows/Reliability/RestartManager/'><RmSessionId>1</RmSessionId><UTCStartTime>2025-11-02T16:13:28.2928143Z</UTCStartTime></RmSessionEvent></UserData></Event><Event xmlns='http://schemas.microsoft.com/win/2004/08/events/event'><System><Provider Name='Chrome'/><EventID Qualifiers='32768'>256</EventID><Version>0</Version><Level>4</Level><Task>1</Task><Opcode>0</Opcode><Keywords>0x80000000000000</Keywords><TimeCreated SystemTime='2025-11-02T16:22:09.2063363Z'/><EventRecordID>76954</EventRecordID><Correlation/><Execution ProcessID='14932' ThreadID='0'/><Channel>Application</Channel><Computer>Redzep</Computer><Security UserID='S-1-5-21-2249670643-648898893-1642193712-1002'/></System><EventData><Data>[14932:10776:1102/192209.204:INFO:chrome\browser\extensions\extension_garbage_collector.cc:188] Garbage collection for extensions on file thread is complete.</Data></EventData></Event><Event xmlns='http://schemas.microsoft.com/win/2004/08/events/event'><System><Provider Name='Microsoft-Windows-Security-SPP' Guid='{E23B33B0-C8C9-472C-A5F9-F2BDFEA0F156}' EventSourceName='Software Protection Platform Service'/><EventID Qualifiers='49152'>16394</EventID><Version>0</Version><Level>4</Level><Task>0</Task><Opcode>0</Opcode><Keywords>0x80000000000000</Keywords><TimeCreated SystemTime='2025-11-02T16:40:47.1879097Z'/><EventRecordID>76955</EventRecordID><Correlation/><Execution ProcessID='16032' ThreadID='0'/><Channel>Application</Channel><Computer>Redzep</Computer><Security/></System><EventData></EventData></Event><Event xmlns='http://schemas.microsoft.com/win/2004/08/events/event'><System><Provider Name='Microsoft-Windows-Security-SPP' Guid='{E23B33B0-C8C9-472C-A5F9-F2BDFEA0F156}' EventSourceName='Software Protection Platform Service'/><EventID Qualifiers='16384'>16384</EventID><Version>0</Version><Level>4</Level><Task>0</Task><Opcode>0</Opcode><Keywords>0x80000000000000</Keywords><TimeCreated SystemTime='2025-11-02T16:41:17.6144601Z'/><EventRecordID>76956</EventRecordID><Correlation/><Execution ProcessID='16032' ThreadID='0'/><Channel>Application</Channel><Computer>Redzep</Computer><Security/></System><EventData><Data>2025-11-03T23:49:17Z</Data><Data>RulesEngine</Data></EventData></Event><Event xmlns='http://schemas.microsoft.com/win/2004/08/events/event'><System><Provider Name='Microsoft-Windows-Security-SPP' Guid='{E23B33B0-C8C9-472C-A5F9-F2BDFEA0F156}' EventSourceName='Software Protection Platform Service'/><EventID Qualifiers='49152'>16394</EventID><Version>0</Version><Level>4</Level><Task>0</Task><Opcode>0</Opcode><Keywords>0x80000000000000</Keywords><TimeCreated SystemTime='2025-11-02T17:28:56.9315234Z'/><EventRecordID>76957</EventRecordID><Correlation/><Execution ProcessID='6316' ThreadID='0'/><Channel>Application</Channel><Computer>Redzep</Computer><Security/></System><EventData></EventData></Event><Event xmlns='http://schemas.microsoft.com/win/2004/08/events/event'><System><Provider Name='Microsoft-Windows-Security-SPP' Guid='{E23B33B0-C8C9-472C-A5F9-F2BDFEA0F156}' EventSourceName='Software Protection Platform Service'/><EventID Qualifiers='16384'>16384</EventID><Version>0</Version><Level>4</Level><Task>0</Task><Opcode>0</Opcode><Keywords>0x80000000000000</Keywords><TimeCreated SystemTime='2025-11-02T17:29:27.1619415Z'/><EventRecordID>76958</EventRecordID><Correlation/><Execution ProcessID='6316' ThreadID='0'/><Channel>Application</Channel><Computer>Redzep</Computer><Security/></System><EventData><Data>2025-11-03T23:49:27Z</Data><Data>RulesEngine</Data></EventData></Event><Event xmlns='http://schemas.microsoft.com/win/2004/08/events/event'><System><Provider Name='edgeupdate'/><EventID Qualifiers='0'>0</EventID><Version>0</Version><Level>4</Level><Task>0</Task><Opcode>0</Opcode><Keywords>0x80000000000000</Keywords><TimeCreated SystemTime='2025-11-02T17:37:22.5423973Z'/><EventRecordID>76959</EventRecordID><Correlation/><Execution ProcessID='15832' ThreadID='0'/><Channel>Application</Channel><Computer>Redzep</Computer><Security/></System><EventData><Data>Service stopped</Data></EventData></Event><Event xmlns='http://schemas.microsoft.com/win/2004/08/events/event'><System><Provider Name='Microsoft-Windows-Security-SPP' Guid='{E23B33B0-C8C9-472C-A5F9-F2BDFEA0F156}' EventSourceName='Software Protection Platform Service'/><EventID Qualifiers='49152'>16394</EventID><Version>0</Version><Level>4</Level><Task>0</Task><Opcode>0</Opcode><Keywords>0x80000000000000</Keywords><TimeCreated SystemTime='2025-11-02T17:50:42.4677377Z'/><EventRecordID>76960</EventRecordID><Correlation/><Execution ProcessID='6824' ThreadID='0'/><Channel>Application</Channel><Computer>Redzep</Computer><Security/></System><EventData></EventData></Event><Event xmlns='http://schemas.microsoft.com/win/2004/08/events/event'><System><Provider Name='Microsoft-Windows-Security-SPP' Guid='{E23B33B0-C8C9-472C-A5F9-F2BDFEA0F156}' EventSourceName='Software Protection Platform Service'/><EventID Qualifiers='16384'>16384</EventID><Version>0</Version><Level>4</Level><Task>0</Task><Opcode>0</Opcode><Keywords>0x80000000000000</Keywords><TimeCreated SystemTime='2025-11-02T17:51:12.7157230Z'/><EventRecordID>76961</EventRecordID><Correlation/><Execution ProcessID='6824' ThreadID='0'/><Channel>Application</Channel><Computer>Redzep</Computer><Security/></System><EventData><Data>2025-11-03T23:49:12Z</Data><Data>RulesEngine</Data></EventData></Event><Event xmlns='http://schemas.microsoft.com/win/2004/08/events/event'><System><Provider Name='Microsoft-Windows-Security-SPP' Guid='{E23B33B0-C8C9-472C-A5F9-F2BDFEA0F156}' EventSourceName='Software Protection Platform Service'/><EventID Qualifiers='49152'>16394</EventID><Version>0</Version><Level>4</Level><Task>0</Task><Opcode>0</Opcode><Keywords>0x80000000000000</Keywords><TimeCreated SystemTime='2025-11-02T18:00:14.4466516Z'/><EventRecordID>76962</EventRecordID><Correlation/><Execution ProcessID='2412' ThreadID='0'/><Channel>Application</Channel><Computer>Redzep</Computer><Security/></System><EventData></EventData></Event><Event xmlns='http://schemas.microsoft.com/win/2004/08/events/event'><System><Provider Name='Microsoft-Windows-Security-SPP' Guid='{E23B33B0-C8C9-472C-A5F9-F2BDFEA0F156}' EventSourceName='Software Protection Platform Service'/><EventID Qualifiers='16384'>16384</EventID><Version>0</Version><Level>4</Level><Task>0</Task><Opcode>0</Opcode><Keywords>0x80000000000000</Keywords><TimeCreated SystemTime='2025-11-02T18:00:44.6611133Z'/><EventRecordID>76963</EventRecordID><Correlation/><Execution ProcessID='2412' ThreadID='0'/><Channel>Application</Channel><Computer>Redzep</Computer><Security/></System><EventData><Data>2025-11-03T23:49:44Z</Data><Data>RulesEngine</Data></EventData></Event><Event xmlns='http://schemas.microsoft.com/win/2004/08/events/event'><System><Provider Name='Microsoft-Windows-Security-SPP' Guid='{E23B33B0-C8C9-472C-A5F9-F2BDFEA0F156}' EventSourceName='Software Protection Platform Service'/><EventID Qualifiers='49152'>16394</EventID><Version>0</Version><Level>4</Level><Task>0</Task><Opcode>0</Opcode><Keywords>0x80000000000000</Keywords><TimeCreated SystemTime='2025-11-02T18:04:16.9705081Z'/><EventRecordID>76964</EventRecordID><Correlation/><Execution ProcessID='12964' ThreadID='0'/><Channel>Application</Channel><Computer>Redzep</Computer><Security/></System><EventData></EventData></Event><Event xmlns='http://schemas.microsoft.com/win/2004/08/events/event'><System><Provider Name='Microsoft-Windows-Security-SPP' Guid='{E23B33B0-C8C9-472C-A5F9-F2BDFEA0F156}' EventSourceName='Software Protection Platform Service'/><EventID Qualifiers='16384'>16384</EventID><Version>0</Version><Level>4</Level><Task>0</Task><Opcode>0</Opcode><Keywords>0x80000000000000</Keywords><TimeCreated SystemTime='2025-11-02T18:04:47.1961670Z'/><EventRecordID>76965</EventRecordID><Correlation/><Execution ProcessID='12964' ThreadID='0'/><Channel>Application</Channel><Computer>Redzep</Computer><Security/></System><EventData><Data>2025-11-03T23:49:47Z</Data><Data>RulesEngine</Data></EventData></Event><Event xmlns='http://schemas.microsoft.com/win/2004/08/events/event'><System><Provider Name='Microsoft-Windows-Security-SPP' Guid='{E23B33B0-C8C9-472C-A5F9-F2BDFEA0F156}' EventSourceName='Software Protection Platform Service'/><EventID Qualifiers='49152'>16394</EventID><Version>0</Version><Level>4</Level><Task>0</Task><Opcode>0</Opcode><Keywords>0x80000000000000</Keywords><TimeCreated SystemTime='2025-11-02T18:28:54.3202979Z'/><EventRecordID>76966</EventRecordID><Correlation/><Execution ProcessID='3112' ThreadID='0'/><Channel>Application</Channel><Computer>Redzep</Computer><Security/></System><EventData></EventData></Event><Event xmlns='http://schemas.microsoft.com/win/2004/08/events/event'><System><Provider Name='Microsoft-Windows-Security-SPP' Guid='{E23B33B0-C8C9-472C-A5F9-F2BDFEA0F156}' EventSourceName='Software Protection Platform Service'/><EventID Qualifiers='16384'>16384</EventID><Version>0</Version><Level>4</Level><Task>0</Task><Opcode>0</Opcode><Keywords>0x80000000000000</Keywords><TimeCreated SystemTime='2025-11-02T18:29:24.5514721Z'/><EventRecordID>76967</EventRecordID><Correlation/><Execution ProcessID='3112' ThreadID='0'/><Channel>Application</Channel><Computer>Redzep</Computer><Security/></System><EventData><Data>2025-11-03T23:49:24Z</Data><Data>RulesEngine</Data></EventData></Event><Event xmlns='http://schemas.microsoft.com/win/2004/08/events/event'><System><Provider Name='Microsoft-Windows-Security-SPP' Guid='{E23B33B0-C8C9-472C-A5F9-F2BDFEA0F156}' EventSourceName='Software Protection Platform Service'/><EventID Qualifiers='49152'>16394</EventID><Version>0</Version><Level>4</Level><Task>0</Task><Opcode>0</Opcode><Keywords>0x80000000000000</Keywords><TimeCreated SystemTime='2025-11-02T19:11:03.2961925Z'/><EventRecordID>76968</EventRecordID><Correlation/><Execution ProcessID='6164' ThreadID='0'/><Channel>Application</Channel><Computer>Redzep</Computer><Security/></System><EventData></EventData></Event><Event xmlns='http://schemas.microsoft.com/win/2004/08/events/event'><System><Provider Name='Microsoft-Windows-Security-SPP' Guid='{E23B33B0-C8C9-472C-A5F9-F2BDFEA0F156}' EventSourceName='Software Protection Platform Service'/><EventID Qualifiers='16384'>16384</EventID><Version>0</Version><Level>4</Level><Task>0</Task><Opcode>0</Opcode><Keywords>0x80000000000000</Keywords><TimeCreated SystemTime='2025-11-02T19:11:33.5377527Z'/><EventRecordID>76969</EventRecordID><Correlation/><Execution ProcessID='6164' ThreadID='0'/><Channel>Application</Channel><Computer>Redzep</Computer><Security/></System><EventData><Data>2025-11-03T23:49:33Z</Data><Data>RulesEngine</Data></EventData></Event><Event xmlns='http://schemas.microsoft.com/win/2004/08/events/event'><System><Provider Name='Microsoft-Windows-Security-SPP' Guid='{E23B33B0-C8C9-472C-A5F9-F2BDFEA0F156}' EventSourceName='Software Protection Platform Service'/><EventID Qualifiers='49152'>16394</EventID><Version>0</Version><Level>4</Level><Task>0</Task><Opcode>0</Opcode><Keywords>0x80000000000000</Keywords><TimeCreated SystemTime='2025-11-02T19:38:43.0407708Z'/><EventRecordID>76970</EventRecordID><Correlation/><Execution ProcessID='16160' ThreadID='0'/><Channel>Application</Channel><Computer>Redzep</Computer><Security/></System><EventData></EventData></Event><Event xmlns='http://schemas.microsoft.com/win/2004/08/events/event'><System><Provider Name='ESENT'/><EventID Qualifiers='0'>102</EventID><Version>0</Version><Level>4</Level><Task>1</Task><Opcode>0</Opcode><Keywords>0x80000000000000</Keywords><TimeCreated SystemTime='2025-11-02T19:38:43.7569600Z'/><EventRecordID>76971</EventRecordID><Correlation/><Execution ProcessID='8704' ThreadID='0'/><Channel>Application</Channel><Computer>Redzep</Computer><Security/></System><EventData><Data>svchost</Data><Data>8704,P,98,0</Data><Data>DS_Token_DB: </Data><Data>0</Data><Data>10</Data><Data>00</Data><Data>26200</Data><Data>0000</Data></EventData></Event><Event xmlns='http://schemas.microsoft.com/win/2004/08/events/event'><System><Provider Name='ESENT'/><EventID Qualifiers='0'>300</EventID><Version>0</Version><Level>4</Level><Task>3</Task><Opcode>0</Opcode><Keywords>0x80000000000000</Keywords><TimeCreated SystemTime='2025-11-02T19:38:43.8333909Z'/><EventRecordID>76972</EventRecordID><Correlation/><Execution ProcessID='8704' ThreadID='0'/><Channel>Application</Channel><Computer>Redzep</Computer><Security/></System><EventData><Data>svchost</Data><Data>8704,R,98,0</Data><Data>DS_Token_DB: </Data></EventData></Event><Event xmlns='http://schemas.microsoft.com/win/2004/08/events/event'><System><Provider Name='ESENT'/><EventID Qualifiers='0'>301</EventID><Version>0</Version><Level>4</Level><Task>3</Task><Opcode>0</Opcode><Keywords>0x80000000000000</Keywords><TimeCreated SystemTime='2025-11-02T19:38:43.9214167Z'/><EventRecordID>76973</EventRecordID><Correlation/><Execution ProcessID='8704' ThreadID='0'/><Channel>Application</Channel><Computer>Redzep</Computer><Security/></System><EventData><Data>svchost</Data><Data>8704,R,98,0</Data><Data>DS_Token_DB: </Data><Data>C:\WINDOWS\system32\config\systemprofile\AppData\Local\DataSharing\Storage\DSS.log</Data><Data>
[1] 0.066006 -0.024322 (7) WT +J(CM:0, PgRf:0, Rd:0/0, Dy:0/0, Lg:20280/14) +M(C:0K, Fs:82, WS:252K # 196K, PF:136K # 72K, P:136K).</Data><Data>FWriteLog</Data><Data>2</Data></EventData></Event><Event xmlns='http://schemas.microsoft.com/win/2004/08/events/event'><System><Provider Name='ESENT'/><EventID Qualifiers='0'>302</EventID><Version>0</Version><Level>4</Level><Task>3</Task><Opcode>0</Opcode><Keywords>0x80000000000000</Keywords><TimeCreated SystemTime='2025-11-02T19:38:43.9597112Z'/><EventRecordID>76974</EventRecordID><Correlation/><Execution ProcessID='8704' ThreadID='0'/><Channel>Application</Channel><Computer>Redzep</Computer><Security/></System><EventData><Data>svchost</Data><Data>8704,U,98,0</Data><Data>DS_Token_DB: </Data></EventData></Event><Event xmlns='http://schemas.microsoft.com/win/2004/08/events/event'><System><Provider Name='ESENT'/><EventID Qualifiers='0'>105</EventID><Version>0</Version><Level>4</Level><Task>1</Task><Opcode>0</Opcode><Keywords>0x80000000000000</Keywords><TimeCreated SystemTime='2025-11-02T19:38:43.9704524Z'/><EventRecordID>76975</EventRecordID><Correlation/><Execution ProcessID='8704' ThreadID='0'/><Channel>Application</Channel><Computer>Redzep</Computer><Security/></System><EventData><Data>svchost</Data><Data>8704,D,0,0</Data><Data>DS_Token_DB: </Data><Data>0</Data><Data>0.224</Data><Data>
[1] 0.000737 +J(0) +M(C:0K, Fs:166, WS:640K # 640K, PF:3020K # 3020K, P:3020K)
[2] 0.000291 +J(0) +M(C:8K, Fs:146, WS:572K # 572K, PF:1280K # 1280K, P:1280K)
[3] 0.000011 +J(0) +M(C:0K, Fs:4, WS:12K # 12K, PF:68K # 68K, P:68K)
[4] 0.000146 +J(0) +M(C:0K, Fs:109, WS:432K # 432K, PF:200K # 200K, P:200K)
[5] 0.009235 +J(0) +M(C:0K, Fs:126, WS:504K # 504K, PF:24K # 24K, P:24K)
[6] 0.051254 +J(0) +M(C:0K, Fs:43, WS:172K # 172K, PF:12K # 12K, P:12K)
[7] 0.015452 -0.004557 (2) WT +J(0) +M(C:0K, Fs:39, WS:156K # 156K, PF:64K # 64K, P:64K)
[8] 0.098052 -0.037150 (11) WT +J(CM:0, PgRf:0, Rd:0/0, Dy:0/0, Lg:20280/14) +M(C:0K, Fs:136, WS:392K # 396K, PF:220K # 224K, P:220K)
[9] 0.000595 +J(0) +M(C:0K, Fs:14, WS:56K # 52K, PF:8K # 4K, P:8K)
[10] 0.002954 -0.002286 (1) WT +J(0) +M(C:0K, Fs:2, WS:-52K # 8K, PF:-60K # 0K, P:-60K)
[11] 0.000031 +J(CM:0, PgRf:0, Rd:0/0, Dy:0/0, Lg:49/1) +M(C:0K, Fs:5, WS:20K # 0K, PF:0K # 0K, P:0K)
[12] 0.000032 +J(0)
[13] 0.042356 -0.001397 (2) CM -0.004540 (17) WT +J(CM:2, PgRf:2, Rd:0/2, Dy:0/0, Lg:8759/5) +M(C:0K, Fs:73, WS:180K # 204K, PF:184K # 192K, P:184K)
[14] 0.000020 +J(0)
[15] 0.000012 +J(0)
[16] 0.003112 -0.000100 (1) WT +J(0) +M(C:0K, Fs:2, WS:0K # 0K, PF:0K # 0K, P:0K).</Data><Data>lgposV2[] = 00000057:0001:0000 - 00000057:0005:0039 - 00000057:0006:0000 - 00000057:0006:0000 (00000000:0000:0000)
cReInits = 1
RBSOn = 0
</Data></EventData></Event><Event xmlns='http://schemas.microsoft.com/win/2004/08/events/event'><System><Provider Name='ESENT'/><EventID Qualifiers='0'>326</EventID><Version>0</Version><Level>4</Level><Task>1</Task><Opcode>0</Opcode><Keywords>0x80000000000000</Keywords><TimeCreated SystemTime='2025-11-02T19:38:44.0104732Z'/><EventRecordID>76976</EventRecordID><Correlation/><Execution ProcessID='8704' ThreadID='0'/><Channel>Application</Channel><Computer>Redzep</Computer><Security/></System><EventData><Data>svchost</Data><Data>8704,D,50,0</Data><Data>DS_Token_DB: </Data><Data>1</Data><Data>C:\WINDOWS\system32\config\systemprofile\AppData\Local\DataSharing\Storage\DSTokenDB2.dat</Data><Data>0</Data><Data>
[1] 0.000007 +J(0) +M(C:0K, Fs:1, WS:4K # 0K, PF:0K # 0K, P:0K)
[2] 0.001796 -0.000793 (1) WT +J(0) +M(C:0K, Fs:17, WS:4K # 8K, PF:4K # 4K, P:4K)
[3] 0.010511 -0.000624 (6) WT +J(CM:0, PgRf:0, Rd:0/0, Dy:0/0, Lg:3480/2) +M(C:0K, Fs:6, WS:20K # 0K, PF:20K # 0K, P:20K)
[4] 0.010604 +J(0) +M(C:0K, Fs:1, WS:4K # 0K, PF:4K # 0K, P:4K)
[5] -
[6] 0.003675 -0.003582 (2) CM -0.003471 (2) WT +J(CM:2, PgRf:2, Rd:0/2, Dy:0/0, Lg:0/0) +M(C:0K, Fs:2, WS:8K # 0K, PF:0K # 0K, P:0K)
[7] 0.000004 +J(0)
[8] 0.002015 -0.001849 (1) CM -0.001815 (1) WT +J(CM:1, PgRf:1, Rd:4/1, Dy:0/0, Lg:0/0) +M(C:16K, Fs:30, WS:120K # 88K, PF:252K # 212K, P:252K)
[9] -
[10] -
[11] -
[12] 0.000010 +J(CM:0, PgRf:0, Rd:0/0, Dy:0/0, Lg:54/1) +M(C:0K, Fs:1, WS:4K # 4K, PF:20K # 20K, P:20K)
[13] 0.001624 -0.001432 (2) CM -0.001338 (2) WT +J(CM:2, PgRf:23, Rd:0/2, Dy:0/0, Lg:0/0) +M(C:-8K, Fs:18, WS:64K # 72K, PF:-4K # 4K, P:-4K)
[14] 0.001239 -0.001065 (2) CM -0.000987 (2) WT +J(CM:2, PgRf:40, Rd:0/2, Dy:0/0, Lg:0/0) +M(C:0K, Fs:5, WS:20K # 12K, PF:64K # 56K, P:64K)
[15] 0.000008 +J(CM:0, PgRf:1, Rd:0/0, Dy:0/0, Lg:0/0)
[16] 0.000008 +J(CM:0, PgRf:1, Rd:0/0, Dy:0/0, Lg:0/0) +M(C:0K, Fs:1, WS:4K # 4K, PF:0K # 0K, P:0K)
[17] 0.000046 +J(CM:0, PgRf:42, Rd:0/0, Dy:0/0, Lg:0/0) +M(C:0K, Fs:6, WS:24K # 24K, PF:0K # 0K, P:0K)
[18] 0.0 +J(0)
[19] 0.0 +J(0)
[20] 0.000020 +J(CM:0, PgRf:3, Rd:0/0, Dy:0/0, Lg:0/0) +M(C:0K, Fs:2, WS:8K # 8K, PF:0K # 0K, P:0K).</Data><Data>1 0</Data><Data>lgposAttach = 00000057:0008:0268,
dbv = 1568.300.620 (9620)</Data></EventData></Event><Event xmlns='http://schemas.microsoft.com/win/2004/08/events/event'><System><Provider Name='Microsoft-Windows-Security-SPP' Guid='{E23B33B0-C8C9-472C-A5F9-F2BDFEA0F156}' EventSourceName='Software Protection Platform Service'/><EventID Qualifiers='16384'>16384</EventID><Version>0</Version><Level>4</Level><Task>0</Task><Opcode>0</Opcode><Keywords>0x80000000000000</Keywords><TimeCreated SystemTime='2025-11-02T19:39:18.6042665Z'/><EventRecordID>76977</EventRecordID><Correlation/><Execution ProcessID='16160' ThreadID='0'/><Channel>Application</Channel><Computer>Redzep</Computer><Security/></System><EventData><Data>2025-11-03T23:49:18Z</Data><Data>RulesEngine</Data></EventData></Event><Event xmlns='http://schemas.microsoft.com/win/2004/08/events/event'><System><Provider Name='VSS'/><EventID Qualifiers='0'>8224</EventID><Version>0</Version><Level>4</Level><Task>0</Task><Opcode>0</Opcode><Keywords>0x80000000000000</Keywords><TimeCreated SystemTime='2025-11-02T19:41:44.0629108Z'/><EventRecordID>76978</EventRecordID><Correlation/><Execution ProcessID='6216' ThreadID='0'/><Channel>Application</Channel><Computer>Redzep</Computer><Security/></System><EventData><Data></Data><Binary>2D20436F64653A2020434F525356434330303030303737322D2043616C6C3A2020434F525356434330303030303735342D205049443A202030303030363231362D205449443A202030303031343533322D20434D443A2020433A5C57494E444F57535C73797374656D33325C76737376632E6578652020202D20557365723A204E616D653A204E5420415554484F524954595C53595354454D2C205349443A532D312D352D313820</Binary></EventData></Event><Event xmlns='http://schemas.microsoft.com/win/2004/08/events/event'><System><Provider Name='Microsoft-Windows-Security-SPP' Guid='{E23B33B0-C8C9-472C-A5F9-F2BDFEA0F156}' EventSourceName='Software Protection Platform Service'/><EventID Qualifiers='49152'>16394</EventID><Version>0</Version><Level>4</Level><Task>0</Task><Opcode>0</Opcode><Keywords>0x80000000000000</Keywords><TimeCreated SystemTime='2025-11-02T19:42:01.3099928Z'/><EventRecordID>76979</EventRecordID><Correlation/><Execution ProcessID='4124' ThreadID='0'/><Channel>Application</Channel><Computer>Redzep</Computer><Security/></System><EventData></EventData></Event><Event xmlns='http://schemas.microsoft.com/win/2004/08/events/event'><System><Provider Name='Microsoft-Windows-Security-SPP' Guid='{E23B33B0-C8C9-472C-A5F9-F2BDFEA0F156}' EventSourceName='Software Protection Platform Service'/><EventID Qualifiers='16384'>16384</EventID><Version>0</Version><Level>4</Level><Task>0</Task><Opcode>0</Opcode><Keywords>0x80000000000000</Keywords><TimeCreated SystemTime='2025-11-02T19:42:31.5538205Z'/><EventRecordID>76980</EventRecordID><Correlation/><Execution ProcessID='4124' ThreadID='0'/><Channel>Application</Channel><Computer>Redzep</Computer><Security/></System><EventData><Data>2025-11-03T23:49:31Z</Data><Data>RulesEngine</Data></EventData></Event><Event xmlns='http://schemas.microsoft.com/win/2004/08/events/event'><System><Provider Name='Microsoft-Windows-Security-SPP' Guid='{E23B33B0-C8C9-472C-A5F9-F2BDFEA0F156}' EventSourceName='Software Protection Platform Service'/><EventID Qualifiers='49152'>16394</EventID><Version>0</Version><Level>4</Level><Task>0</Task><Opcode>0</Opcode><Keywords>0x80000000000000</Keywords><TimeCreated SystemTime='2025-11-02T20:08:09.5523663Z'/><EventRecordID>76981</EventRecordID><Correlation/><Execution ProcessID='1492' ThreadID='0'/><Channel>Application</Channel><Computer>Redzep</Computer><Security/></System><EventData></EventData></Event><Event xmlns='http://schemas.microsoft.com/win/2004/08/events/event'><System><Provider Name='Microsoft-Windows-Security-SPP' Guid='{E23B33B0-C8C9-472C-A5F9-F2BDFEA0F156}' EventSourceName='Software Protection Platform Service'/><EventID Qualifiers='16384'>16384</EventID><Version>0</Version><Level>4</Level><Task>0</Task><Opcode>0</Opcode><Keywords>0x80000000000000</Keywords><TimeCreated SystemTime='2025-11-02T20:08:42.9939877Z'/><EventRecordID>76982</EventRecordID><Correlation/><Execution ProcessID='1492' ThreadID='0'/><Channel>Application</Channel><Computer>Redzep</Computer><Security/></System><EventData><Data>2025-11-03T23:49:42Z</Data><Data>RulesEngine</Data></EventData></Event><Event xmlns='http://schemas.microsoft.com/win/2004/08/events/event'><System><Provider Name='Microsoft-Windows-Security-SPP' Guid='{E23B33B0-C8C9-472C-A5F9-F2BDFEA0F156}' EventSourceName='Software Protection Platform Service'/><EventID Qualifiers='49152'>16394</EventID><Version>0</Version><Level>4</Level><Task>0</Task><Opcode>0</Opcode><Keywords>0x80000000000000</Keywords><TimeCreated SystemTime='2025-11-02T20:57:54.4877421Z'/><EventRecordID>76983</EventRecordID><Correlation/><Execution ProcessID='4904' ThreadID='0'/><Channel>Application</Channel><Computer>Redzep</Computer><Security/></System><EventData></EventData></Event><Event xmlns='http://schemas.microsoft.com/win/2004/08/events/event'><System><Provider Name='Microsoft-Windows-Security-SPP' Guid='{E23B33B0-C8C9-472C-A5F9-F2BDFEA0F156}' EventSourceName='Software Protection Platform Service'/><EventID Qualifiers='16384'>16384</EventID><Version>0</Version><Level>4</Level><Task>0</Task><Opcode>0</Opcode><Keywords>0x80000000000000</Keywords><TimeCreated SystemTime='2025-11-02T20:58:24.7258221Z'/><EventRecordID>76984</EventRecordID><Correlation/><Execution ProcessID='4904' ThreadID='0'/><Channel>Application</Channel><Computer>Redzep</Computer><Security/></System><EventData><Data>2025-11-03T23:49:24Z</Data><Data>RulesEngine</Data></EventData></Event><Event xmlns='http://schemas.microsoft.com/win/2004/08/events/event'><System><Provider Name='Microsoft-Windows-Security-SPP' Guid='{E23B33B0-C8C9-472C-A5F9-F2BDFEA0F156}' EventSourceName='Software Protection Platform Service'/><EventID Qualifiers='49152'>16394</EventID><Version>0</Version><Level>4</Level><Task>0</Task><Opcode>0</Opcode><Keywords>0x80000000000000</Keywords><TimeCreated SystemTime='2025-11-02T21:01:03.6280592Z'/><EventRecordID>76985</EventRecordID><Correlation/><Execution ProcessID='6664' ThreadID='0'/><Channel>Application</Channel><Computer>Redzep</Computer><Security/></System><EventData></EventData></Event><Event xmlns='http://schemas.microsoft.com/win/2004/08/events/event'><System><Provider Name='Microsoft-Windows-Security-SPP' Guid='{E23B33B0-C8C9-472C-A5F9-F2BDFEA0F156}' EventSourceName='Software Protection Platform Service'/><EventID Qualifiers='16384'>16384</EventID><Version>0</Version><Level>4</Level><Task>0</Task><Opcode>0</Opcode><Keywords>0x80000000000000</Keywords><TimeCreated SystemTime='2025-11-02T21:01:33.8503299Z'/><EventRecordID>76986</EventRecordID><Correlation/><Execution ProcessID='6664' ThreadID='0'/><Channel>Application</Channel><Computer>Redzep</Computer><Security/></System><EventData><Data>2025-11-03T23:49:33Z</Data><Data>RulesEngine</Data></EventData></Event><Event xmlns='http://schemas.microsoft.com/win/2004/08/events/event'><System><Provider Name='Microsoft-Windows-Winlogon' Guid='{DBE9B383-7CF3-4331-91CC-A3CB16A3B538}' EventSourceName='Wlclntfy'/><EventID Qualifiers='32768'>6000</EventID><Version>0</Version><Level>4</Level><Task>0</Task><Opcode>0</Opcode><Keywords>0x80000000000000</Keywords><TimeCreated SystemTime='2025-11-02T21:37:46.3911947Z'/><EventRecordID>76987</EventRecordID><Correlation/><Execution ProcessID='1204' ThreadID='0'/><Channel>Application</Channel><Computer>Redzep</Computer><Security/></System><EventData><Data>WSearch</Data><Binary>D9060000</Binary></EventData></Event><Event xmlns='http://schemas.microsoft.com/win/2004/08/events/event'><System><Provider Name='Microsoft-Windows-Winlogon' Guid='{DBE9B383-7CF3-4331-91CC-A3CB16A3B538}' EventSourceName='Wlclntfy'/><EventID Qualifiers='32768'>6000</EventID><Version>0</Version><Level>4</Level><Task>0</Task><Opcode>0</Opcode><Keywords>0x80000000000000</Keywords><TimeCreated SystemTime='2025-11-02T21:37:46.3947224Z'/><EventRecordID>76988</EventRecordID><Correlation/><Execution ProcessID='1204' ThreadID='0'/><Channel>Application</Channel><Computer>Redzep</Computer><Security/></System><EventData><Data>SessionEnv</Data><Binary>D9060000</Binary></EventData></Event><Event xmlns='http://schemas.microsoft.com/win/2004/08/events/event'><System><Provider Name='Microsoft-Windows-Winlogon' Guid='{DBE9B383-7CF3-4331-91CC-A3CB16A3B538}' EventSourceName='Wlclntfy'/><EventID Qualifiers='32768'>6000</EventID><Version>0</Version><Level>4</Level><Task>0</Task><Opcode>0</Opcode><Keywords>0x80000000000000</Keywords><TimeCreated SystemTime='2025-11-02T21:37:46.3953511Z'/><EventRecordID>76989</EventRecordID><Correlation/><Execution ProcessID='1204' ThreadID='0'/><Channel>Application</Channel><Computer>Redzep</Computer><Security/></System><EventData><Data>Wlansvc</Data><Binary>D9060000</Binary></EventData></Event><Event xmlns='http://schemas.microsoft.com/win/2004/08/events/event'><System><Provider Name='Microsoft-Windows-User Profiles Service' Guid='{89b1e9f0-5aff-44a6-9b44-0a07a7ce5845}'/><EventID>1532</EventID><Version>0</Version><Level>4</Level><Task>0</Task><Opcode>0</Opcode><Keywords>0x8000000000000000</Keywords><TimeCreated SystemTime='2025-11-02T21:38:02.6136537Z'/><EventRecordID>76990</EventRecordID><Correlation/><Execution ProcessID='2040' ThreadID='2116'/><Channel>Application</Channel><Computer>Redzep</Computer><Security UserID='S-1-5-18'/></System><EventData></EventData></Event><Event xmlns='http://schemas.microsoft.com/win/2004/08/events/event'><System><Provider Name='Microsoft-Windows-User Profiles Service' Guid='{89b1e9f0-5aff-44a6-9b44-0a07a7ce5845}'/><EventID>1531</EventID><Version>0</Version><Level>4</Level><Task>0</Task><Opcode>0</Opcode><Keywords>0x8000000000000000</Keywords><TimeCreated SystemTime='2025-11-03T04:22:31.0599720Z'/><EventRecordID>76991</EventRecordID><Correlation/><Execution ProcessID='2028' ThreadID='1008'/><Channel>Application</Channel><Computer>Redzep</Computer><Security UserID='S-1-5-18'/></System><EventData></EventData></Event><Event xmlns='http://schemas.microsoft.com/win/2004/08/events/event'><System><Provider Name='AsusUpdateCheck'/><EventID Qualifiers='0'>0</EventID><Version>0</Version><Level>4</Level><Task>0</Task><Opcode>0</Opcode><Keywords>0x80000000000000</Keywords><TimeCreated SystemTime='2025-11-03T04:22:32.0733697Z'/><EventRecordID>76992</EventRecordID><Correlation/><Execution ProcessID='3716' ThreadID='0'/><Channel>Application</Channel><Computer>Redzep</Computer><Security/></System><EventData><Data>AsusUpdateCheck</Data><Data>CServiceControl in OnStart</Data></EventData></Event><Event xmlns='http://schemas.microsoft.com/win/2004/08/events/event'><System><Provider Name='IntelDalJhi'/><EventID Qualifiers='16384'>0</EventID><Version>0</Version><Level>4</Level><Task>0</Task><Opcode>0</Opcode><Keywords>0x80000000000000</Keywords><TimeCreated SystemTime='2025-11-03T04:22:32.1284352Z'/><EventRecordID>76993</EventRecordID><Correlation/><Execution ProcessID='4036' ThreadID='0'/><Channel>Application</Channel><Computer>Redzep</Computer><Security/></System><EventData></EventData></Event><Event xmlns='http://schemas.microsoft.com/win/2004/08/events/event'><System><Provider Name='WMIRegistrationService'/><EventID Qualifiers='16384'>0</EventID><Version>0</Version><Level>4</Level><Task>0</Task><Opcode>0</Opcode><Keywords>0x80000000000000</Keywords><TimeCreated SystemTime='2025-11-03T04:22:32.5676141Z'/><EventRecordID>76994</EventRecordID><Correlation/><Execution ProcessID='4176' ThreadID='0'/><Channel>Application</Channel><Computer>Redzep</Computer><Security/></System><EventData></EventData></Event><Event xmlns='http://schemas.microsoft.com/win/2004/08/events/event'><System><Provider Name='Microsoft-Windows-WMI' Guid='{1edeee53-0afe-4609-b846-d8c0b2075b1f}'/><EventID>5615</EventID><Version>2</Version><Level>4</Level><Task>0</Task><Opcode>0</Opcode><Keywords>0x8000000000000000</Keywords><TimeCreated SystemTime='2025-11-03T04:22:32.1319246Z'/><EventRecordID>76995</EventRecordID><Correlation/><Execution ProcessID='3956' ThreadID='4796'/><Channel>Application</Channel><Computer>Redzep</Computer><Security UserID='S-1-5-18'/></System><EventData></EventData></Event><Event xmlns='http://schemas.microsoft.com/win/2004/08/events/event'><System><Provider Name='Microsoft-Windows-Search' Guid='{CA4E628D-8567-4896-AB6B-835B221F373F}' EventSourceName='Windows Search Service'/><EventID Qualifiers='16384'>1003</EventID><Version>0</Version><Level>4</Level><Task>1</Task><Opcode>0</Opcode><Keywords>0x80000000000000</Keywords><TimeCreated SystemTime='2025-11-03T04:22:33.2983897Z'/><EventRecordID>76996</EventRecordID><Correlation/><Execution ProcessID='4208' ThreadID='0'/><Channel>Application</Channel><Computer>Redzep</Computer><Security/></System><EventData><Data Name='ExtraInfo'>
</Data></EventData></Event><Event xmlns='http://schemas.microsoft.com/win/2004/08/events/event'><System><Provider Name='Microsoft-Windows-WMI' Guid='{1edeee53-0afe-4609-b846-d8c0b2075b1f}'/><EventID>5617</EventID><Version>2</Version><Level>4</Level><Task>0</Task><Opcode>0</Opcode><Keywords>0x8000000000000000</Keywords><TimeCreated SystemTime='2025-11-03T04:22:33.1671474Z'/><EventRecordID>76997</EventRecordID><Correlation/><Execution ProcessID='3956' ThreadID='5172'/><Channel>Application</Channel><Computer>Redzep</Computer><Security UserID='S-1-5-18'/></System><EventData></EventData></Event><Event xmlns='http://schemas.microsoft.com/win/2004/08/events/event'><System><Provider Name='Microsoft-Windows-Winlogon' Guid='{DBE9B383-7CF3-4331-91CC-A3CB16A3B538}' EventSourceName='Wlclntfy'/><EventID Qualifiers='32768'>6003</EventID><Version>0</Version><Level>4</Level><Task>0</Task><Opcode>0</Opcode><Keywords>0x80000000000000</Keywords><TimeCreated SystemTime='2025-11-03T04:22:34.6030628Z'/><EventRecordID>76998</EventRecordID><Correlation/><Execution ProcessID='1200' ThreadID='0'/><Channel>Application</Channel><Computer>Redzep</Computer><Security/></System><EventData><Data>SessionEnv</Data><Binary>D9060000</Binary></EventData></Event><Event xmlns='http://schemas.microsoft.com/win/2004/08/events/event'><System><Provider Name='Microsoft-Windows-Winlogon' Guid='{DBE9B383-7CF3-4331-91CC-A3CB16A3B538}' EventSourceName='Wlclntfy'/><EventID Qualifiers='32768'>6000</EventID><Version>0</Version><Level>4</Level><Task>0</Task><Opcode>0</Opcode><Keywords>0x80000000000000</Keywords><TimeCreated SystemTime='2025-11-03T04:22:38.5178418Z'/><EventRecordID>76999</EventRecordID><Correlation/><Execution ProcessID='1200' ThreadID='0'/><Channel>Application</Channel><Computer>Redzep</Computer><Security/></System><EventData><Data>SessionEnv</Data><Binary>D9060000</Binary></EventData></Event>